[0.475s] Invoking command in '/home/lzf/chapt9/fishbot_ws/src/ros_serial2wifi': DEBUGINFOD_URLS=https://debuginfod.ubuntu.com PYTHONPATH=/home/lzf/chapt9/fishbot_ws/build/ros_serial2wifi/prefix_override:/usr/lib/python3/dist-packages/colcon_core/task/python/colcon_distutils_commands:/home/lzf/chapt9/fishbot_ws/install/ros_serial2wifi/lib/python3.12/site-packages:${PYTHONPATH} ROS_DOMAIN_ID=28 /usr/bin/python3 -W ignore:setup.py install is deprecated -W ignore:easy_install command is deprecated setup.py egg_info --egg-base ../../build/ros_serial2wifi build --build-base /home/lzf/chapt9/fishbot_ws/build/ros_serial2wifi/build install --record /home/lzf/chapt9/fishbot_ws/build/ros_serial2wifi/install.log --single-version-externally-managed install_data
[0.635s] running egg_info
[0.646s] writing ../../build/ros_serial2wifi/ros_serial2wifi.egg-info/PKG-INFO
[0.646s] writing dependency_links to ../../build/ros_serial2wifi/ros_serial2wifi.egg-info/dependency_links.txt
[0.646s] writing entry points to ../../build/ros_serial2wifi/ros_serial2wifi.egg-info/entry_points.txt
[0.646s] writing requirements to ../../build/ros_serial2wifi/ros_serial2wifi.egg-info/requires.txt
[0.646s] writing top-level names to ../../build/ros_serial2wifi/ros_serial2wifi.egg-info/top_level.txt
[0.669s] reading manifest file '../../build/ros_serial2wifi/ros_serial2wifi.egg-info/SOURCES.txt'
[0.669s] writing manifest file '../../build/ros_serial2wifi/ros_serial2wifi.egg-info/SOURCES.txt'
[0.669s] running build
[0.669s] running build_py
[0.669s] running install
[0.672s] running install_lib
[0.683s] running install_data
[0.683s] running install_egg_info
[0.695s] removing '/home/lzf/chapt9/fishbot_ws/install/ros_serial2wifi/lib/python3.12/site-packages/ros_serial2wifi-0.0.0-py3.12.egg-info' (and everything under it)
[0.695s] Copying ../../build/ros_serial2wifi/ros_serial2wifi.egg-info to /home/lzf/chapt9/fishbot_ws/install/ros_serial2wifi/lib/python3.12/site-packages/ros_serial2wifi-0.0.0-py3.12.egg-info
[0.695s] running install_scripts
[0.770s] Installing tcp_server script to /home/lzf/chapt9/fishbot_ws/install/ros_serial2wifi/lib/ros_serial2wifi
[0.770s] Installing udp_server script to /home/lzf/chapt9/fishbot_ws/install/ros_serial2wifi/lib/ros_serial2wifi
[0.770s] writing list of installed files to '/home/lzf/chapt9/fishbot_ws/build/ros_serial2wifi/install.log'
[0.783s] Invoked command in '/home/lzf/chapt9/fishbot_ws/src/ros_serial2wifi' returned '0': DEBUGINFOD_URLS=https://debuginfod.ubuntu.com PYTHONPATH=/home/lzf/chapt9/fishbot_ws/build/ros_serial2wifi/prefix_override:/usr/lib/python3/dist-packages/colcon_core/task/python/colcon_distutils_commands:/home/lzf/chapt9/fishbot_ws/install/ros_serial2wifi/lib/python3.12/site-packages:${PYTHONPATH} ROS_DOMAIN_ID=28 /usr/bin/python3 -W ignore:setup.py install is deprecated -W ignore:easy_install command is deprecated setup.py egg_info --egg-base ../../build/ros_serial2wifi build --build-base /home/lzf/chapt9/fishbot_ws/build/ros_serial2wifi/build install --record /home/lzf/chapt9/fishbot_ws/build/ros_serial2wifi/install.log --single-version-externally-managed install_data
