[0.024s] Invoking command in '/home/lzf/chapt9/fishbot_ws/build/micro_ros_msgs': CMAKE_PREFIX_PATH=/home/lzf/ros2_rmf_ws/install/rmf_workcell_msgs:/home/lzf/ros2_rmf_ws/install/rmf_demos_gz:/home/lzf/ros2_rmf_ws/install/rmf_demos:/home/lzf/ros2_rmf_ws/install/rmf_fleet_adapter_python:/home/lzf/ros2_rmf_ws/install/rmf_fleet_adapter:/home/lzf/ros2_rmf_ws/install/rmf_task_ros2:/home/lzf/ros2_rmf_ws/install/rmf_websocket:/home/lzf/ros2_rmf_ws/install/rmf_visualization:/home/lzf/ros2_rmf_ws/install/rmf_visualization_schedule:/home/lzf/ros2_rmf_ws/install/rmf_visualization_rviz2_plugins:/home/lzf/ros2_rmf_ws/install/rmf_visualization_obstacles:/home/lzf/ros2_rmf_ws/install/rmf_visualization_navgraphs:/home/lzf/ros2_rmf_ws/install/rmf_visualization_floorplans:/home/lzf/ros2_rmf_ws/install/rmf_visualization_fleet_states:/home/lzf/ros2_rmf_ws/install/rmf_visualization_msgs:/home/lzf/ros2_rmf_ws/install/rmf_traffic_ros2:/home/lzf/ros2_rmf_ws/install/rmf_task_sequence:/home/lzf/ros2_rmf_ws/install/rmf_task:/home/lzf/ros2_rmf_ws/install/rmf_battery:/home/lzf/ros2_rmf_ws/install/rmf_traffic:/home/lzf/ros2_rmf_ws/install/rmf_utils:/home/lzf/ros2_rmf_ws/install/rmf_traffic_msgs:/home/lzf/ros2_rmf_ws/install/rmf_traffic_editor_test_maps:/home/lzf/ros2_rmf_ws/install/rmf_traffic_editor_assets:/home/lzf/ros2_rmf_ws/install/rmf_traffic_editor:/home/lzf/ros2_rmf_ws/install/rmf_task_msgs:/home/lzf/ros2_rmf_ws/install/rmf_site_map_msgs:/home/lzf/ros2_rmf_ws/install/rmf_scheduler_msgs:/home/lzf/ros2_rmf_ws/install/rmf_robot_sim_gz_plugins:/home/lzf/ros2_rmf_ws/install/rmf_robot_sim_common:/home/lzf/ros2_rmf_ws/install/rmf_obstacle_msgs:/home/lzf/ros2_rmf_ws/install/rmf_building_sim_gz_plugins:/home/lzf/ros2_rmf_ws/install/rmf_lift_msgs:/home/lzf/ros2_rmf_ws/install/rmf_ingestor_msgs:/home/lzf/ros2_rmf_ws/install/rmf_fleet_msgs:/home/lzf/ros2_rmf_ws/install/rmf_door_msgs:/home/lzf/ros2_rmf_ws/install/rmf_demos_maps:/home/lzf/ros2_rmf_ws/install/rmf_demos_assets:/home/lzf/ros2_rmf_ws/install/rmf_charger_msgs:/home/lzf/ros2_rmf_ws/install/rmf_api_msgs:/home/lzf/ros2_rmf_ws/install/pybind11_json_vendor:/home/lzf/ros2_rmf_ws/install/nlohmann_json_schema_validator_vendor:/home/lzf/ros2_rmf_ws/install/rmf_demos_fleet_adapter:/home/lzf/ros2_rmf_ws/install/rmf_visualization_building_systems:/home/lzf/ros2_rmf_ws/install/rmf_traffic_examples:/home/lzf/ros2_rmf_ws/install/rmf_demos_bridges:/home/lzf/ros2_rmf_ws/install/rmf_demos_tasks:/home/lzf/ros2_rmf_ws/install/rmf_building_map_tools:/home/lzf/ros2_rmf_ws/install/rmf_charging_schedule:/home/lzf/ros2_rmf_ws/install/rmf_dispenser_msgs:/home/lzf/ros2_rmf_ws/install/rmf_building_map_msgs:/home/lzf/ros2_rmf_ws/install/case_study2_pointcloud_viz:/home/lzf/ros2_rmf_ws/install/case_study2_gazebo:/home/lzf/ros2_free_fleet_ws/install/free_fleet:/opt/ros/jazzy:/home/lzf/ros2_rmf_ws/install/menge_vendor:/home/lzf/ros2_rmf_ws/install/ament_cmake_catch2:/home/lzf/ros2_rmf_map_ws/install/rmf_burger_maps:/home/lzf/ros2_free_fleet_ws/install/free_fleet_examples:/home/lzf/ros2_free_fleet_ws/install/free_fleet_adapter:/opt/ros/jazzy/opt/gz_sim_vendor:/opt/ros/jazzy/opt/gz_sensors_vendor:/opt/ros/jazzy/opt/gz_physics_vendor:/opt/ros/jazzy/opt/sdformat_vendor:/opt/ros/jazzy/opt/gz_gui_vendor:/opt/ros/jazzy/opt/gz_transport_vendor:/opt/ros/jazzy/opt/gz_rendering_vendor:/opt/ros/jazzy/opt/gz_plugin_vendor:/opt/ros/jazzy/opt/gz_fuel_tools_vendor:/opt/ros/jazzy/opt/gz_msgs_vendor:/opt/ros/jazzy/opt/gz_common_vendor:/opt/ros/jazzy/opt/gz_math_vendor:/opt/ros/jazzy/opt/gz_utils_vendor:/opt/ros/jazzy/opt/gz_tools_vendor:/opt/ros/jazzy/opt/gz_ogre_next_vendor:/opt/ros/jazzy/opt/gz_dartsim_vendor:/opt/ros/jazzy/opt/gz_cmake_vendor DEBUGINFOD_URLS=https://debuginfod.ubuntu.com ROS_DOMAIN_ID=87 /usr/bin/cmake --build /home/lzf/chapt9/fishbot_ws/build/micro_ros_msgs -- -j28 -l28
[0.151s] [  1%] Built target micro_ros_msgs__rs
[0.151s] [  3%] Built target micro_ros_msgs__rosidl_generator_type_description
[0.151s] [  3%] Built target ament_cmake_python_copy_micro_ros_msgs
[0.152s] [  5%] Built target micro_ros_msgs__cpp
[0.152s] [ 25%] Built target micro_ros_msgs__rosidl_generator_c
[0.152s] [ 34%] Built target micro_ros_msgs__rosidl_typesupport_c
[0.152s] [ 43%] Built target micro_ros_msgs__rosidl_typesupport_introspection_cpp
[0.152s] [ 52%] Built target micro_ros_msgs__rosidl_typesupport_fastrtps_cpp
[0.152s] [ 70%] Built target micro_ros_msgs__rosidl_typesupport_cpp
[0.152s] [ 70%] Built target micro_ros_msgs__rosidl_typesupport_introspection_c
[0.152s] [ 80%] Built target micro_ros_msgs__rosidl_typesupport_fastrtps_c
[0.152s] [ 80%] Built target micro_ros_msgs
[0.153s] [ 81%] Built target micro_ros_msgs__py
[0.172s] [ 89%] Built target micro_ros_msgs__rosidl_generator_py
[0.188s] [ 96%] Built target micro_ros_msgs_s__rosidl_typesupport_fastrtps_c
[0.188s] [ 96%] Built target micro_ros_msgs_s__rosidl_typesupport_introspection_c
[0.188s] [100%] Built target micro_ros_msgs_s__rosidl_typesupport_c
[0.225s] running egg_info
[0.237s] writing micro_ros_msgs.egg-info/PKG-INFO
[0.237s] writing dependency_links to micro_ros_msgs.egg-info/dependency_links.txt
[0.237s] writing top-level names to micro_ros_msgs.egg-info/top_level.txt
[0.271s] reading manifest file 'micro_ros_msgs.egg-info/SOURCES.txt'
[0.271s] writing manifest file 'micro_ros_msgs.egg-info/SOURCES.txt'
[0.286s] [100%] Built target ament_cmake_python_build_micro_ros_msgs_egg
[0.295s] Invoked command in '/home/lzf/chapt9/fishbot_ws/build/micro_ros_msgs' returned '0': CMAKE_PREFIX_PATH=/home/lzf/ros2_rmf_ws/install/rmf_workcell_msgs:/home/lzf/ros2_rmf_ws/install/rmf_demos_gz:/home/lzf/ros2_rmf_ws/install/rmf_demos:/home/lzf/ros2_rmf_ws/install/rmf_fleet_adapter_python:/home/lzf/ros2_rmf_ws/install/rmf_fleet_adapter:/home/lzf/ros2_rmf_ws/install/rmf_task_ros2:/home/lzf/ros2_rmf_ws/install/rmf_websocket:/home/lzf/ros2_rmf_ws/install/rmf_visualization:/home/lzf/ros2_rmf_ws/install/rmf_visualization_schedule:/home/lzf/ros2_rmf_ws/install/rmf_visualization_rviz2_plugins:/home/lzf/ros2_rmf_ws/install/rmf_visualization_obstacles:/home/lzf/ros2_rmf_ws/install/rmf_visualization_navgraphs:/home/lzf/ros2_rmf_ws/install/rmf_visualization_floorplans:/home/lzf/ros2_rmf_ws/install/rmf_visualization_fleet_states:/home/lzf/ros2_rmf_ws/install/rmf_visualization_msgs:/home/lzf/ros2_rmf_ws/install/rmf_traffic_ros2:/home/lzf/ros2_rmf_ws/install/rmf_task_sequence:/home/lzf/ros2_rmf_ws/install/rmf_task:/home/lzf/ros2_rmf_ws/install/rmf_battery:/home/lzf/ros2_rmf_ws/install/rmf_traffic:/home/lzf/ros2_rmf_ws/install/rmf_utils:/home/lzf/ros2_rmf_ws/install/rmf_traffic_msgs:/home/lzf/ros2_rmf_ws/install/rmf_traffic_editor_test_maps:/home/lzf/ros2_rmf_ws/install/rmf_traffic_editor_assets:/home/lzf/ros2_rmf_ws/install/rmf_traffic_editor:/home/lzf/ros2_rmf_ws/install/rmf_task_msgs:/home/lzf/ros2_rmf_ws/install/rmf_site_map_msgs:/home/lzf/ros2_rmf_ws/install/rmf_scheduler_msgs:/home/lzf/ros2_rmf_ws/install/rmf_robot_sim_gz_plugins:/home/lzf/ros2_rmf_ws/install/rmf_robot_sim_common:/home/lzf/ros2_rmf_ws/install/rmf_obstacle_msgs:/home/lzf/ros2_rmf_ws/install/rmf_building_sim_gz_plugins:/home/lzf/ros2_rmf_ws/install/rmf_lift_msgs:/home/lzf/ros2_rmf_ws/install/rmf_ingestor_msgs:/home/lzf/ros2_rmf_ws/install/rmf_fleet_msgs:/home/lzf/ros2_rmf_ws/install/rmf_door_msgs:/home/lzf/ros2_rmf_ws/install/rmf_demos_maps:/home/lzf/ros2_rmf_ws/install/rmf_demos_assets:/home/lzf/ros2_rmf_ws/install/rmf_charger_msgs:/home/lzf/ros2_rmf_ws/install/rmf_api_msgs:/home/lzf/ros2_rmf_ws/install/pybind11_json_vendor:/home/lzf/ros2_rmf_ws/install/nlohmann_json_schema_validator_vendor:/home/lzf/ros2_rmf_ws/install/rmf_demos_fleet_adapter:/home/lzf/ros2_rmf_ws/install/rmf_visualization_building_systems:/home/lzf/ros2_rmf_ws/install/rmf_traffic_examples:/home/lzf/ros2_rmf_ws/install/rmf_demos_bridges:/home/lzf/ros2_rmf_ws/install/rmf_demos_tasks:/home/lzf/ros2_rmf_ws/install/rmf_building_map_tools:/home/lzf/ros2_rmf_ws/install/rmf_charging_schedule:/home/lzf/ros2_rmf_ws/install/rmf_dispenser_msgs:/home/lzf/ros2_rmf_ws/install/rmf_building_map_msgs:/home/lzf/ros2_rmf_ws/install/case_study2_pointcloud_viz:/home/lzf/ros2_rmf_ws/install/case_study2_gazebo:/home/lzf/ros2_free_fleet_ws/install/free_fleet:/opt/ros/jazzy:/home/lzf/ros2_rmf_ws/install/menge_vendor:/home/lzf/ros2_rmf_ws/install/ament_cmake_catch2:/home/lzf/ros2_rmf_map_ws/install/rmf_burger_maps:/home/lzf/ros2_free_fleet_ws/install/free_fleet_examples:/home/lzf/ros2_free_fleet_ws/install/free_fleet_adapter:/opt/ros/jazzy/opt/gz_sim_vendor:/opt/ros/jazzy/opt/gz_sensors_vendor:/opt/ros/jazzy/opt/gz_physics_vendor:/opt/ros/jazzy/opt/sdformat_vendor:/opt/ros/jazzy/opt/gz_gui_vendor:/opt/ros/jazzy/opt/gz_transport_vendor:/opt/ros/jazzy/opt/gz_rendering_vendor:/opt/ros/jazzy/opt/gz_plugin_vendor:/opt/ros/jazzy/opt/gz_fuel_tools_vendor:/opt/ros/jazzy/opt/gz_msgs_vendor:/opt/ros/jazzy/opt/gz_common_vendor:/opt/ros/jazzy/opt/gz_math_vendor:/opt/ros/jazzy/opt/gz_utils_vendor:/opt/ros/jazzy/opt/gz_tools_vendor:/opt/ros/jazzy/opt/gz_ogre_next_vendor:/opt/ros/jazzy/opt/gz_dartsim_vendor:/opt/ros/jazzy/opt/gz_cmake_vendor DEBUGINFOD_URLS=https://debuginfod.ubuntu.com ROS_DOMAIN_ID=87 /usr/bin/cmake --build /home/lzf/chapt9/fishbot_ws/build/micro_ros_msgs -- -j28 -l28
[0.296s] Invoking command in '/home/lzf/chapt9/fishbot_ws/build/micro_ros_msgs': CMAKE_PREFIX_PATH=/home/lzf/ros2_rmf_ws/install/rmf_workcell_msgs:/home/lzf/ros2_rmf_ws/install/rmf_demos_gz:/home/lzf/ros2_rmf_ws/install/rmf_demos:/home/lzf/ros2_rmf_ws/install/rmf_fleet_adapter_python:/home/lzf/ros2_rmf_ws/install/rmf_fleet_adapter:/home/lzf/ros2_rmf_ws/install/rmf_task_ros2:/home/lzf/ros2_rmf_ws/install/rmf_websocket:/home/lzf/ros2_rmf_ws/install/rmf_visualization:/home/lzf/ros2_rmf_ws/install/rmf_visualization_schedule:/home/lzf/ros2_rmf_ws/install/rmf_visualization_rviz2_plugins:/home/lzf/ros2_rmf_ws/install/rmf_visualization_obstacles:/home/lzf/ros2_rmf_ws/install/rmf_visualization_navgraphs:/home/lzf/ros2_rmf_ws/install/rmf_visualization_floorplans:/home/lzf/ros2_rmf_ws/install/rmf_visualization_fleet_states:/home/lzf/ros2_rmf_ws/install/rmf_visualization_msgs:/home/lzf/ros2_rmf_ws/install/rmf_traffic_ros2:/home/lzf/ros2_rmf_ws/install/rmf_task_sequence:/home/lzf/ros2_rmf_ws/install/rmf_task:/home/lzf/ros2_rmf_ws/install/rmf_battery:/home/lzf/ros2_rmf_ws/install/rmf_traffic:/home/lzf/ros2_rmf_ws/install/rmf_utils:/home/lzf/ros2_rmf_ws/install/rmf_traffic_msgs:/home/lzf/ros2_rmf_ws/install/rmf_traffic_editor_test_maps:/home/lzf/ros2_rmf_ws/install/rmf_traffic_editor_assets:/home/lzf/ros2_rmf_ws/install/rmf_traffic_editor:/home/lzf/ros2_rmf_ws/install/rmf_task_msgs:/home/lzf/ros2_rmf_ws/install/rmf_site_map_msgs:/home/lzf/ros2_rmf_ws/install/rmf_scheduler_msgs:/home/lzf/ros2_rmf_ws/install/rmf_robot_sim_gz_plugins:/home/lzf/ros2_rmf_ws/install/rmf_robot_sim_common:/home/lzf/ros2_rmf_ws/install/rmf_obstacle_msgs:/home/lzf/ros2_rmf_ws/install/rmf_building_sim_gz_plugins:/home/lzf/ros2_rmf_ws/install/rmf_lift_msgs:/home/lzf/ros2_rmf_ws/install/rmf_ingestor_msgs:/home/lzf/ros2_rmf_ws/install/rmf_fleet_msgs:/home/lzf/ros2_rmf_ws/install/rmf_door_msgs:/home/lzf/ros2_rmf_ws/install/rmf_demos_maps:/home/lzf/ros2_rmf_ws/install/rmf_demos_assets:/home/lzf/ros2_rmf_ws/install/rmf_charger_msgs:/home/lzf/ros2_rmf_ws/install/rmf_api_msgs:/home/lzf/ros2_rmf_ws/install/pybind11_json_vendor:/home/lzf/ros2_rmf_ws/install/nlohmann_json_schema_validator_vendor:/home/lzf/ros2_rmf_ws/install/rmf_demos_fleet_adapter:/home/lzf/ros2_rmf_ws/install/rmf_visualization_building_systems:/home/lzf/ros2_rmf_ws/install/rmf_traffic_examples:/home/lzf/ros2_rmf_ws/install/rmf_demos_bridges:/home/lzf/ros2_rmf_ws/install/rmf_demos_tasks:/home/lzf/ros2_rmf_ws/install/rmf_building_map_tools:/home/lzf/ros2_rmf_ws/install/rmf_charging_schedule:/home/lzf/ros2_rmf_ws/install/rmf_dispenser_msgs:/home/lzf/ros2_rmf_ws/install/rmf_building_map_msgs:/home/lzf/ros2_rmf_ws/install/case_study2_pointcloud_viz:/home/lzf/ros2_rmf_ws/install/case_study2_gazebo:/home/lzf/ros2_free_fleet_ws/install/free_fleet:/opt/ros/jazzy:/home/lzf/ros2_rmf_ws/install/menge_vendor:/home/lzf/ros2_rmf_ws/install/ament_cmake_catch2:/home/lzf/ros2_rmf_map_ws/install/rmf_burger_maps:/home/lzf/ros2_free_fleet_ws/install/free_fleet_examples:/home/lzf/ros2_free_fleet_ws/install/free_fleet_adapter:/opt/ros/jazzy/opt/gz_sim_vendor:/opt/ros/jazzy/opt/gz_sensors_vendor:/opt/ros/jazzy/opt/gz_physics_vendor:/opt/ros/jazzy/opt/sdformat_vendor:/opt/ros/jazzy/opt/gz_gui_vendor:/opt/ros/jazzy/opt/gz_transport_vendor:/opt/ros/jazzy/opt/gz_rendering_vendor:/opt/ros/jazzy/opt/gz_plugin_vendor:/opt/ros/jazzy/opt/gz_fuel_tools_vendor:/opt/ros/jazzy/opt/gz_msgs_vendor:/opt/ros/jazzy/opt/gz_common_vendor:/opt/ros/jazzy/opt/gz_math_vendor:/opt/ros/jazzy/opt/gz_utils_vendor:/opt/ros/jazzy/opt/gz_tools_vendor:/opt/ros/jazzy/opt/gz_ogre_next_vendor:/opt/ros/jazzy/opt/gz_dartsim_vendor:/opt/ros/jazzy/opt/gz_cmake_vendor DEBUGINFOD_URLS=https://debuginfod.ubuntu.com ROS_DOMAIN_ID=87 /usr/bin/cmake --install /home/lzf/chapt9/fishbot_ws/build/micro_ros_msgs
[0.302s] -- Install configuration: ""
[0.303s] -- Up-to-date: /home/lzf/chapt9/fishbot_ws/install/micro_ros_msgs/share/ament_index/resource_index/rosidl_interfaces/micro_ros_msgs
[0.303s] -- Up-to-date: /home/lzf/chapt9/fishbot_ws/install/micro_ros_msgs/share/micro_ros_msgs/msg/Graph.json
[0.303s] -- Up-to-date: /home/lzf/chapt9/fishbot_ws/install/micro_ros_msgs/share/micro_ros_msgs/msg/Node.json
[0.303s] -- Up-to-date: /home/lzf/chapt9/fishbot_ws/install/micro_ros_msgs/share/micro_ros_msgs/msg/Entity.json
[0.303s] -- Up-to-date: /home/lzf/chapt9/fishbot_ws/install/micro_ros_msgs/include/micro_ros_msgs/micro_ros_msgs
[0.303s] -- Up-to-date: /home/lzf/chapt9/fishbot_ws/install/micro_ros_msgs/include/micro_ros_msgs/micro_ros_msgs/msg
[0.303s] -- Up-to-date: /home/lzf/chapt9/fishbot_ws/install/micro_ros_msgs/include/micro_ros_msgs/micro_ros_msgs/msg/rosidl_generator_c__visibility_control.h
[0.303s] -- Up-to-date: /home/lzf/chapt9/fishbot_ws/install/micro_ros_msgs/include/micro_ros_msgs/micro_ros_msgs/msg/graph.h
[0.303s] -- Up-to-date: /home/lzf/chapt9/fishbot_ws/install/micro_ros_msgs/include/micro_ros_msgs/micro_ros_msgs/msg/detail
[0.303s] -- Up-to-date: /home/lzf/chapt9/fishbot_ws/install/micro_ros_msgs/include/micro_ros_msgs/micro_ros_msgs/msg/detail/entity__description.c
[0.303s] -- Up-to-date: /home/lzf/chapt9/fishbot_ws/install/micro_ros_msgs/include/micro_ros_msgs/micro_ros_msgs/msg/detail/graph__type_support.h
[0.303s] -- Up-to-date: /home/lzf/chapt9/fishbot_ws/install/micro_ros_msgs/include/micro_ros_msgs/micro_ros_msgs/msg/detail/node__struct.h
[0.303s] -- Up-to-date: /home/lzf/chapt9/fishbot_ws/install/micro_ros_msgs/include/micro_ros_msgs/micro_ros_msgs/msg/detail/node__functions.h
[0.303s] -- Up-to-date: /home/lzf/chapt9/fishbot_ws/install/micro_ros_msgs/include/micro_ros_msgs/micro_ros_msgs/msg/detail/entity__functions.c
[0.303s] -- Up-to-date: /home/lzf/chapt9/fishbot_ws/install/micro_ros_msgs/include/micro_ros_msgs/micro_ros_msgs/msg/detail/entity__struct.h
[0.303s] -- Up-to-date: /home/lzf/chapt9/fishbot_ws/install/micro_ros_msgs/include/micro_ros_msgs/micro_ros_msgs/msg/detail/graph__struct.h
[0.303s] -- Up-to-date: /home/lzf/chapt9/fishbot_ws/install/micro_ros_msgs/include/micro_ros_msgs/micro_ros_msgs/msg/detail/graph__functions.c
[0.303s] -- Up-to-date: /home/lzf/chapt9/fishbot_ws/install/micro_ros_msgs/include/micro_ros_msgs/micro_ros_msgs/msg/detail/entity__type_support.c
[0.303s] -- Up-to-date: /home/lzf/chapt9/fishbot_ws/install/micro_ros_msgs/include/micro_ros_msgs/micro_ros_msgs/msg/detail/graph__description.c
[0.303s] -- Up-to-date: /home/lzf/chapt9/fishbot_ws/install/micro_ros_msgs/include/micro_ros_msgs/micro_ros_msgs/msg/detail/node__type_support.h
[0.303s] -- Up-to-date: /home/lzf/chapt9/fishbot_ws/install/micro_ros_msgs/include/micro_ros_msgs/micro_ros_msgs/msg/detail/graph__functions.h
[0.303s] -- Up-to-date: /home/lzf/chapt9/fishbot_ws/install/micro_ros_msgs/include/micro_ros_msgs/micro_ros_msgs/msg/detail/node__description.c
[0.303s] -- Up-to-date: /home/lzf/chapt9/fishbot_ws/install/micro_ros_msgs/include/micro_ros_msgs/micro_ros_msgs/msg/detail/entity__functions.h
[0.303s] -- Up-to-date: /home/lzf/chapt9/fishbot_ws/install/micro_ros_msgs/include/micro_ros_msgs/micro_ros_msgs/msg/detail/node__functions.c
[0.303s] -- Up-to-date: /home/lzf/chapt9/fishbot_ws/install/micro_ros_msgs/include/micro_ros_msgs/micro_ros_msgs/msg/detail/entity__type_support.h
[0.304s] -- Up-to-date: /home/lzf/chapt9/fishbot_ws/install/micro_ros_msgs/include/micro_ros_msgs/micro_ros_msgs/msg/detail/node__type_support.c
[0.304s] -- Up-to-date: /home/lzf/chapt9/fishbot_ws/install/micro_ros_msgs/include/micro_ros_msgs/micro_ros_msgs/msg/detail/graph__type_support.c
[0.304s] -- Up-to-date: /home/lzf/chapt9/fishbot_ws/install/micro_ros_msgs/include/micro_ros_msgs/micro_ros_msgs/msg/node.h
[0.304s] -- Up-to-date: /home/lzf/chapt9/fishbot_ws/install/micro_ros_msgs/include/micro_ros_msgs/micro_ros_msgs/msg/entity.h
[0.304s] -- Up-to-date: /home/lzf/chapt9/fishbot_ws/install/micro_ros_msgs/share/micro_ros_msgs/environment/library_path.sh
[0.304s] -- Up-to-date: /home/lzf/chapt9/fishbot_ws/install/micro_ros_msgs/share/micro_ros_msgs/environment/library_path.dsv
[0.304s] -- Up-to-date: /home/lzf/chapt9/fishbot_ws/install/micro_ros_msgs/lib/libmicro_ros_msgs__rosidl_generator_c.so
[0.304s] -- Up-to-date: /home/lzf/chapt9/fishbot_ws/install/micro_ros_msgs/include/micro_ros_msgs/micro_ros_msgs
[0.304s] -- Up-to-date: /home/lzf/chapt9/fishbot_ws/install/micro_ros_msgs/include/micro_ros_msgs/micro_ros_msgs/msg
[0.304s] -- Up-to-date: /home/lzf/chapt9/fishbot_ws/install/micro_ros_msgs/include/micro_ros_msgs/micro_ros_msgs/msg/rosidl_typesupport_fastrtps_c__visibility_control.h
[0.304s] -- Up-to-date: /home/lzf/chapt9/fishbot_ws/install/micro_ros_msgs/include/micro_ros_msgs/micro_ros_msgs/msg/detail
[0.304s] -- Up-to-date: /home/lzf/chapt9/fishbot_ws/install/micro_ros_msgs/include/micro_ros_msgs/micro_ros_msgs/msg/detail/graph__rosidl_typesupport_fastrtps_c.h
[0.304s] -- Up-to-date: /home/lzf/chapt9/fishbot_ws/install/micro_ros_msgs/include/micro_ros_msgs/micro_ros_msgs/msg/detail/entity__rosidl_typesupport_fastrtps_c.h
[0.304s] -- Up-to-date: /home/lzf/chapt9/fishbot_ws/install/micro_ros_msgs/include/micro_ros_msgs/micro_ros_msgs/msg/detail/node__rosidl_typesupport_fastrtps_c.h
[0.304s] -- Up-to-date: /home/lzf/chapt9/fishbot_ws/install/micro_ros_msgs/lib/libmicro_ros_msgs__rosidl_typesupport_fastrtps_c.so
[0.304s] -- Up-to-date: /home/lzf/chapt9/fishbot_ws/install/micro_ros_msgs/include/micro_ros_msgs/micro_ros_msgs
[0.304s] -- Up-to-date: /home/lzf/chapt9/fishbot_ws/install/micro_ros_msgs/include/micro_ros_msgs/micro_ros_msgs/msg
[0.304s] -- Up-to-date: /home/lzf/chapt9/fishbot_ws/install/micro_ros_msgs/include/micro_ros_msgs/micro_ros_msgs/msg/rosidl_typesupport_introspection_c__visibility_control.h
[0.304s] -- Up-to-date: /home/lzf/chapt9/fishbot_ws/install/micro_ros_msgs/include/micro_ros_msgs/micro_ros_msgs/msg/detail
[0.304s] -- Up-to-date: /home/lzf/chapt9/fishbot_ws/install/micro_ros_msgs/include/micro_ros_msgs/micro_ros_msgs/msg/detail/graph__rosidl_typesupport_introspection_c.h
[0.304s] -- Up-to-date: /home/lzf/chapt9/fishbot_ws/install/micro_ros_msgs/include/micro_ros_msgs/micro_ros_msgs/msg/detail/entity__rosidl_typesupport_introspection_c.h
[0.304s] -- Up-to-date: /home/lzf/chapt9/fishbot_ws/install/micro_ros_msgs/include/micro_ros_msgs/micro_ros_msgs/msg/detail/entity__type_support.c
[0.304s] -- Up-to-date: /home/lzf/chapt9/fishbot_ws/install/micro_ros_msgs/include/micro_ros_msgs/micro_ros_msgs/msg/detail/node__rosidl_typesupport_introspection_c.h
[0.304s] -- Up-to-date: /home/lzf/chapt9/fishbot_ws/install/micro_ros_msgs/include/micro_ros_msgs/micro_ros_msgs/msg/detail/node__type_support.c
[0.304s] -- Up-to-date: /home/lzf/chapt9/fishbot_ws/install/micro_ros_msgs/include/micro_ros_msgs/micro_ros_msgs/msg/detail/graph__type_support.c
[0.304s] -- Up-to-date: /home/lzf/chapt9/fishbot_ws/install/micro_ros_msgs/lib/libmicro_ros_msgs__rosidl_typesupport_introspection_c.so
[0.304s] -- Up-to-date: /home/lzf/chapt9/fishbot_ws/install/micro_ros_msgs/lib/libmicro_ros_msgs__rosidl_typesupport_c.so
[0.304s] -- Up-to-date: /home/lzf/chapt9/fishbot_ws/install/micro_ros_msgs/include/micro_ros_msgs/micro_ros_msgs
[0.304s] -- Up-to-date: /home/lzf/chapt9/fishbot_ws/install/micro_ros_msgs/include/micro_ros_msgs/micro_ros_msgs/msg
[0.304s] -- Up-to-date: /home/lzf/chapt9/fishbot_ws/install/micro_ros_msgs/include/micro_ros_msgs/micro_ros_msgs/msg/rosidl_generator_cpp__visibility_control.hpp
[0.304s] -- Up-to-date: /home/lzf/chapt9/fishbot_ws/install/micro_ros_msgs/include/micro_ros_msgs/micro_ros_msgs/msg/entity.hpp
[0.304s] -- Up-to-date: /home/lzf/chapt9/fishbot_ws/install/micro_ros_msgs/include/micro_ros_msgs/micro_ros_msgs/msg/detail
[0.304s] -- Up-to-date: /home/lzf/chapt9/fishbot_ws/install/micro_ros_msgs/include/micro_ros_msgs/micro_ros_msgs/msg/detail/entity__builder.hpp
[0.304s] -- Up-to-date: /home/lzf/chapt9/fishbot_ws/install/micro_ros_msgs/include/micro_ros_msgs/micro_ros_msgs/msg/detail/entity__traits.hpp
[0.305s] -- Up-to-date: /home/lzf/chapt9/fishbot_ws/install/micro_ros_msgs/include/micro_ros_msgs/micro_ros_msgs/msg/detail/graph__builder.hpp
[0.305s] -- Up-to-date: /home/lzf/chapt9/fishbot_ws/install/micro_ros_msgs/include/micro_ros_msgs/micro_ros_msgs/msg/detail/node__builder.hpp
[0.305s] -- Up-to-date: /home/lzf/chapt9/fishbot_ws/install/micro_ros_msgs/include/micro_ros_msgs/micro_ros_msgs/msg/detail/node__type_support.hpp
[0.305s] -- Up-to-date: /home/lzf/chapt9/fishbot_ws/install/micro_ros_msgs/include/micro_ros_msgs/micro_ros_msgs/msg/detail/graph__type_support.hpp
[0.305s] -- Up-to-date: /home/lzf/chapt9/fishbot_ws/install/micro_ros_msgs/include/micro_ros_msgs/micro_ros_msgs/msg/detail/graph__struct.hpp
[0.305s] -- Up-to-date: /home/lzf/chapt9/fishbot_ws/install/micro_ros_msgs/include/micro_ros_msgs/micro_ros_msgs/msg/detail/node__traits.hpp
[0.305s] -- Up-to-date: /home/lzf/chapt9/fishbot_ws/install/micro_ros_msgs/include/micro_ros_msgs/micro_ros_msgs/msg/detail/graph__traits.hpp
[0.305s] -- Up-to-date: /home/lzf/chapt9/fishbot_ws/install/micro_ros_msgs/include/micro_ros_msgs/micro_ros_msgs/msg/detail/entity__struct.hpp
[0.305s] -- Up-to-date: /home/lzf/chapt9/fishbot_ws/install/micro_ros_msgs/include/micro_ros_msgs/micro_ros_msgs/msg/detail/node__struct.hpp
[0.305s] -- Up-to-date: /home/lzf/chapt9/fishbot_ws/install/micro_ros_msgs/include/micro_ros_msgs/micro_ros_msgs/msg/detail/entity__type_support.hpp
[0.305s] -- Up-to-date: /home/lzf/chapt9/fishbot_ws/install/micro_ros_msgs/include/micro_ros_msgs/micro_ros_msgs/msg/graph.hpp
[0.305s] -- Up-to-date: /home/lzf/chapt9/fishbot_ws/install/micro_ros_msgs/include/micro_ros_msgs/micro_ros_msgs/msg/node.hpp
[0.305s] -- Up-to-date: /home/lzf/chapt9/fishbot_ws/install/micro_ros_msgs/include/micro_ros_msgs/micro_ros_msgs
[0.305s] -- Up-to-date: /home/lzf/chapt9/fishbot_ws/install/micro_ros_msgs/include/micro_ros_msgs/micro_ros_msgs/msg
[0.305s] -- Up-to-date: /home/lzf/chapt9/fishbot_ws/install/micro_ros_msgs/include/micro_ros_msgs/micro_ros_msgs/msg/detail
[0.305s] -- Up-to-date: /home/lzf/chapt9/fishbot_ws/install/micro_ros_msgs/include/micro_ros_msgs/micro_ros_msgs/msg/detail/dds_fastrtps
[0.305s] -- Up-to-date: /home/lzf/chapt9/fishbot_ws/install/micro_ros_msgs/include/micro_ros_msgs/micro_ros_msgs/msg/detail/graph__rosidl_typesupport_fastrtps_cpp.hpp
[0.305s] -- Up-to-date: /home/lzf/chapt9/fishbot_ws/install/micro_ros_msgs/include/micro_ros_msgs/micro_ros_msgs/msg/detail/entity__rosidl_typesupport_fastrtps_cpp.hpp
[0.305s] -- Up-to-date: /home/lzf/chapt9/fishbot_ws/install/micro_ros_msgs/include/micro_ros_msgs/micro_ros_msgs/msg/detail/node__rosidl_typesupport_fastrtps_cpp.hpp
[0.305s] -- Up-to-date: /home/lzf/chapt9/fishbot_ws/install/micro_ros_msgs/include/micro_ros_msgs/micro_ros_msgs/msg/rosidl_typesupport_fastrtps_cpp__visibility_control.h
[0.305s] -- Up-to-date: /home/lzf/chapt9/fishbot_ws/install/micro_ros_msgs/lib/libmicro_ros_msgs__rosidl_typesupport_fastrtps_cpp.so
[0.305s] -- Up-to-date: /home/lzf/chapt9/fishbot_ws/install/micro_ros_msgs/include/micro_ros_msgs/micro_ros_msgs
[0.305s] -- Up-to-date: /home/lzf/chapt9/fishbot_ws/install/micro_ros_msgs/include/micro_ros_msgs/micro_ros_msgs/msg
[0.306s] -- Up-to-date: /home/lzf/chapt9/fishbot_ws/install/micro_ros_msgs/include/micro_ros_msgs/micro_ros_msgs/msg/detail
[0.306s] -- Up-to-date: /home/lzf/chapt9/fishbot_ws/install/micro_ros_msgs/include/micro_ros_msgs/micro_ros_msgs/msg/detail/entity__type_support.cpp
[0.306s] -- Up-to-date: /home/lzf/chapt9/fishbot_ws/install/micro_ros_msgs/include/micro_ros_msgs/micro_ros_msgs/msg/detail/node__rosidl_typesupport_introspection_cpp.hpp
[0.306s] -- Up-to-date: /home/lzf/chapt9/fishbot_ws/install/micro_ros_msgs/include/micro_ros_msgs/micro_ros_msgs/msg/detail/graph__rosidl_typesupport_introspection_cpp.hpp
[0.306s] -- Up-to-date: /home/lzf/chapt9/fishbot_ws/install/micro_ros_msgs/include/micro_ros_msgs/micro_ros_msgs/msg/detail/entity__rosidl_typesupport_introspection_cpp.hpp
[0.306s] -- Up-to-date: /home/lzf/chapt9/fishbot_ws/install/micro_ros_msgs/include/micro_ros_msgs/micro_ros_msgs/msg/detail/graph__type_support.cpp
[0.306s] -- Up-to-date: /home/lzf/chapt9/fishbot_ws/install/micro_ros_msgs/include/micro_ros_msgs/micro_ros_msgs/msg/detail/node__type_support.cpp
[0.306s] -- Up-to-date: /home/lzf/chapt9/fishbot_ws/install/micro_ros_msgs/lib/libmicro_ros_msgs__rosidl_typesupport_introspection_cpp.so
[0.306s] -- Up-to-date: /home/lzf/chapt9/fishbot_ws/install/micro_ros_msgs/lib/libmicro_ros_msgs__rosidl_typesupport_cpp.so
[0.306s] -- Up-to-date: /home/lzf/chapt9/fishbot_ws/install/micro_ros_msgs/share/micro_ros_msgs/environment/pythonpath.sh
[0.306s] -- Up-to-date: /home/lzf/chapt9/fishbot_ws/install/micro_ros_msgs/share/micro_ros_msgs/environment/pythonpath.dsv
[0.306s] -- Up-to-date: /home/lzf/chapt9/fishbot_ws/install/micro_ros_msgs/lib/python3.12/site-packages/micro_ros_msgs-5.0.2-py3.12.egg-info
[0.306s] -- Installing: /home/lzf/chapt9/fishbot_ws/install/micro_ros_msgs/lib/python3.12/site-packages/micro_ros_msgs-5.0.2-py3.12.egg-info/SOURCES.txt
[0.306s] -- Installing: /home/lzf/chapt9/fishbot_ws/install/micro_ros_msgs/lib/python3.12/site-packages/micro_ros_msgs-5.0.2-py3.12.egg-info/top_level.txt
[0.306s] -- Installing: /home/lzf/chapt9/fishbot_ws/install/micro_ros_msgs/lib/python3.12/site-packages/micro_ros_msgs-5.0.2-py3.12.egg-info/dependency_links.txt
[0.306s] -- Installing: /home/lzf/chapt9/fishbot_ws/install/micro_ros_msgs/lib/python3.12/site-packages/micro_ros_msgs-5.0.2-py3.12.egg-info/PKG-INFO
[0.306s] -- Up-to-date: /home/lzf/chapt9/fishbot_ws/install/micro_ros_msgs/lib/python3.12/site-packages/micro_ros_msgs
[0.306s] -- Up-to-date: /home/lzf/chapt9/fishbot_ws/install/micro_ros_msgs/lib/python3.12/site-packages/micro_ros_msgs/msg
[0.306s] -- Up-to-date: /home/lzf/chapt9/fishbot_ws/install/micro_ros_msgs/lib/python3.12/site-packages/micro_ros_msgs/msg/_node_s.c
[0.306s] -- Up-to-date: /home/lzf/chapt9/fishbot_ws/install/micro_ros_msgs/lib/python3.12/site-packages/micro_ros_msgs/msg/_graph_s.c
[0.306s] -- Up-to-date: /home/lzf/chapt9/fishbot_ws/install/micro_ros_msgs/lib/python3.12/site-packages/micro_ros_msgs/msg/__init__.py
[0.306s] -- Up-to-date: /home/lzf/chapt9/fishbot_ws/install/micro_ros_msgs/lib/python3.12/site-packages/micro_ros_msgs/msg/_node.py
[0.306s] -- Up-to-date: /home/lzf/chapt9/fishbot_ws/install/micro_ros_msgs/lib/python3.12/site-packages/micro_ros_msgs/msg/_graph.py
[0.306s] -- Up-to-date: /home/lzf/chapt9/fishbot_ws/install/micro_ros_msgs/lib/python3.12/site-packages/micro_ros_msgs/msg/_entity_s.c
[0.306s] -- Up-to-date: /home/lzf/chapt9/fishbot_ws/install/micro_ros_msgs/lib/python3.12/site-packages/micro_ros_msgs/msg/_entity.py
[0.306s] -- Up-to-date: /home/lzf/chapt9/fishbot_ws/install/micro_ros_msgs/lib/python3.12/site-packages/micro_ros_msgs/micro_ros_msgs_s__rosidl_typesupport_fastrtps_c.so
[0.306s] -- Up-to-date: /home/lzf/chapt9/fishbot_ws/install/micro_ros_msgs/lib/python3.12/site-packages/micro_ros_msgs/micro_ros_msgs_s__rosidl_typesupport_c.so
[0.306s] -- Up-to-date: /home/lzf/chapt9/fishbot_ws/install/micro_ros_msgs/lib/python3.12/site-packages/micro_ros_msgs/micro_ros_msgs_s__rosidl_typesupport_introspection_c.so
[0.306s] -- Up-to-date: /home/lzf/chapt9/fishbot_ws/install/micro_ros_msgs/lib/python3.12/site-packages/micro_ros_msgs/__init__.py
[0.307s] -- Up-to-date: /home/lzf/chapt9/fishbot_ws/install/micro_ros_msgs/lib/python3.12/site-packages/micro_ros_msgs/_micro_ros_msgs_s.ep.rosidl_typesupport_introspection_c.c
[0.307s] -- Up-to-date: /home/lzf/chapt9/fishbot_ws/install/micro_ros_msgs/lib/python3.12/site-packages/micro_ros_msgs/_micro_ros_msgs_s.ep.rosidl_typesupport_c.c
[0.307s] -- Up-to-date: /home/lzf/chapt9/fishbot_ws/install/micro_ros_msgs/lib/python3.12/site-packages/micro_ros_msgs/_micro_ros_msgs_s.ep.rosidl_typesupport_fastrtps_c.c
[0.328s] Listing '/home/lzf/chapt9/fishbot_ws/install/micro_ros_msgs/lib/python3.12/site-packages/micro_ros_msgs'...
[0.328s] Listing '/home/lzf/chapt9/fishbot_ws/install/micro_ros_msgs/lib/python3.12/site-packages/micro_ros_msgs/msg'...
[0.331s] -- Up-to-date: /home/lzf/chapt9/fishbot_ws/install/micro_ros_msgs/lib/python3.12/site-packages/micro_ros_msgs/micro_ros_msgs_s__rosidl_typesupport_fastrtps_c.so
[0.331s] -- Up-to-date: /home/lzf/chapt9/fishbot_ws/install/micro_ros_msgs/lib/python3.12/site-packages/micro_ros_msgs/micro_ros_msgs_s__rosidl_typesupport_introspection_c.so
[0.331s] -- Up-to-date: /home/lzf/chapt9/fishbot_ws/install/micro_ros_msgs/lib/python3.12/site-packages/micro_ros_msgs/micro_ros_msgs_s__rosidl_typesupport_c.so
[0.332s] -- Up-to-date: /home/lzf/chapt9/fishbot_ws/install/micro_ros_msgs/lib/libmicro_ros_msgs__rosidl_generator_py.so
[0.332s] -- Up-to-date: /home/lzf/chapt9/fishbot_ws/install/micro_ros_msgs/share/ament_index/resource_index/rust_packages/micro_ros_msgs
[0.332s] -- Up-to-date: /home/lzf/chapt9/fishbot_ws/install/micro_ros_msgs/share/micro_ros_msgs/rust
[0.332s] -- Up-to-date: /home/lzf/chapt9/fishbot_ws/install/micro_ros_msgs/share/micro_ros_msgs/rust/src
[0.332s] -- Up-to-date: /home/lzf/chapt9/fishbot_ws/install/micro_ros_msgs/share/micro_ros_msgs/rust/src/lib.rs
[0.332s] -- Up-to-date: /home/lzf/chapt9/fishbot_ws/install/micro_ros_msgs/share/micro_ros_msgs/rust/src/msg
[0.332s] -- Up-to-date: /home/lzf/chapt9/fishbot_ws/install/micro_ros_msgs/share/micro_ros_msgs/rust/src/msg/rmw.rs
[0.332s] -- Up-to-date: /home/lzf/chapt9/fishbot_ws/install/micro_ros_msgs/share/micro_ros_msgs/rust/src/msg.rs
[0.332s] -- Up-to-date: /home/lzf/chapt9/fishbot_ws/install/micro_ros_msgs/share/micro_ros_msgs/rust/build.rs
[0.332s] -- Up-to-date: /home/lzf/chapt9/fishbot_ws/install/micro_ros_msgs/share/micro_ros_msgs/rust/Cargo.toml
[0.332s] -- Up-to-date: /home/lzf/chapt9/fishbot_ws/install/micro_ros_msgs/share/micro_ros_msgs/msg/Graph.idl
[0.332s] -- Up-to-date: /home/lzf/chapt9/fishbot_ws/install/micro_ros_msgs/share/micro_ros_msgs/msg/Node.idl
[0.332s] -- Up-to-date: /home/lzf/chapt9/fishbot_ws/install/micro_ros_msgs/share/micro_ros_msgs/msg/Entity.idl
[0.332s] -- Up-to-date: /home/lzf/chapt9/fishbot_ws/install/micro_ros_msgs/share/micro_ros_msgs/msg/Graph.msg
[0.332s] -- Up-to-date: /home/lzf/chapt9/fishbot_ws/install/micro_ros_msgs/share/micro_ros_msgs/msg/Node.msg
[0.332s] -- Up-to-date: /home/lzf/chapt9/fishbot_ws/install/micro_ros_msgs/share/micro_ros_msgs/msg/Entity.msg
[0.332s] -- Up-to-date: /home/lzf/chapt9/fishbot_ws/install/micro_ros_msgs/share/ament_index/resource_index/package_run_dependencies/micro_ros_msgs
[0.332s] -- Up-to-date: /home/lzf/chapt9/fishbot_ws/install/micro_ros_msgs/share/ament_index/resource_index/parent_prefix_path/micro_ros_msgs
[0.332s] -- Up-to-date: /home/lzf/chapt9/fishbot_ws/install/micro_ros_msgs/share/micro_ros_msgs/environment/ament_prefix_path.sh
[0.332s] -- Up-to-date: /home/lzf/chapt9/fishbot_ws/install/micro_ros_msgs/share/micro_ros_msgs/environment/ament_prefix_path.dsv
[0.332s] -- Up-to-date: /home/lzf/chapt9/fishbot_ws/install/micro_ros_msgs/share/micro_ros_msgs/environment/path.sh
[0.332s] -- Up-to-date: /home/lzf/chapt9/fishbot_ws/install/micro_ros_msgs/share/micro_ros_msgs/environment/path.dsv
[0.332s] -- Up-to-date: /home/lzf/chapt9/fishbot_ws/install/micro_ros_msgs/share/micro_ros_msgs/local_setup.bash
[0.332s] -- Up-to-date: /home/lzf/chapt9/fishbot_ws/install/micro_ros_msgs/share/micro_ros_msgs/local_setup.sh
[0.332s] -- Up-to-date: /home/lzf/chapt9/fishbot_ws/install/micro_ros_msgs/share/micro_ros_msgs/local_setup.zsh
[0.332s] -- Up-to-date: /home/lzf/chapt9/fishbot_ws/install/micro_ros_msgs/share/micro_ros_msgs/local_setup.dsv
[0.332s] -- Installing: /home/lzf/chapt9/fishbot_ws/install/micro_ros_msgs/share/micro_ros_msgs/package.dsv
[0.333s] -- Up-to-date: /home/lzf/chapt9/fishbot_ws/install/micro_ros_msgs/share/ament_index/resource_index/packages/micro_ros_msgs
[0.333s] -- Up-to-date: /home/lzf/chapt9/fishbot_ws/install/micro_ros_msgs/share/micro_ros_msgs/cmake/export_micro_ros_msgs__rosidl_generator_cExport.cmake
[0.333s] -- Up-to-date: /home/lzf/chapt9/fishbot_ws/install/micro_ros_msgs/share/micro_ros_msgs/cmake/export_micro_ros_msgs__rosidl_generator_cExport-noconfig.cmake
[0.333s] -- Up-to-date: /home/lzf/chapt9/fishbot_ws/install/micro_ros_msgs/share/micro_ros_msgs/cmake/export_micro_ros_msgs__rosidl_typesupport_fastrtps_cExport.cmake
[0.333s] -- Up-to-date: /home/lzf/chapt9/fishbot_ws/install/micro_ros_msgs/share/micro_ros_msgs/cmake/export_micro_ros_msgs__rosidl_typesupport_fastrtps_cExport-noconfig.cmake
[0.333s] -- Up-to-date: /home/lzf/chapt9/fishbot_ws/install/micro_ros_msgs/share/micro_ros_msgs/cmake/micro_ros_msgs__rosidl_typesupport_introspection_cExport.cmake
[0.333s] -- Up-to-date: /home/lzf/chapt9/fishbot_ws/install/micro_ros_msgs/share/micro_ros_msgs/cmake/micro_ros_msgs__rosidl_typesupport_introspection_cExport-noconfig.cmake
[0.333s] -- Up-to-date: /home/lzf/chapt9/fishbot_ws/install/micro_ros_msgs/share/micro_ros_msgs/cmake/micro_ros_msgs__rosidl_typesupport_cExport.cmake
[0.333s] -- Up-to-date: /home/lzf/chapt9/fishbot_ws/install/micro_ros_msgs/share/micro_ros_msgs/cmake/micro_ros_msgs__rosidl_typesupport_cExport-noconfig.cmake
[0.333s] -- Up-to-date: /home/lzf/chapt9/fishbot_ws/install/micro_ros_msgs/share/micro_ros_msgs/cmake/export_micro_ros_msgs__rosidl_generator_cppExport.cmake
[0.333s] -- Up-to-date: /home/lzf/chapt9/fishbot_ws/install/micro_ros_msgs/share/micro_ros_msgs/cmake/export_micro_ros_msgs__rosidl_typesupport_fastrtps_cppExport.cmake
[0.333s] -- Up-to-date: /home/lzf/chapt9/fishbot_ws/install/micro_ros_msgs/share/micro_ros_msgs/cmake/export_micro_ros_msgs__rosidl_typesupport_fastrtps_cppExport-noconfig.cmake
[0.333s] -- Up-to-date: /home/lzf/chapt9/fishbot_ws/install/micro_ros_msgs/share/micro_ros_msgs/cmake/micro_ros_msgs__rosidl_typesupport_introspection_cppExport.cmake
[0.333s] -- Up-to-date: /home/lzf/chapt9/fishbot_ws/install/micro_ros_msgs/share/micro_ros_msgs/cmake/micro_ros_msgs__rosidl_typesupport_introspection_cppExport-noconfig.cmake
[0.333s] -- Up-to-date: /home/lzf/chapt9/fishbot_ws/install/micro_ros_msgs/share/micro_ros_msgs/cmake/micro_ros_msgs__rosidl_typesupport_cppExport.cmake
[0.333s] -- Up-to-date: /home/lzf/chapt9/fishbot_ws/install/micro_ros_msgs/share/micro_ros_msgs/cmake/micro_ros_msgs__rosidl_typesupport_cppExport-noconfig.cmake
[0.334s] -- Up-to-date: /home/lzf/chapt9/fishbot_ws/install/micro_ros_msgs/share/micro_ros_msgs/cmake/export_micro_ros_msgs__rosidl_generator_pyExport.cmake
[0.334s] -- Up-to-date: /home/lzf/chapt9/fishbot_ws/install/micro_ros_msgs/share/micro_ros_msgs/cmake/export_micro_ros_msgs__rosidl_generator_pyExport-noconfig.cmake
[0.334s] -- Up-to-date: /home/lzf/chapt9/fishbot_ws/install/micro_ros_msgs/share/micro_ros_msgs/cmake/rosidl_cmake-extras.cmake
[0.334s] -- Up-to-date: /home/lzf/chapt9/fishbot_ws/install/micro_ros_msgs/share/micro_ros_msgs/cmake/ament_cmake_export_include_directories-extras.cmake
[0.334s] -- Up-to-date: /home/lzf/chapt9/fishbot_ws/install/micro_ros_msgs/share/micro_ros_msgs/cmake/ament_cmake_export_libraries-extras.cmake
[0.334s] -- Up-to-date: /home/lzf/chapt9/fishbot_ws/install/micro_ros_msgs/share/micro_ros_msgs/cmake/ament_cmake_export_targets-extras.cmake
[0.334s] -- Up-to-date: /home/lzf/chapt9/fishbot_ws/install/micro_ros_msgs/share/micro_ros_msgs/cmake/rosidl_cmake_export_typesupport_targets-extras.cmake
[0.334s] -- Up-to-date: /home/lzf/chapt9/fishbot_ws/install/micro_ros_msgs/share/micro_ros_msgs/cmake/ament_cmake_export_dependencies-extras.cmake
[0.334s] -- Up-to-date: /home/lzf/chapt9/fishbot_ws/install/micro_ros_msgs/share/micro_ros_msgs/cmake/rosidl_cmake_export_typesupport_libraries-extras.cmake
[0.334s] -- Up-to-date: /home/lzf/chapt9/fishbot_ws/install/micro_ros_msgs/share/micro_ros_msgs/cmake/micro_ros_msgsConfig.cmake
[0.334s] -- Up-to-date: /home/lzf/chapt9/fishbot_ws/install/micro_ros_msgs/share/micro_ros_msgs/cmake/micro_ros_msgsConfig-version.cmake
[0.334s] -- Up-to-date: /home/lzf/chapt9/fishbot_ws/install/micro_ros_msgs/share/micro_ros_msgs/package.xml
[0.335s] Invoked command in '/home/lzf/chapt9/fishbot_ws/build/micro_ros_msgs' returned '0': CMAKE_PREFIX_PATH=/home/lzf/ros2_rmf_ws/install/rmf_workcell_msgs:/home/lzf/ros2_rmf_ws/install/rmf_demos_gz:/home/lzf/ros2_rmf_ws/install/rmf_demos:/home/lzf/ros2_rmf_ws/install/rmf_fleet_adapter_python:/home/lzf/ros2_rmf_ws/install/rmf_fleet_adapter:/home/lzf/ros2_rmf_ws/install/rmf_task_ros2:/home/lzf/ros2_rmf_ws/install/rmf_websocket:/home/lzf/ros2_rmf_ws/install/rmf_visualization:/home/lzf/ros2_rmf_ws/install/rmf_visualization_schedule:/home/lzf/ros2_rmf_ws/install/rmf_visualization_rviz2_plugins:/home/lzf/ros2_rmf_ws/install/rmf_visualization_obstacles:/home/lzf/ros2_rmf_ws/install/rmf_visualization_navgraphs:/home/lzf/ros2_rmf_ws/install/rmf_visualization_floorplans:/home/lzf/ros2_rmf_ws/install/rmf_visualization_fleet_states:/home/lzf/ros2_rmf_ws/install/rmf_visualization_msgs:/home/lzf/ros2_rmf_ws/install/rmf_traffic_ros2:/home/lzf/ros2_rmf_ws/install/rmf_task_sequence:/home/lzf/ros2_rmf_ws/install/rmf_task:/home/lzf/ros2_rmf_ws/install/rmf_battery:/home/lzf/ros2_rmf_ws/install/rmf_traffic:/home/lzf/ros2_rmf_ws/install/rmf_utils:/home/lzf/ros2_rmf_ws/install/rmf_traffic_msgs:/home/lzf/ros2_rmf_ws/install/rmf_traffic_editor_test_maps:/home/lzf/ros2_rmf_ws/install/rmf_traffic_editor_assets:/home/lzf/ros2_rmf_ws/install/rmf_traffic_editor:/home/lzf/ros2_rmf_ws/install/rmf_task_msgs:/home/lzf/ros2_rmf_ws/install/rmf_site_map_msgs:/home/lzf/ros2_rmf_ws/install/rmf_scheduler_msgs:/home/lzf/ros2_rmf_ws/install/rmf_robot_sim_gz_plugins:/home/lzf/ros2_rmf_ws/install/rmf_robot_sim_common:/home/lzf/ros2_rmf_ws/install/rmf_obstacle_msgs:/home/lzf/ros2_rmf_ws/install/rmf_building_sim_gz_plugins:/home/lzf/ros2_rmf_ws/install/rmf_lift_msgs:/home/lzf/ros2_rmf_ws/install/rmf_ingestor_msgs:/home/lzf/ros2_rmf_ws/install/rmf_fleet_msgs:/home/lzf/ros2_rmf_ws/install/rmf_door_msgs:/home/lzf/ros2_rmf_ws/install/rmf_demos_maps:/home/lzf/ros2_rmf_ws/install/rmf_demos_assets:/home/lzf/ros2_rmf_ws/install/rmf_charger_msgs:/home/lzf/ros2_rmf_ws/install/rmf_api_msgs:/home/lzf/ros2_rmf_ws/install/pybind11_json_vendor:/home/lzf/ros2_rmf_ws/install/nlohmann_json_schema_validator_vendor:/home/lzf/ros2_rmf_ws/install/rmf_demos_fleet_adapter:/home/lzf/ros2_rmf_ws/install/rmf_visualization_building_systems:/home/lzf/ros2_rmf_ws/install/rmf_traffic_examples:/home/lzf/ros2_rmf_ws/install/rmf_demos_bridges:/home/lzf/ros2_rmf_ws/install/rmf_demos_tasks:/home/lzf/ros2_rmf_ws/install/rmf_building_map_tools:/home/lzf/ros2_rmf_ws/install/rmf_charging_schedule:/home/lzf/ros2_rmf_ws/install/rmf_dispenser_msgs:/home/lzf/ros2_rmf_ws/install/rmf_building_map_msgs:/home/lzf/ros2_rmf_ws/install/case_study2_pointcloud_viz:/home/lzf/ros2_rmf_ws/install/case_study2_gazebo:/home/lzf/ros2_free_fleet_ws/install/free_fleet:/opt/ros/jazzy:/home/lzf/ros2_rmf_ws/install/menge_vendor:/home/lzf/ros2_rmf_ws/install/ament_cmake_catch2:/home/lzf/ros2_rmf_map_ws/install/rmf_burger_maps:/home/lzf/ros2_free_fleet_ws/install/free_fleet_examples:/home/lzf/ros2_free_fleet_ws/install/free_fleet_adapter:/opt/ros/jazzy/opt/gz_sim_vendor:/opt/ros/jazzy/opt/gz_sensors_vendor:/opt/ros/jazzy/opt/gz_physics_vendor:/opt/ros/jazzy/opt/sdformat_vendor:/opt/ros/jazzy/opt/gz_gui_vendor:/opt/ros/jazzy/opt/gz_transport_vendor:/opt/ros/jazzy/opt/gz_rendering_vendor:/opt/ros/jazzy/opt/gz_plugin_vendor:/opt/ros/jazzy/opt/gz_fuel_tools_vendor:/opt/ros/jazzy/opt/gz_msgs_vendor:/opt/ros/jazzy/opt/gz_common_vendor:/opt/ros/jazzy/opt/gz_math_vendor:/opt/ros/jazzy/opt/gz_utils_vendor:/opt/ros/jazzy/opt/gz_tools_vendor:/opt/ros/jazzy/opt/gz_ogre_next_vendor:/opt/ros/jazzy/opt/gz_dartsim_vendor:/opt/ros/jazzy/opt/gz_cmake_vendor DEBUGINFOD_URLS=https://debuginfod.ubuntu.com ROS_DOMAIN_ID=87 /usr/bin/cmake --install /home/lzf/chapt9/fishbot_ws/build/micro_ros_msgs
