running egg_info
writing ../../build/ros_serial2wifi/ros_serial2wifi.egg-info/PKG-INFO
writing dependency_links to ../../build/ros_serial2wifi/ros_serial2wifi.egg-info/dependency_links.txt
writing entry points to ../../build/ros_serial2wifi/ros_serial2wifi.egg-info/entry_points.txt
writing requirements to ../../build/ros_serial2wifi/ros_serial2wifi.egg-info/requires.txt
writing top-level names to ../../build/ros_serial2wifi/ros_serial2wifi.egg-info/top_level.txt
reading manifest file '../../build/ros_serial2wifi/ros_serial2wifi.egg-info/SOURCES.txt'
writing manifest file '../../build/ros_serial2wifi/ros_serial2wifi.egg-info/SOURCES.txt'
running build
running build_py
copying ros_serial2wifi/udpserver.py -> /home/lzf/chapt9/fishbot_ws/build/ros_serial2wifi/build/lib/ros_serial2wifi
copying ros_serial2wifi/tcpserver.py -> /home/lzf/chapt9/fishbot_ws/build/ros_serial2wifi/build/lib/ros_serial2wifi
running install
running install_lib
copying /home/lzf/chapt9/fishbot_ws/build/ros_serial2wifi/build/lib/ros_serial2wifi/udpserver.py -> /home/lzf/chapt9/fishbot_ws/install/ros_serial2wifi/lib/python3.12/site-packages/ros_serial2wifi
copying /home/lzf/chapt9/fishbot_ws/build/ros_serial2wifi/build/lib/ros_serial2wifi/tcpserver.py -> /home/lzf/chapt9/fishbot_ws/install/ros_serial2wifi/lib/python3.12/site-packages/ros_serial2wifi
byte-compiling /home/lzf/chapt9/fishbot_ws/install/ros_serial2wifi/lib/python3.12/site-packages/ros_serial2wifi/udpserver.py to udpserver.cpython-312.pyc
byte-compiling /home/lzf/chapt9/fishbot_ws/install/ros_serial2wifi/lib/python3.12/site-packages/ros_serial2wifi/tcpserver.py to tcpserver.cpython-312.pyc
running install_data
running install_egg_info
removing '/home/lzf/chapt9/fishbot_ws/install/ros_serial2wifi/lib/python3.12/site-packages/ros_serial2wifi-0.0.0-py3.12.egg-info' (and everything under it)
Copying ../../build/ros_serial2wifi/ros_serial2wifi.egg-info to /home/lzf/chapt9/fishbot_ws/install/ros_serial2wifi/lib/python3.12/site-packages/ros_serial2wifi-0.0.0-py3.12.egg-info
running install_scripts
Installing tcp_server script to /home/lzf/chapt9/fishbot_ws/install/ros_serial2wifi/lib/ros_serial2wifi
Installing udp_server script to /home/lzf/chapt9/fishbot_ws/install/ros_serial2wifi/lib/ros_serial2wifi
writing list of installed files to '/home/lzf/chapt9/fishbot_ws/build/ros_serial2wifi/install.log'
