[0.443s] Invoking command in '/home/lzf/chapt9/fishbot_ws/src/ros_serial2wifi': DEBUGINFOD_URLS=https://debuginfod.ubuntu.com PYTHONPATH=/home/lzf/chapt9/fishbot_ws/build/ros_serial2wifi/prefix_override:/usr/lib/python3/dist-packages/colcon_core/task/python/colcon_distutils_commands:/home/lzf/chapt9/fishbot_ws/install/ros_serial2wifi/lib/python3.12/site-packages:${PYTHONPATH} /usr/bin/python3 -W ignore:setup.py install is deprecated -W ignore:easy_install command is deprecated setup.py egg_info --egg-base ../../build/ros_serial2wifi build --build-base /home/lzf/chapt9/fishbot_ws/build/ros_serial2wifi/build install --record /home/lzf/chapt9/fishbot_ws/build/ros_serial2wifi/install.log --single-version-externally-managed install_data
[0.592s] running egg_info
[0.603s] writing ../../build/ros_serial2wifi/ros_serial2wifi.egg-info/PKG-INFO
[0.603s] writing dependency_links to ../../build/ros_serial2wifi/ros_serial2wifi.egg-info/dependency_links.txt
[0.603s] writing entry points to ../../build/ros_serial2wifi/ros_serial2wifi.egg-info/entry_points.txt
[0.603s] writing requirements to ../../build/ros_serial2wifi/ros_serial2wifi.egg-info/requires.txt
[0.603s] writing top-level names to ../../build/ros_serial2wifi/ros_serial2wifi.egg-info/top_level.txt
[0.625s] reading manifest file '../../build/ros_serial2wifi/ros_serial2wifi.egg-info/SOURCES.txt'
[0.625s] writing manifest file '../../build/ros_serial2wifi/ros_serial2wifi.egg-info/SOURCES.txt'
[0.625s] running build
[0.625s] running build_py
[0.626s] copying ros_serial2wifi/udpserver.py -> /home/lzf/chapt9/fishbot_ws/build/ros_serial2wifi/build/lib/ros_serial2wifi
[0.626s] copying ros_serial2wifi/tcpserver.py -> /home/lzf/chapt9/fishbot_ws/build/ros_serial2wifi/build/lib/ros_serial2wifi
[0.626s] running install
[0.629s] running install_lib
[0.640s] copying /home/lzf/chapt9/fishbot_ws/build/ros_serial2wifi/build/lib/ros_serial2wifi/udpserver.py -> /home/lzf/chapt9/fishbot_ws/install/ros_serial2wifi/lib/python3.12/site-packages/ros_serial2wifi
[0.640s] copying /home/lzf/chapt9/fishbot_ws/build/ros_serial2wifi/build/lib/ros_serial2wifi/tcpserver.py -> /home/lzf/chapt9/fishbot_ws/install/ros_serial2wifi/lib/python3.12/site-packages/ros_serial2wifi
[0.640s] byte-compiling /home/lzf/chapt9/fishbot_ws/install/ros_serial2wifi/lib/python3.12/site-packages/ros_serial2wifi/udpserver.py to udpserver.cpython-312.pyc
[0.641s] byte-compiling /home/lzf/chapt9/fishbot_ws/install/ros_serial2wifi/lib/python3.12/site-packages/ros_serial2wifi/tcpserver.py to tcpserver.cpython-312.pyc
[0.641s] running install_data
[0.641s] running install_egg_info
[0.652s] removing '/home/lzf/chapt9/fishbot_ws/install/ros_serial2wifi/lib/python3.12/site-packages/ros_serial2wifi-0.0.0-py3.12.egg-info' (and everything under it)
[0.653s] Copying ../../build/ros_serial2wifi/ros_serial2wifi.egg-info to /home/lzf/chapt9/fishbot_ws/install/ros_serial2wifi/lib/python3.12/site-packages/ros_serial2wifi-0.0.0-py3.12.egg-info
[0.653s] running install_scripts
[0.726s] Installing tcp_server script to /home/lzf/chapt9/fishbot_ws/install/ros_serial2wifi/lib/ros_serial2wifi
[0.726s] Installing udp_server script to /home/lzf/chapt9/fishbot_ws/install/ros_serial2wifi/lib/ros_serial2wifi
[0.726s] writing list of installed files to '/home/lzf/chapt9/fishbot_ws/build/ros_serial2wifi/install.log'
[0.738s] Invoked command in '/home/lzf/chapt9/fishbot_ws/src/ros_serial2wifi' returned '0': DEBUGINFOD_URLS=https://debuginfod.ubuntu.com PYTHONPATH=/home/lzf/chapt9/fishbot_ws/build/ros_serial2wifi/prefix_override:/usr/lib/python3/dist-packages/colcon_core/task/python/colcon_distutils_commands:/home/lzf/chapt9/fishbot_ws/install/ros_serial2wifi/lib/python3.12/site-packages:${PYTHONPATH} /usr/bin/python3 -W ignore:setup.py install is deprecated -W ignore:easy_install command is deprecated setup.py egg_info --egg-base ../../build/ros_serial2wifi build --build-base /home/lzf/chapt9/fishbot_ws/build/ros_serial2wifi/build install --record /home/lzf/chapt9/fishbot_ws/build/ros_serial2wifi/install.log --single-version-externally-managed install_data
