-- The C compiler identification is GNU 13.3.0
-- The CXX compiler identification is GNU 13.3.0
-- Detecting C compiler ABI info
-- Detecting C compiler ABI info - done
-- Check for working C compiler: /usr/bin/cc - skipped
-- Detecting C compile features
-- Detecting C compile features - done
-- Detecting CXX compiler ABI info
-- Detecting CXX compiler ABI info - done
-- Check for working CXX compiler: /usr/bin/c++ - skipped
-- Detecting CXX compile features
-- Detecting CXX compile features - done
-- Found ament_cmake: 2.5.6 (/opt/ros/jazzy/share/ament_cmake/cmake)
-- Found Python3: /usr/bin/python3 (found version "3.12.3") found components: Interpreter 
-- Found ament_lint_auto: 0.17.5 (/opt/ros/jazzy/share/ament_lint_auto/cmake)
-- Added test 'flake8' to check Python code syntax and style conventions
-- Configured 'flake8' exclude dirs and/or files: 
-- Added test 'lint_cmake' to check CMake code style
-- Added test 'pep257' to check Python code against some of the docstring style conventions in PEP 257
-- Added test 'xmllint' to check XML markup files
-- Configuring done (0.5s)
-- Generating done (0.0s)
-- Build files have been written to: /home/lzf/chapt9/fishbot_ws/build/fishbot_bringup
-- Install configuration: ""
-- Installing: /home/lzf/chapt9/fishbot_ws/install/fishbot_bringup/share/fishbot_bringup/launch
-- Installing: /home/lzf/chapt9/fishbot_ws/install/fishbot_bringup/share/fishbot_bringup/launch/urdf2tf.launch.py
-- Installing: /home/lzf/chapt9/fishbot_ws/install/fishbot_bringup/share/ament_index/resource_index/package_run_dependencies/fishbot_bringup
-- Installing: /home/lzf/chapt9/fishbot_ws/install/fishbot_bringup/share/ament_index/resource_index/parent_prefix_path/fishbot_bringup
-- Installing: /home/lzf/chapt9/fishbot_ws/install/fishbot_bringup/share/fishbot_bringup/environment/ament_prefix_path.sh
-- Installing: /home/lzf/chapt9/fishbot_ws/install/fishbot_bringup/share/fishbot_bringup/environment/ament_prefix_path.dsv
-- Installing: /home/lzf/chapt9/fishbot_ws/install/fishbot_bringup/share/fishbot_bringup/environment/path.sh
-- Installing: /home/lzf/chapt9/fishbot_ws/install/fishbot_bringup/share/fishbot_bringup/environment/path.dsv
-- Installing: /home/lzf/chapt9/fishbot_ws/install/fishbot_bringup/share/fishbot_bringup/local_setup.bash
-- Installing: /home/lzf/chapt9/fishbot_ws/install/fishbot_bringup/share/fishbot_bringup/local_setup.sh
-- Installing: /home/lzf/chapt9/fishbot_ws/install/fishbot_bringup/share/fishbot_bringup/local_setup.zsh
-- Installing: /home/lzf/chapt9/fishbot_ws/install/fishbot_bringup/share/fishbot_bringup/local_setup.dsv
-- Installing: /home/lzf/chapt9/fishbot_ws/install/fishbot_bringup/share/fishbot_bringup/package.dsv
-- Installing: /home/lzf/chapt9/fishbot_ws/install/fishbot_bringup/share/ament_index/resource_index/packages/fishbot_bringup
-- Installing: /home/lzf/chapt9/fishbot_ws/install/fishbot_bringup/share/fishbot_bringup/cmake/fishbot_bringupConfig.cmake
-- Installing: /home/lzf/chapt9/fishbot_ws/install/fishbot_bringup/share/fishbot_bringup/cmake/fishbot_bringupConfig-version.cmake
-- Installing: /home/lzf/chapt9/fishbot_ws/install/fishbot_bringup/share/fishbot_bringup/package.xml
