-- Found ament_cmake: 2.5.6 (/opt/ros/jazzy/share/ament_cmake/cmake)
-- Found ament_lint_auto: 0.17.5 (/opt/ros/jazzy/share/ament_lint_auto/cmake)
-- Found rclcpp: 28.1.18 (/opt/ros/jazzy/share/rclcpp/cmake)
-- Found rosidl_generator_c: 4.6.7 (/opt/ros/jazzy/share/rosidl_generator_c/cmake)
-- Found rosidl_generator_cpp: 4.6.7 (/opt/ros/jazzy/share/rosidl_generator_cpp/cmake)
-- Using all available rosidl_typesupport_c: rosidl_typesupport_fastrtps_c;rosidl_typesupport_introspection_c
-- Using all available rosidl_typesupport_cpp: rosidl_typesupport_fastrtps_cpp;rosidl_typesupport_introspection_cpp
-- Found rmw_implementation_cmake: 7.3.3 (/opt/ros/jazzy/share/rmw_implementation_cmake/cmake)
-- Found rmw_cyclonedds_cpp: 2.2.3 (/opt/ros/jazzy/share/rmw_cyclonedds_cpp/cmake)
-- Using RMW implementation 'rmw_cyclonedds_cpp' as default
-- Found tf2: 0.36.20 (/opt/ros/jazzy/share/tf2/cmake)
-- Found tf2_ros: 0.36.20 (/opt/ros/jazzy/share/tf2_ros/cmake)
-- Found nav_msgs: 5.3.7 (/opt/ros/jazzy/share/nav_msgs/cmake)
-- Added test 'cppcheck' to perform static code analysis on C / C++ code
-- Configured cppcheck include dirs: 
-- Configured cppcheck exclude dirs and/or files: 
-- Added test 'flake8' to check Python code syntax and style conventions
-- Configured 'flake8' exclude dirs and/or files: 
-- Added test 'lint_cmake' to check CMake code style
-- Added test 'pep257' to check Python code against some of the docstring style conventions in PEP 257
-- Added test 'uncrustify' to check C / C++ code style
-- Configured uncrustify additional arguments: 
-- Added test 'xmllint' to check XML markup files
-- Configuring done (0.4s)
-- Generating done (0.0s)
-- Build files have been written to: /home/lzf/chapt9/fishbot_ws/build/fishbot_bringup
[100%] Built target odom2tf
-- Install configuration: ""
-- Up-to-date: /home/lzf/chapt9/fishbot_ws/install/fishbot_bringup/lib/fishbot_bringup/odom2tf
-- Installing: /home/lzf/chapt9/fishbot_ws/install/fishbot_bringup/lib/fishbot_bringup/dynamic_scan_filter
-- Up-to-date: /home/lzf/chapt9/fishbot_ws/install/fishbot_bringup/share/fishbot_bringup/launch
-- Up-to-date: /home/lzf/chapt9/fishbot_ws/install/fishbot_bringup/share/fishbot_bringup/launch/bringup.launch.py
-- Installing: /home/lzf/chapt9/fishbot_ws/install/fishbot_bringup/share/fishbot_bringup/launch/slam_navigation.launch.py
-- Up-to-date: /home/lzf/chapt9/fishbot_ws/install/fishbot_bringup/share/fishbot_bringup/launch/urdf2tf.launch.py
-- Installing: /home/lzf/chapt9/fishbot_ws/install/fishbot_bringup/share/fishbot_bringup/launch/mapping.launch.py
-- Up-to-date: /home/lzf/chapt9/fishbot_ws/install/fishbot_bringup/share/fishbot_bringup/launch/__pycache__
-- Installing: /home/lzf/chapt9/fishbot_ws/install/fishbot_bringup/share/fishbot_bringup/launch/__pycache__/slam_navigation.launch.cpython-312.pyc
-- Up-to-date: /home/lzf/chapt9/fishbot_ws/install/fishbot_bringup/share/fishbot_bringup/config
-- Installing: /home/lzf/chapt9/fishbot_ws/install/fishbot_bringup/share/fishbot_bringup/config/slam_toolbox_mapping.yaml
-- Up-to-date: /home/lzf/chapt9/fishbot_ws/install/fishbot_bringup/share/ament_index/resource_index/package_run_dependencies/fishbot_bringup
-- Up-to-date: /home/lzf/chapt9/fishbot_ws/install/fishbot_bringup/share/ament_index/resource_index/parent_prefix_path/fishbot_bringup
-- Up-to-date: /home/lzf/chapt9/fishbot_ws/install/fishbot_bringup/share/fishbot_bringup/environment/ament_prefix_path.sh
-- Up-to-date: /home/lzf/chapt9/fishbot_ws/install/fishbot_bringup/share/fishbot_bringup/environment/ament_prefix_path.dsv
-- Up-to-date: /home/lzf/chapt9/fishbot_ws/install/fishbot_bringup/share/fishbot_bringup/environment/path.sh
-- Up-to-date: /home/lzf/chapt9/fishbot_ws/install/fishbot_bringup/share/fishbot_bringup/environment/path.dsv
-- Up-to-date: /home/lzf/chapt9/fishbot_ws/install/fishbot_bringup/share/fishbot_bringup/local_setup.bash
-- Up-to-date: /home/lzf/chapt9/fishbot_ws/install/fishbot_bringup/share/fishbot_bringup/local_setup.sh
-- Up-to-date: /home/lzf/chapt9/fishbot_ws/install/fishbot_bringup/share/fishbot_bringup/local_setup.zsh
-- Up-to-date: /home/lzf/chapt9/fishbot_ws/install/fishbot_bringup/share/fishbot_bringup/local_setup.dsv
-- Installing: /home/lzf/chapt9/fishbot_ws/install/fishbot_bringup/share/fishbot_bringup/package.dsv
-- Up-to-date: /home/lzf/chapt9/fishbot_ws/install/fishbot_bringup/share/ament_index/resource_index/packages/fishbot_bringup
-- Up-to-date: /home/lzf/chapt9/fishbot_ws/install/fishbot_bringup/share/fishbot_bringup/cmake/fishbot_bringupConfig.cmake
-- Up-to-date: /home/lzf/chapt9/fishbot_ws/install/fishbot_bringup/share/fishbot_bringup/cmake/fishbot_bringupConfig-version.cmake
-- Installing: /home/lzf/chapt9/fishbot_ws/install/fishbot_bringup/share/fishbot_bringup/package.xml
