[0.457s] Invoking command in '/home/lzf/chapt9/fishbot_ws/src/ros_serial2wifi': DEBUGINFOD_URLS=https://debuginfod.ubuntu.com PYTHONPATH=/home/lzf/chapt9/fishbot_ws/build/ros_serial2wifi/prefix_override:/usr/lib/python3/dist-packages/colcon_core/task/python/colcon_distutils_commands:/home/lzf/chapt9/fishbot_ws/install/ros_serial2wifi/lib/python3.12/site-packages:${PYTHONPATH} ROS_DOMAIN_ID=218 /usr/bin/python3 -W ignore:setup.py install is deprecated -W ignore:easy_install command is deprecated setup.py egg_info --egg-base ../../build/ros_serial2wifi build --build-base /home/lzf/chapt9/fishbot_ws/build/ros_serial2wifi/build install --record /home/lzf/chapt9/fishbot_ws/build/ros_serial2wifi/install.log --single-version-externally-managed install_data
[0.610s] running egg_info
[0.610s] creating ../../build/ros_serial2wifi/ros_serial2wifi.egg-info
[0.621s] writing ../../build/ros_serial2wifi/ros_serial2wifi.egg-info/PKG-INFO
[0.621s] writing dependency_links to ../../build/ros_serial2wifi/ros_serial2wifi.egg-info/dependency_links.txt
[0.621s] writing entry points to ../../build/ros_serial2wifi/ros_serial2wifi.egg-info/entry_points.txt
[0.621s] writing requirements to ../../build/ros_serial2wifi/ros_serial2wifi.egg-info/requires.txt
[0.621s] writing top-level names to ../../build/ros_serial2wifi/ros_serial2wifi.egg-info/top_level.txt
[0.621s] writing manifest file '../../build/ros_serial2wifi/ros_serial2wifi.egg-info/SOURCES.txt'
[0.643s] reading manifest file '../../build/ros_serial2wifi/ros_serial2wifi.egg-info/SOURCES.txt'
[0.644s] writing manifest file '../../build/ros_serial2wifi/ros_serial2wifi.egg-info/SOURCES.txt'
[0.644s] running build
[0.644s] running build_py
[0.644s] creating /home/lzf/chapt9/fishbot_ws/build/ros_serial2wifi/build
[0.644s] creating /home/lzf/chapt9/fishbot_ws/build/ros_serial2wifi/build/lib
[0.644s] creating /home/lzf/chapt9/fishbot_ws/build/ros_serial2wifi/build/lib/ros_serial2wifi
[0.644s] copying ros_serial2wifi/__init__.py -> /home/lzf/chapt9/fishbot_ws/build/ros_serial2wifi/build/lib/ros_serial2wifi
[0.644s] copying ros_serial2wifi/udpserver.py -> /home/lzf/chapt9/fishbot_ws/build/ros_serial2wifi/build/lib/ros_serial2wifi
[0.644s] copying ros_serial2wifi/tcpserver.py -> /home/lzf/chapt9/fishbot_ws/build/ros_serial2wifi/build/lib/ros_serial2wifi
[0.644s] running install
[0.647s] running install_lib
[0.658s] creating /home/lzf/chapt9/fishbot_ws/install/ros_serial2wifi/lib/python3.12/site-packages/ros_serial2wifi
[0.658s] copying /home/lzf/chapt9/fishbot_ws/build/ros_serial2wifi/build/lib/ros_serial2wifi/__init__.py -> /home/lzf/chapt9/fishbot_ws/install/ros_serial2wifi/lib/python3.12/site-packages/ros_serial2wifi
[0.658s] copying /home/lzf/chapt9/fishbot_ws/build/ros_serial2wifi/build/lib/ros_serial2wifi/udpserver.py -> /home/lzf/chapt9/fishbot_ws/install/ros_serial2wifi/lib/python3.12/site-packages/ros_serial2wifi
[0.658s] copying /home/lzf/chapt9/fishbot_ws/build/ros_serial2wifi/build/lib/ros_serial2wifi/tcpserver.py -> /home/lzf/chapt9/fishbot_ws/install/ros_serial2wifi/lib/python3.12/site-packages/ros_serial2wifi
[0.658s] byte-compiling /home/lzf/chapt9/fishbot_ws/install/ros_serial2wifi/lib/python3.12/site-packages/ros_serial2wifi/__init__.py to __init__.cpython-312.pyc
[0.659s] byte-compiling /home/lzf/chapt9/fishbot_ws/install/ros_serial2wifi/lib/python3.12/site-packages/ros_serial2wifi/udpserver.py to udpserver.cpython-312.pyc
[0.659s] byte-compiling /home/lzf/chapt9/fishbot_ws/install/ros_serial2wifi/lib/python3.12/site-packages/ros_serial2wifi/tcpserver.py to tcpserver.cpython-312.pyc
[0.659s] running install_data
[0.659s] creating /home/lzf/chapt9/fishbot_ws/install/ros_serial2wifi/share/ament_index
[0.659s] creating /home/lzf/chapt9/fishbot_ws/install/ros_serial2wifi/share/ament_index/resource_index
[0.660s] creating /home/lzf/chapt9/fishbot_ws/install/ros_serial2wifi/share/ament_index/resource_index/packages
[0.660s] copying resource/ros_serial2wifi -> /home/lzf/chapt9/fishbot_ws/install/ros_serial2wifi/share/ament_index/resource_index/packages
[0.660s] copying package.xml -> /home/lzf/chapt9/fishbot_ws/install/ros_serial2wifi/share/ros_serial2wifi
[0.660s] running install_egg_info
[0.671s] Copying ../../build/ros_serial2wifi/ros_serial2wifi.egg-info to /home/lzf/chapt9/fishbot_ws/install/ros_serial2wifi/lib/python3.12/site-packages/ros_serial2wifi-0.0.0-py3.12.egg-info
[0.671s] running install_scripts
[0.746s] Installing tcp_server script to /home/lzf/chapt9/fishbot_ws/install/ros_serial2wifi/lib/ros_serial2wifi
[0.746s] Installing udp_server script to /home/lzf/chapt9/fishbot_ws/install/ros_serial2wifi/lib/ros_serial2wifi
[0.746s] writing list of installed files to '/home/lzf/chapt9/fishbot_ws/build/ros_serial2wifi/install.log'
[0.759s] Invoked command in '/home/lzf/chapt9/fishbot_ws/src/ros_serial2wifi' returned '0': DEBUGINFOD_URLS=https://debuginfod.ubuntu.com PYTHONPATH=/home/lzf/chapt9/fishbot_ws/build/ros_serial2wifi/prefix_override:/usr/lib/python3/dist-packages/colcon_core/task/python/colcon_distutils_commands:/home/lzf/chapt9/fishbot_ws/install/ros_serial2wifi/lib/python3.12/site-packages:${PYTHONPATH} ROS_DOMAIN_ID=218 /usr/bin/python3 -W ignore:setup.py install is deprecated -W ignore:easy_install command is deprecated setup.py egg_info --egg-base ../../build/ros_serial2wifi build --build-base /home/lzf/chapt9/fishbot_ws/build/ros_serial2wifi/build install --record /home/lzf/chapt9/fishbot_ws/build/ros_serial2wifi/install.log --single-version-externally-managed install_data
