[0.008s] Invoking command in '/home/lzf/chapt9/fishbot_ws/build/micro_ros_msgs': CMAKE_PREFIX_PATH=/home/lzf/ros2_rmf_ws/install/rmf_workcell_msgs:/home/lzf/ros2_rmf_ws/install/rmf_demos_gz:/home/lzf/ros2_rmf_ws/install/rmf_demos:/home/lzf/ros2_rmf_ws/install/rmf_fleet_adapter_python:/home/lzf/ros2_rmf_ws/install/rmf_fleet_adapter:/home/lzf/ros2_rmf_ws/install/rmf_task_ros2:/home/lzf/ros2_rmf_ws/install/rmf_websocket:/home/lzf/ros2_rmf_ws/install/rmf_visualization:/home/lzf/ros2_rmf_ws/install/rmf_visualization_schedule:/home/lzf/ros2_rmf_ws/install/rmf_visualization_rviz2_plugins:/home/lzf/ros2_rmf_ws/install/rmf_visualization_obstacles:/home/lzf/ros2_rmf_ws/install/rmf_visualization_navgraphs:/home/lzf/ros2_rmf_ws/install/rmf_visualization_floorplans:/home/lzf/ros2_rmf_ws/install/rmf_visualization_fleet_states:/home/lzf/ros2_rmf_ws/install/rmf_visualization_msgs:/home/lzf/ros2_rmf_ws/install/rmf_traffic_ros2:/home/lzf/ros2_rmf_ws/install/rmf_task_sequence:/home/lzf/ros2_rmf_ws/install/rmf_task:/home/lzf/ros2_rmf_ws/install/rmf_battery:/home/lzf/ros2_rmf_ws/install/rmf_traffic:/home/lzf/ros2_rmf_ws/install/rmf_utils:/home/lzf/ros2_rmf_ws/install/rmf_traffic_msgs:/home/lzf/ros2_rmf_ws/install/rmf_traffic_editor_test_maps:/home/lzf/ros2_rmf_ws/install/rmf_traffic_editor_assets:/home/lzf/ros2_rmf_ws/install/rmf_traffic_editor:/home/lzf/ros2_rmf_ws/install/rmf_task_msgs:/home/lzf/ros2_rmf_ws/install/rmf_site_map_msgs:/home/lzf/ros2_rmf_ws/install/rmf_scheduler_msgs:/home/lzf/ros2_rmf_ws/install/rmf_robot_sim_gz_plugins:/home/lzf/ros2_rmf_ws/install/rmf_robot_sim_common:/home/lzf/ros2_rmf_ws/install/rmf_obstacle_msgs:/home/lzf/ros2_rmf_ws/install/rmf_building_sim_gz_plugins:/home/lzf/ros2_rmf_ws/install/rmf_lift_msgs:/home/lzf/ros2_rmf_ws/install/rmf_ingestor_msgs:/home/lzf/ros2_rmf_ws/install/rmf_fleet_msgs:/home/lzf/ros2_rmf_ws/install/rmf_door_msgs:/home/lzf/ros2_rmf_ws/install/rmf_demos_maps:/home/lzf/ros2_rmf_ws/install/rmf_demos_assets:/home/lzf/ros2_rmf_ws/install/rmf_charger_msgs:/home/lzf/ros2_rmf_ws/install/rmf_api_msgs:/home/lzf/ros2_rmf_ws/install/pybind11_json_vendor:/home/lzf/ros2_rmf_ws/install/nlohmann_json_schema_validator_vendor:/home/lzf/ros2_rmf_ws/install/rmf_demos_fleet_adapter:/home/lzf/ros2_rmf_ws/install/rmf_visualization_building_systems:/home/lzf/ros2_rmf_ws/install/rmf_traffic_examples:/home/lzf/ros2_rmf_ws/install/rmf_demos_bridges:/home/lzf/ros2_rmf_ws/install/rmf_demos_tasks:/home/lzf/ros2_rmf_ws/install/rmf_building_map_tools:/home/lzf/ros2_rmf_ws/install/rmf_charging_schedule:/home/lzf/ros2_rmf_ws/install/rmf_dispenser_msgs:/home/lzf/ros2_rmf_ws/install/rmf_building_map_msgs:/home/lzf/ros2_rmf_ws/install/case_study2_pointcloud_viz:/home/lzf/ros2_rmf_ws/install/case_study2_gazebo:/home/lzf/ros2_free_fleet_ws/install/free_fleet:/opt/ros/jazzy:/home/lzf/ros2_rmf_ws/install/menge_vendor:/home/lzf/ros2_rmf_ws/install/ament_cmake_catch2:/home/lzf/ros2_rmf_map_ws/install/rmf_burger_maps:/home/lzf/ros2_free_fleet_ws/install/free_fleet_examples:/home/lzf/ros2_free_fleet_ws/install/free_fleet_adapter:/opt/ros/jazzy/opt/gz_sim_vendor:/opt/ros/jazzy/opt/gz_sensors_vendor:/opt/ros/jazzy/opt/gz_physics_vendor:/opt/ros/jazzy/opt/sdformat_vendor:/opt/ros/jazzy/opt/gz_gui_vendor:/opt/ros/jazzy/opt/gz_transport_vendor:/opt/ros/jazzy/opt/gz_rendering_vendor:/opt/ros/jazzy/opt/gz_plugin_vendor:/opt/ros/jazzy/opt/gz_fuel_tools_vendor:/opt/ros/jazzy/opt/gz_msgs_vendor:/opt/ros/jazzy/opt/gz_common_vendor:/opt/ros/jazzy/opt/gz_math_vendor:/opt/ros/jazzy/opt/gz_utils_vendor:/opt/ros/jazzy/opt/gz_tools_vendor:/opt/ros/jazzy/opt/gz_ogre_next_vendor:/opt/ros/jazzy/opt/gz_dartsim_vendor:/opt/ros/jazzy/opt/gz_cmake_vendor DEBUGINFOD_URLS=https://debuginfod.ubuntu.com /usr/bin/cmake /home/lzf/chapt9/fishbot_ws/src/micro_ros_msgs -DCMAKE_INSTALL_PREFIX=/home/lzf/chapt9/fishbot_ws/install/micro_ros_msgs
[0.099s] -- The C compiler identification is GNU 13.3.0
[0.145s] -- The CXX compiler identification is GNU 13.3.0
[0.157s] -- Detecting C compiler ABI info
[0.222s] -- Detecting C compiler ABI info - done
[0.229s] -- Check for working C compiler: /usr/bin/cc - skipped
[0.229s] -- Detecting C compile features
[0.229s] -- Detecting C compile features - done
[0.235s] -- Detecting CXX compiler ABI info
[0.293s] -- Detecting CXX compiler ABI info - done
[0.298s] -- Check for working CXX compiler: /usr/bin/c++ - skipped
[0.298s] -- Detecting CXX compile features
[0.298s] -- Detecting CXX compile features - done
[0.302s] -- Found ament_cmake: 2.5.6 (/opt/ros/jazzy/share/ament_cmake/cmake)
[0.412s] -- Found Python3: /usr/bin/python3 (found version "3.12.3") found components: Interpreter 
[0.502s] -- Found rosidl_default_generators: 1.6.0 (/opt/ros/jazzy/share/rosidl_default_generators/cmake)
[0.513s] -- Using all available rosidl_typesupport_c: rosidl_typesupport_fastrtps_c;rosidl_typesupport_introspection_c
[0.564s] -- Using all available rosidl_typesupport_cpp: rosidl_typesupport_fastrtps_cpp;rosidl_typesupport_introspection_cpp
[0.604s] -- Found rosidl_adapter: 4.6.7 (/opt/ros/jazzy/share/rosidl_adapter/cmake)
[0.608s] -- Found ament_lint_auto: 0.17.5 (/opt/ros/jazzy/share/ament_lint_auto/cmake)
[0.994s] -- Found ament_cmake_ros: 0.12.0 (/opt/ros/jazzy/share/ament_cmake_ros/cmake)
[1.246s] -- Using all available rosidl_typesupport_c: rosidl_typesupport_fastrtps_c;rosidl_typesupport_introspection_c
[1.586s] -- Using all available rosidl_typesupport_cpp: rosidl_typesupport_fastrtps_cpp;rosidl_typesupport_introspection_cpp
[1.589s] -- Found python_cmake_module: 0.11.1 (/opt/ros/jazzy/share/python_cmake_module/cmake)
[1.679s] -- Found PythonExtra: /usr/bin/python3  
[1.947s] -- Found Python3: /usr/bin/python3 (found version "3.12.3") found components: Interpreter Development NumPy Development.Module Development.Embed 
[1.985s] -- Found Python3: /usr/bin/python3 (found version "3.12.3") found components: Interpreter 
[1.988s] -- Added test 'copyright' to check source files copyright and LICENSE
[1.991s] -- Added test 'lint_cmake' to check CMake code style
[1.993s] -- Added test 'xmllint' to check XML markup files
[1.997s] -- Configuring done (2.0s)
[2.013s] -- Generating done (0.0s)
[2.018s] -- Build files have been written to: /home/lzf/chapt9/fishbot_ws/build/micro_ros_msgs
[2.022s] Invoked command in '/home/lzf/chapt9/fishbot_ws/build/micro_ros_msgs' returned '0': CMAKE_PREFIX_PATH=/home/lzf/ros2_rmf_ws/install/rmf_workcell_msgs:/home/lzf/ros2_rmf_ws/install/rmf_demos_gz:/home/lzf/ros2_rmf_ws/install/rmf_demos:/home/lzf/ros2_rmf_ws/install/rmf_fleet_adapter_python:/home/lzf/ros2_rmf_ws/install/rmf_fleet_adapter:/home/lzf/ros2_rmf_ws/install/rmf_task_ros2:/home/lzf/ros2_rmf_ws/install/rmf_websocket:/home/lzf/ros2_rmf_ws/install/rmf_visualization:/home/lzf/ros2_rmf_ws/install/rmf_visualization_schedule:/home/lzf/ros2_rmf_ws/install/rmf_visualization_rviz2_plugins:/home/lzf/ros2_rmf_ws/install/rmf_visualization_obstacles:/home/lzf/ros2_rmf_ws/install/rmf_visualization_navgraphs:/home/lzf/ros2_rmf_ws/install/rmf_visualization_floorplans:/home/lzf/ros2_rmf_ws/install/rmf_visualization_fleet_states:/home/lzf/ros2_rmf_ws/install/rmf_visualization_msgs:/home/lzf/ros2_rmf_ws/install/rmf_traffic_ros2:/home/lzf/ros2_rmf_ws/install/rmf_task_sequence:/home/lzf/ros2_rmf_ws/install/rmf_task:/home/lzf/ros2_rmf_ws/install/rmf_battery:/home/lzf/ros2_rmf_ws/install/rmf_traffic:/home/lzf/ros2_rmf_ws/install/rmf_utils:/home/lzf/ros2_rmf_ws/install/rmf_traffic_msgs:/home/lzf/ros2_rmf_ws/install/rmf_traffic_editor_test_maps:/home/lzf/ros2_rmf_ws/install/rmf_traffic_editor_assets:/home/lzf/ros2_rmf_ws/install/rmf_traffic_editor:/home/lzf/ros2_rmf_ws/install/rmf_task_msgs:/home/lzf/ros2_rmf_ws/install/rmf_site_map_msgs:/home/lzf/ros2_rmf_ws/install/rmf_scheduler_msgs:/home/lzf/ros2_rmf_ws/install/rmf_robot_sim_gz_plugins:/home/lzf/ros2_rmf_ws/install/rmf_robot_sim_common:/home/lzf/ros2_rmf_ws/install/rmf_obstacle_msgs:/home/lzf/ros2_rmf_ws/install/rmf_building_sim_gz_plugins:/home/lzf/ros2_rmf_ws/install/rmf_lift_msgs:/home/lzf/ros2_rmf_ws/install/rmf_ingestor_msgs:/home/lzf/ros2_rmf_ws/install/rmf_fleet_msgs:/home/lzf/ros2_rmf_ws/install/rmf_door_msgs:/home/lzf/ros2_rmf_ws/install/rmf_demos_maps:/home/lzf/ros2_rmf_ws/install/rmf_demos_assets:/home/lzf/ros2_rmf_ws/install/rmf_charger_msgs:/home/lzf/ros2_rmf_ws/install/rmf_api_msgs:/home/lzf/ros2_rmf_ws/install/pybind11_json_vendor:/home/lzf/ros2_rmf_ws/install/nlohmann_json_schema_validator_vendor:/home/lzf/ros2_rmf_ws/install/rmf_demos_fleet_adapter:/home/lzf/ros2_rmf_ws/install/rmf_visualization_building_systems:/home/lzf/ros2_rmf_ws/install/rmf_traffic_examples:/home/lzf/ros2_rmf_ws/install/rmf_demos_bridges:/home/lzf/ros2_rmf_ws/install/rmf_demos_tasks:/home/lzf/ros2_rmf_ws/install/rmf_building_map_tools:/home/lzf/ros2_rmf_ws/install/rmf_charging_schedule:/home/lzf/ros2_rmf_ws/install/rmf_dispenser_msgs:/home/lzf/ros2_rmf_ws/install/rmf_building_map_msgs:/home/lzf/ros2_rmf_ws/install/case_study2_pointcloud_viz:/home/lzf/ros2_rmf_ws/install/case_study2_gazebo:/home/lzf/ros2_free_fleet_ws/install/free_fleet:/opt/ros/jazzy:/home/lzf/ros2_rmf_ws/install/menge_vendor:/home/lzf/ros2_rmf_ws/install/ament_cmake_catch2:/home/lzf/ros2_rmf_map_ws/install/rmf_burger_maps:/home/lzf/ros2_free_fleet_ws/install/free_fleet_examples:/home/lzf/ros2_free_fleet_ws/install/free_fleet_adapter:/opt/ros/jazzy/opt/gz_sim_vendor:/opt/ros/jazzy/opt/gz_sensors_vendor:/opt/ros/jazzy/opt/gz_physics_vendor:/opt/ros/jazzy/opt/sdformat_vendor:/opt/ros/jazzy/opt/gz_gui_vendor:/opt/ros/jazzy/opt/gz_transport_vendor:/opt/ros/jazzy/opt/gz_rendering_vendor:/opt/ros/jazzy/opt/gz_plugin_vendor:/opt/ros/jazzy/opt/gz_fuel_tools_vendor:/opt/ros/jazzy/opt/gz_msgs_vendor:/opt/ros/jazzy/opt/gz_common_vendor:/opt/ros/jazzy/opt/gz_math_vendor:/opt/ros/jazzy/opt/gz_utils_vendor:/opt/ros/jazzy/opt/gz_tools_vendor:/opt/ros/jazzy/opt/gz_ogre_next_vendor:/opt/ros/jazzy/opt/gz_dartsim_vendor:/opt/ros/jazzy/opt/gz_cmake_vendor DEBUGINFOD_URLS=https://debuginfod.ubuntu.com /usr/bin/cmake /home/lzf/chapt9/fishbot_ws/src/micro_ros_msgs -DCMAKE_INSTALL_PREFIX=/home/lzf/chapt9/fishbot_ws/install/micro_ros_msgs
[2.023s] Invoking command in '/home/lzf/chapt9/fishbot_ws/build/micro_ros_msgs': CMAKE_PREFIX_PATH=/home/lzf/ros2_rmf_ws/install/rmf_workcell_msgs:/home/lzf/ros2_rmf_ws/install/rmf_demos_gz:/home/lzf/ros2_rmf_ws/install/rmf_demos:/home/lzf/ros2_rmf_ws/install/rmf_fleet_adapter_python:/home/lzf/ros2_rmf_ws/install/rmf_fleet_adapter:/home/lzf/ros2_rmf_ws/install/rmf_task_ros2:/home/lzf/ros2_rmf_ws/install/rmf_websocket:/home/lzf/ros2_rmf_ws/install/rmf_visualization:/home/lzf/ros2_rmf_ws/install/rmf_visualization_schedule:/home/lzf/ros2_rmf_ws/install/rmf_visualization_rviz2_plugins:/home/lzf/ros2_rmf_ws/install/rmf_visualization_obstacles:/home/lzf/ros2_rmf_ws/install/rmf_visualization_navgraphs:/home/lzf/ros2_rmf_ws/install/rmf_visualization_floorplans:/home/lzf/ros2_rmf_ws/install/rmf_visualization_fleet_states:/home/lzf/ros2_rmf_ws/install/rmf_visualization_msgs:/home/lzf/ros2_rmf_ws/install/rmf_traffic_ros2:/home/lzf/ros2_rmf_ws/install/rmf_task_sequence:/home/lzf/ros2_rmf_ws/install/rmf_task:/home/lzf/ros2_rmf_ws/install/rmf_battery:/home/lzf/ros2_rmf_ws/install/rmf_traffic:/home/lzf/ros2_rmf_ws/install/rmf_utils:/home/lzf/ros2_rmf_ws/install/rmf_traffic_msgs:/home/lzf/ros2_rmf_ws/install/rmf_traffic_editor_test_maps:/home/lzf/ros2_rmf_ws/install/rmf_traffic_editor_assets:/home/lzf/ros2_rmf_ws/install/rmf_traffic_editor:/home/lzf/ros2_rmf_ws/install/rmf_task_msgs:/home/lzf/ros2_rmf_ws/install/rmf_site_map_msgs:/home/lzf/ros2_rmf_ws/install/rmf_scheduler_msgs:/home/lzf/ros2_rmf_ws/install/rmf_robot_sim_gz_plugins:/home/lzf/ros2_rmf_ws/install/rmf_robot_sim_common:/home/lzf/ros2_rmf_ws/install/rmf_obstacle_msgs:/home/lzf/ros2_rmf_ws/install/rmf_building_sim_gz_plugins:/home/lzf/ros2_rmf_ws/install/rmf_lift_msgs:/home/lzf/ros2_rmf_ws/install/rmf_ingestor_msgs:/home/lzf/ros2_rmf_ws/install/rmf_fleet_msgs:/home/lzf/ros2_rmf_ws/install/rmf_door_msgs:/home/lzf/ros2_rmf_ws/install/rmf_demos_maps:/home/lzf/ros2_rmf_ws/install/rmf_demos_assets:/home/lzf/ros2_rmf_ws/install/rmf_charger_msgs:/home/lzf/ros2_rmf_ws/install/rmf_api_msgs:/home/lzf/ros2_rmf_ws/install/pybind11_json_vendor:/home/lzf/ros2_rmf_ws/install/nlohmann_json_schema_validator_vendor:/home/lzf/ros2_rmf_ws/install/rmf_demos_fleet_adapter:/home/lzf/ros2_rmf_ws/install/rmf_visualization_building_systems:/home/lzf/ros2_rmf_ws/install/rmf_traffic_examples:/home/lzf/ros2_rmf_ws/install/rmf_demos_bridges:/home/lzf/ros2_rmf_ws/install/rmf_demos_tasks:/home/lzf/ros2_rmf_ws/install/rmf_building_map_tools:/home/lzf/ros2_rmf_ws/install/rmf_charging_schedule:/home/lzf/ros2_rmf_ws/install/rmf_dispenser_msgs:/home/lzf/ros2_rmf_ws/install/rmf_building_map_msgs:/home/lzf/ros2_rmf_ws/install/case_study2_pointcloud_viz:/home/lzf/ros2_rmf_ws/install/case_study2_gazebo:/home/lzf/ros2_free_fleet_ws/install/free_fleet:/opt/ros/jazzy:/home/lzf/ros2_rmf_ws/install/menge_vendor:/home/lzf/ros2_rmf_ws/install/ament_cmake_catch2:/home/lzf/ros2_rmf_map_ws/install/rmf_burger_maps:/home/lzf/ros2_free_fleet_ws/install/free_fleet_examples:/home/lzf/ros2_free_fleet_ws/install/free_fleet_adapter:/opt/ros/jazzy/opt/gz_sim_vendor:/opt/ros/jazzy/opt/gz_sensors_vendor:/opt/ros/jazzy/opt/gz_physics_vendor:/opt/ros/jazzy/opt/sdformat_vendor:/opt/ros/jazzy/opt/gz_gui_vendor:/opt/ros/jazzy/opt/gz_transport_vendor:/opt/ros/jazzy/opt/gz_rendering_vendor:/opt/ros/jazzy/opt/gz_plugin_vendor:/opt/ros/jazzy/opt/gz_fuel_tools_vendor:/opt/ros/jazzy/opt/gz_msgs_vendor:/opt/ros/jazzy/opt/gz_common_vendor:/opt/ros/jazzy/opt/gz_math_vendor:/opt/ros/jazzy/opt/gz_utils_vendor:/opt/ros/jazzy/opt/gz_tools_vendor:/opt/ros/jazzy/opt/gz_ogre_next_vendor:/opt/ros/jazzy/opt/gz_dartsim_vendor:/opt/ros/jazzy/opt/gz_cmake_vendor DEBUGINFOD_URLS=https://debuginfod.ubuntu.com /usr/bin/cmake --build /home/lzf/chapt9/fishbot_ws/build/micro_ros_msgs -- -j28 -l28
[2.061s] [  1%] [34m[1mGenerating type hashes for ROS interfaces[0m
[2.062s] [  3%] [34m[1mGenerating Rust code for ROS interfaces[0m
[2.069s] [  3%] Built target ament_cmake_python_copy_micro_ros_msgs
[2.177s] [  3%] Built target micro_ros_msgs__rosidl_generator_type_description
[2.183s] [  3%] Built target micro_ros_msgs__rs
[2.184s] [  5%] [34m[1mGenerating C code for ROS interfaces[0m
[2.190s] [  7%] [34m[1mGenerating C++ code for ROS interfaces[0m
[2.197s] running egg_info
[2.198s] creating micro_ros_msgs.egg-info
[2.208s] writing micro_ros_msgs.egg-info/PKG-INFO
[2.208s] writing dependency_links to micro_ros_msgs.egg-info/dependency_links.txt
[2.209s] writing top-level names to micro_ros_msgs.egg-info/top_level.txt
[2.209s] writing manifest file 'micro_ros_msgs.egg-info/SOURCES.txt'
[2.241s] reading manifest file 'micro_ros_msgs.egg-info/SOURCES.txt'
[2.241s] writing manifest file 'micro_ros_msgs.egg-info/SOURCES.txt'
[2.258s] [  7%] Built target ament_cmake_python_build_micro_ros_msgs_egg
[2.337s] [  7%] Built target micro_ros_msgs__cpp
[2.359s] [ 14%] [32mBuilding C object CMakeFiles/micro_ros_msgs__rosidl_generator_c.dir/rosidl_generator_c/micro_ros_msgs/msg/detail/node__type_support.c.o[0m
[2.359s] [ 14%] [32mBuilding C object CMakeFiles/micro_ros_msgs__rosidl_generator_c.dir/rosidl_generator_c/micro_ros_msgs/msg/detail/node__functions.c.o[0m
[2.359s] [ 14%] [32mBuilding C object CMakeFiles/micro_ros_msgs__rosidl_generator_c.dir/rosidl_generator_c/micro_ros_msgs/msg/detail/entity__functions.c.o[0m
[2.359s] [ 14%] [32mBuilding C object CMakeFiles/micro_ros_msgs__rosidl_generator_c.dir/rosidl_generator_c/micro_ros_msgs/msg/detail/entity__description.c.o[0m
[2.360s] [ 16%] [32mBuilding C object CMakeFiles/micro_ros_msgs__rosidl_generator_c.dir/rosidl_generator_c/micro_ros_msgs/msg/detail/node__description.c.o[0m
[2.360s] [ 18%] [32mBuilding C object CMakeFiles/micro_ros_msgs__rosidl_generator_c.dir/rosidl_generator_c/micro_ros_msgs/msg/detail/graph__description.c.o[0m
[2.360s] [ 20%] [32mBuilding C object CMakeFiles/micro_ros_msgs__rosidl_generator_c.dir/rosidl_generator_c/micro_ros_msgs/msg/detail/graph__functions.c.o[0m
[2.360s] [ 21%] [32mBuilding C object CMakeFiles/micro_ros_msgs__rosidl_generator_c.dir/rosidl_generator_c/micro_ros_msgs/msg/detail/entity__type_support.c.o[0m
[2.361s] [ 23%] [32mBuilding C object CMakeFiles/micro_ros_msgs__rosidl_generator_c.dir/rosidl_generator_c/micro_ros_msgs/msg/detail/graph__type_support.c.o[0m
[2.397s] [ 25%] [32m[1mLinking C shared library libmicro_ros_msgs__rosidl_generator_c.so[0m
[2.424s] [ 25%] Built target micro_ros_msgs__rosidl_generator_c
[2.431s] [ 27%] [34m[1mGenerating C type support for eProsima Fast-RTPS[0m
[2.431s] [ 29%] [34m[1mGenerating C type support dispatch for ROS interfaces[0m
[2.432s] [ 30%] [34m[1mGenerating C++ type support dispatch for ROS interfaces[0m
[2.433s] [ 32%] [34m[1mGenerating C introspection for ROS interfaces[0m
[2.433s] [ 34%] [34m[1mGenerating C++ introspection for ROS interfaces[0m
[2.433s] [ 36%] [34m[1mGenerating C++ type support for eProsima Fast-RTPS[0m
[2.570s] [ 38%] [32mBuilding CXX object CMakeFiles/micro_ros_msgs__rosidl_typesupport_cpp.dir/rosidl_typesupport_cpp/micro_ros_msgs/msg/node__type_support.cpp.o[0m
[2.570s] [ 40%] [32mBuilding CXX object CMakeFiles/micro_ros_msgs__rosidl_typesupport_cpp.dir/rosidl_typesupport_cpp/micro_ros_msgs/msg/entity__type_support.cpp.o[0m
[2.571s] [ 41%] [32mBuilding CXX object CMakeFiles/micro_ros_msgs__rosidl_typesupport_c.dir/rosidl_typesupport_c/micro_ros_msgs/msg/graph__type_support.cpp.o[0m
[2.572s] [ 43%] [32mBuilding CXX object CMakeFiles/micro_ros_msgs__rosidl_typesupport_c.dir/rosidl_typesupport_c/micro_ros_msgs/msg/entity__type_support.cpp.o[0m
[2.572s] [ 47%] [32mBuilding CXX object CMakeFiles/micro_ros_msgs__rosidl_typesupport_cpp.dir/rosidl_typesupport_cpp/micro_ros_msgs/msg/graph__type_support.cpp.o[0m
[2.572s] [ 47%] [32mBuilding CXX object CMakeFiles/micro_ros_msgs__rosidl_typesupport_c.dir/rosidl_typesupport_c/micro_ros_msgs/msg/node__type_support.cpp.o[0m
[2.576s] [ 52%] [32mBuilding C object CMakeFiles/micro_ros_msgs__rosidl_typesupport_introspection_c.dir/rosidl_typesupport_introspection_c/micro_ros_msgs/msg/detail/node__type_support.c.o[0m
[2.576s] [ 52%] [32mBuilding C object CMakeFiles/micro_ros_msgs__rosidl_typesupport_introspection_c.dir/rosidl_typesupport_introspection_c/micro_ros_msgs/msg/detail/entity__type_support.c.o[0m
[2.576s] [ 52%] [32mBuilding C object CMakeFiles/micro_ros_msgs__rosidl_typesupport_introspection_c.dir/rosidl_typesupport_introspection_c/micro_ros_msgs/msg/detail/graph__type_support.c.o[0m
[2.579s] [ 54%] [32mBuilding CXX object CMakeFiles/micro_ros_msgs__rosidl_typesupport_introspection_cpp.dir/rosidl_typesupport_introspection_cpp/micro_ros_msgs/msg/detail/graph__type_support.cpp.o[0m
[2.580s] [ 56%] [32mBuilding CXX object CMakeFiles/micro_ros_msgs__rosidl_typesupport_introspection_cpp.dir/rosidl_typesupport_introspection_cpp/micro_ros_msgs/msg/detail/entity__type_support.cpp.o[0m
[2.581s] [ 58%] [32mBuilding CXX object CMakeFiles/micro_ros_msgs__rosidl_typesupport_introspection_cpp.dir/rosidl_typesupport_introspection_cpp/micro_ros_msgs/msg/detail/node__type_support.cpp.o[0m
[2.595s] [ 60%] [32mBuilding CXX object CMakeFiles/micro_ros_msgs__rosidl_typesupport_fastrtps_c.dir/rosidl_typesupport_fastrtps_c/micro_ros_msgs/msg/detail/graph__type_support_c.cpp.o[0m
[2.595s] [ 61%] [32mBuilding CXX object CMakeFiles/micro_ros_msgs__rosidl_typesupport_fastrtps_c.dir/rosidl_typesupport_fastrtps_c/micro_ros_msgs/msg/detail/entity__type_support_c.cpp.o[0m
[2.595s] [ 63%] [32mBuilding CXX object CMakeFiles/micro_ros_msgs__rosidl_typesupport_fastrtps_c.dir/rosidl_typesupport_fastrtps_c/micro_ros_msgs/msg/detail/node__type_support_c.cpp.o[0m
[2.596s] [ 69%] [32mBuilding CXX object CMakeFiles/micro_ros_msgs__rosidl_typesupport_fastrtps_cpp.dir/rosidl_typesupport_fastrtps_cpp/micro_ros_msgs/msg/detail/dds_fastrtps/entity__type_support.cpp.o[0m
[2.596s] [ 69%] [32mBuilding CXX object CMakeFiles/micro_ros_msgs__rosidl_typesupport_fastrtps_cpp.dir/rosidl_typesupport_fastrtps_cpp/micro_ros_msgs/msg/detail/dds_fastrtps/graph__type_support.cpp.o[0m
[2.596s] [ 69%] [32mBuilding CXX object CMakeFiles/micro_ros_msgs__rosidl_typesupport_fastrtps_cpp.dir/rosidl_typesupport_fastrtps_cpp/micro_ros_msgs/msg/detail/dds_fastrtps/node__type_support.cpp.o[0m
[2.598s] [ 72%] [32m[1mLinking CXX shared library libmicro_ros_msgs__rosidl_typesupport_c.so[0m
[2.598s] [ 72%] [32m[1mLinking C shared library libmicro_ros_msgs__rosidl_typesupport_introspection_c.so[0m
[2.621s] [ 72%] Built target micro_ros_msgs__rosidl_typesupport_c
[2.622s] [ 72%] Built target micro_ros_msgs__rosidl_typesupport_introspection_c
[2.797s] [ 74%] [32m[1mLinking CXX shared library libmicro_ros_msgs__rosidl_typesupport_cpp.so[0m
[2.828s] [ 74%] Built target micro_ros_msgs__rosidl_typesupport_cpp
[2.830s] [ 76%] [32m[1mLinking CXX shared library libmicro_ros_msgs__rosidl_typesupport_introspection_cpp.so[0m
[2.871s] [ 78%] [32m[1mLinking CXX shared library libmicro_ros_msgs__rosidl_typesupport_fastrtps_cpp.so[0m
[2.878s] [ 80%] [32m[1mLinking CXX shared library libmicro_ros_msgs__rosidl_typesupport_fastrtps_c.so[0m
[2.878s] [ 80%] Built target micro_ros_msgs__rosidl_typesupport_introspection_cpp
[2.913s] [ 80%] Built target micro_ros_msgs__rosidl_typesupport_fastrtps_cpp
[2.916s] [ 80%] Built target micro_ros_msgs__rosidl_typesupport_fastrtps_c
[2.931s] [ 80%] Built target micro_ros_msgs
[2.945s] [ 81%] [34m[1mGenerating Python code for ROS interfaces[0m
[3.134s] [ 81%] Built target micro_ros_msgs__py
[3.150s] [ 85%] [32mBuilding C object CMakeFiles/micro_ros_msgs__rosidl_generator_py.dir/rosidl_generator_py/micro_ros_msgs/msg/_node_s.c.o[0m
[3.150s] [ 85%] [32mBuilding C object CMakeFiles/micro_ros_msgs__rosidl_generator_py.dir/rosidl_generator_py/micro_ros_msgs/msg/_entity_s.c.o[0m
[3.151s] [ 87%] [32mBuilding C object CMakeFiles/micro_ros_msgs__rosidl_generator_py.dir/rosidl_generator_py/micro_ros_msgs/msg/_graph_s.c.o[0m
[3.219s] [ 89%] [32m[1mLinking C shared library libmicro_ros_msgs__rosidl_generator_py.so[0m
[3.241s] [ 89%] Built target micro_ros_msgs__rosidl_generator_py
[3.258s] [ 90%] [32mBuilding C object CMakeFiles/micro_ros_msgs_s__rosidl_typesupport_introspection_c.dir/rosidl_generator_py/micro_ros_msgs/_micro_ros_msgs_s.ep.rosidl_typesupport_introspection_c.c.o[0m
[3.258s] [ 92%] [32mBuilding C object CMakeFiles/micro_ros_msgs_s__rosidl_typesupport_fastrtps_c.dir/rosidl_generator_py/micro_ros_msgs/_micro_ros_msgs_s.ep.rosidl_typesupport_fastrtps_c.c.o[0m
[3.258s] [ 94%] [32mBuilding C object CMakeFiles/micro_ros_msgs_s__rosidl_typesupport_c.dir/rosidl_generator_py/micro_ros_msgs/_micro_ros_msgs_s.ep.rosidl_typesupport_c.c.o[0m
[3.311s] [100%] [32m[1mLinking C shared module rosidl_generator_py/micro_ros_msgs/micro_ros_msgs_s__rosidl_typesupport_fastrtps_c.so[0m
[3.311s] [100%] [32m[1mLinking C shared module rosidl_generator_py/micro_ros_msgs/micro_ros_msgs_s__rosidl_typesupport_introspection_c.so[0m
[3.311s] [100%] [32m[1mLinking C shared module rosidl_generator_py/micro_ros_msgs/micro_ros_msgs_s__rosidl_typesupport_c.so[0m
[3.330s] [100%] Built target micro_ros_msgs_s__rosidl_typesupport_introspection_c
[3.333s] [100%] Built target micro_ros_msgs_s__rosidl_typesupport_c
[3.335s] [100%] Built target micro_ros_msgs_s__rosidl_typesupport_fastrtps_c
[3.344s] Invoked command in '/home/lzf/chapt9/fishbot_ws/build/micro_ros_msgs' returned '0': CMAKE_PREFIX_PATH=/home/lzf/ros2_rmf_ws/install/rmf_workcell_msgs:/home/lzf/ros2_rmf_ws/install/rmf_demos_gz:/home/lzf/ros2_rmf_ws/install/rmf_demos:/home/lzf/ros2_rmf_ws/install/rmf_fleet_adapter_python:/home/lzf/ros2_rmf_ws/install/rmf_fleet_adapter:/home/lzf/ros2_rmf_ws/install/rmf_task_ros2:/home/lzf/ros2_rmf_ws/install/rmf_websocket:/home/lzf/ros2_rmf_ws/install/rmf_visualization:/home/lzf/ros2_rmf_ws/install/rmf_visualization_schedule:/home/lzf/ros2_rmf_ws/install/rmf_visualization_rviz2_plugins:/home/lzf/ros2_rmf_ws/install/rmf_visualization_obstacles:/home/lzf/ros2_rmf_ws/install/rmf_visualization_navgraphs:/home/lzf/ros2_rmf_ws/install/rmf_visualization_floorplans:/home/lzf/ros2_rmf_ws/install/rmf_visualization_fleet_states:/home/lzf/ros2_rmf_ws/install/rmf_visualization_msgs:/home/lzf/ros2_rmf_ws/install/rmf_traffic_ros2:/home/lzf/ros2_rmf_ws/install/rmf_task_sequence:/home/lzf/ros2_rmf_ws/install/rmf_task:/home/lzf/ros2_rmf_ws/install/rmf_battery:/home/lzf/ros2_rmf_ws/install/rmf_traffic:/home/lzf/ros2_rmf_ws/install/rmf_utils:/home/lzf/ros2_rmf_ws/install/rmf_traffic_msgs:/home/lzf/ros2_rmf_ws/install/rmf_traffic_editor_test_maps:/home/lzf/ros2_rmf_ws/install/rmf_traffic_editor_assets:/home/lzf/ros2_rmf_ws/install/rmf_traffic_editor:/home/lzf/ros2_rmf_ws/install/rmf_task_msgs:/home/lzf/ros2_rmf_ws/install/rmf_site_map_msgs:/home/lzf/ros2_rmf_ws/install/rmf_scheduler_msgs:/home/lzf/ros2_rmf_ws/install/rmf_robot_sim_gz_plugins:/home/lzf/ros2_rmf_ws/install/rmf_robot_sim_common:/home/lzf/ros2_rmf_ws/install/rmf_obstacle_msgs:/home/lzf/ros2_rmf_ws/install/rmf_building_sim_gz_plugins:/home/lzf/ros2_rmf_ws/install/rmf_lift_msgs:/home/lzf/ros2_rmf_ws/install/rmf_ingestor_msgs:/home/lzf/ros2_rmf_ws/install/rmf_fleet_msgs:/home/lzf/ros2_rmf_ws/install/rmf_door_msgs:/home/lzf/ros2_rmf_ws/install/rmf_demos_maps:/home/lzf/ros2_rmf_ws/install/rmf_demos_assets:/home/lzf/ros2_rmf_ws/install/rmf_charger_msgs:/home/lzf/ros2_rmf_ws/install/rmf_api_msgs:/home/lzf/ros2_rmf_ws/install/pybind11_json_vendor:/home/lzf/ros2_rmf_ws/install/nlohmann_json_schema_validator_vendor:/home/lzf/ros2_rmf_ws/install/rmf_demos_fleet_adapter:/home/lzf/ros2_rmf_ws/install/rmf_visualization_building_systems:/home/lzf/ros2_rmf_ws/install/rmf_traffic_examples:/home/lzf/ros2_rmf_ws/install/rmf_demos_bridges:/home/lzf/ros2_rmf_ws/install/rmf_demos_tasks:/home/lzf/ros2_rmf_ws/install/rmf_building_map_tools:/home/lzf/ros2_rmf_ws/install/rmf_charging_schedule:/home/lzf/ros2_rmf_ws/install/rmf_dispenser_msgs:/home/lzf/ros2_rmf_ws/install/rmf_building_map_msgs:/home/lzf/ros2_rmf_ws/install/case_study2_pointcloud_viz:/home/lzf/ros2_rmf_ws/install/case_study2_gazebo:/home/lzf/ros2_free_fleet_ws/install/free_fleet:/opt/ros/jazzy:/home/lzf/ros2_rmf_ws/install/menge_vendor:/home/lzf/ros2_rmf_ws/install/ament_cmake_catch2:/home/lzf/ros2_rmf_map_ws/install/rmf_burger_maps:/home/lzf/ros2_free_fleet_ws/install/free_fleet_examples:/home/lzf/ros2_free_fleet_ws/install/free_fleet_adapter:/opt/ros/jazzy/opt/gz_sim_vendor:/opt/ros/jazzy/opt/gz_sensors_vendor:/opt/ros/jazzy/opt/gz_physics_vendor:/opt/ros/jazzy/opt/sdformat_vendor:/opt/ros/jazzy/opt/gz_gui_vendor:/opt/ros/jazzy/opt/gz_transport_vendor:/opt/ros/jazzy/opt/gz_rendering_vendor:/opt/ros/jazzy/opt/gz_plugin_vendor:/opt/ros/jazzy/opt/gz_fuel_tools_vendor:/opt/ros/jazzy/opt/gz_msgs_vendor:/opt/ros/jazzy/opt/gz_common_vendor:/opt/ros/jazzy/opt/gz_math_vendor:/opt/ros/jazzy/opt/gz_utils_vendor:/opt/ros/jazzy/opt/gz_tools_vendor:/opt/ros/jazzy/opt/gz_ogre_next_vendor:/opt/ros/jazzy/opt/gz_dartsim_vendor:/opt/ros/jazzy/opt/gz_cmake_vendor DEBUGINFOD_URLS=https://debuginfod.ubuntu.com /usr/bin/cmake --build /home/lzf/chapt9/fishbot_ws/build/micro_ros_msgs -- -j28 -l28
[3.349s] Invoking command in '/home/lzf/chapt9/fishbot_ws/build/micro_ros_msgs': CMAKE_PREFIX_PATH=/home/lzf/ros2_rmf_ws/install/rmf_workcell_msgs:/home/lzf/ros2_rmf_ws/install/rmf_demos_gz:/home/lzf/ros2_rmf_ws/install/rmf_demos:/home/lzf/ros2_rmf_ws/install/rmf_fleet_adapter_python:/home/lzf/ros2_rmf_ws/install/rmf_fleet_adapter:/home/lzf/ros2_rmf_ws/install/rmf_task_ros2:/home/lzf/ros2_rmf_ws/install/rmf_websocket:/home/lzf/ros2_rmf_ws/install/rmf_visualization:/home/lzf/ros2_rmf_ws/install/rmf_visualization_schedule:/home/lzf/ros2_rmf_ws/install/rmf_visualization_rviz2_plugins:/home/lzf/ros2_rmf_ws/install/rmf_visualization_obstacles:/home/lzf/ros2_rmf_ws/install/rmf_visualization_navgraphs:/home/lzf/ros2_rmf_ws/install/rmf_visualization_floorplans:/home/lzf/ros2_rmf_ws/install/rmf_visualization_fleet_states:/home/lzf/ros2_rmf_ws/install/rmf_visualization_msgs:/home/lzf/ros2_rmf_ws/install/rmf_traffic_ros2:/home/lzf/ros2_rmf_ws/install/rmf_task_sequence:/home/lzf/ros2_rmf_ws/install/rmf_task:/home/lzf/ros2_rmf_ws/install/rmf_battery:/home/lzf/ros2_rmf_ws/install/rmf_traffic:/home/lzf/ros2_rmf_ws/install/rmf_utils:/home/lzf/ros2_rmf_ws/install/rmf_traffic_msgs:/home/lzf/ros2_rmf_ws/install/rmf_traffic_editor_test_maps:/home/lzf/ros2_rmf_ws/install/rmf_traffic_editor_assets:/home/lzf/ros2_rmf_ws/install/rmf_traffic_editor:/home/lzf/ros2_rmf_ws/install/rmf_task_msgs:/home/lzf/ros2_rmf_ws/install/rmf_site_map_msgs:/home/lzf/ros2_rmf_ws/install/rmf_scheduler_msgs:/home/lzf/ros2_rmf_ws/install/rmf_robot_sim_gz_plugins:/home/lzf/ros2_rmf_ws/install/rmf_robot_sim_common:/home/lzf/ros2_rmf_ws/install/rmf_obstacle_msgs:/home/lzf/ros2_rmf_ws/install/rmf_building_sim_gz_plugins:/home/lzf/ros2_rmf_ws/install/rmf_lift_msgs:/home/lzf/ros2_rmf_ws/install/rmf_ingestor_msgs:/home/lzf/ros2_rmf_ws/install/rmf_fleet_msgs:/home/lzf/ros2_rmf_ws/install/rmf_door_msgs:/home/lzf/ros2_rmf_ws/install/rmf_demos_maps:/home/lzf/ros2_rmf_ws/install/rmf_demos_assets:/home/lzf/ros2_rmf_ws/install/rmf_charger_msgs:/home/lzf/ros2_rmf_ws/install/rmf_api_msgs:/home/lzf/ros2_rmf_ws/install/pybind11_json_vendor:/home/lzf/ros2_rmf_ws/install/nlohmann_json_schema_validator_vendor:/home/lzf/ros2_rmf_ws/install/rmf_demos_fleet_adapter:/home/lzf/ros2_rmf_ws/install/rmf_visualization_building_systems:/home/lzf/ros2_rmf_ws/install/rmf_traffic_examples:/home/lzf/ros2_rmf_ws/install/rmf_demos_bridges:/home/lzf/ros2_rmf_ws/install/rmf_demos_tasks:/home/lzf/ros2_rmf_ws/install/rmf_building_map_tools:/home/lzf/ros2_rmf_ws/install/rmf_charging_schedule:/home/lzf/ros2_rmf_ws/install/rmf_dispenser_msgs:/home/lzf/ros2_rmf_ws/install/rmf_building_map_msgs:/home/lzf/ros2_rmf_ws/install/case_study2_pointcloud_viz:/home/lzf/ros2_rmf_ws/install/case_study2_gazebo:/home/lzf/ros2_free_fleet_ws/install/free_fleet:/opt/ros/jazzy:/home/lzf/ros2_rmf_ws/install/menge_vendor:/home/lzf/ros2_rmf_ws/install/ament_cmake_catch2:/home/lzf/ros2_rmf_map_ws/install/rmf_burger_maps:/home/lzf/ros2_free_fleet_ws/install/free_fleet_examples:/home/lzf/ros2_free_fleet_ws/install/free_fleet_adapter:/opt/ros/jazzy/opt/gz_sim_vendor:/opt/ros/jazzy/opt/gz_sensors_vendor:/opt/ros/jazzy/opt/gz_physics_vendor:/opt/ros/jazzy/opt/sdformat_vendor:/opt/ros/jazzy/opt/gz_gui_vendor:/opt/ros/jazzy/opt/gz_transport_vendor:/opt/ros/jazzy/opt/gz_rendering_vendor:/opt/ros/jazzy/opt/gz_plugin_vendor:/opt/ros/jazzy/opt/gz_fuel_tools_vendor:/opt/ros/jazzy/opt/gz_msgs_vendor:/opt/ros/jazzy/opt/gz_common_vendor:/opt/ros/jazzy/opt/gz_math_vendor:/opt/ros/jazzy/opt/gz_utils_vendor:/opt/ros/jazzy/opt/gz_tools_vendor:/opt/ros/jazzy/opt/gz_ogre_next_vendor:/opt/ros/jazzy/opt/gz_dartsim_vendor:/opt/ros/jazzy/opt/gz_cmake_vendor DEBUGINFOD_URLS=https://debuginfod.ubuntu.com /usr/bin/cmake --install /home/lzf/chapt9/fishbot_ws/build/micro_ros_msgs
[3.353s] -- Install configuration: ""
[3.354s] -- Installing: /home/lzf/chapt9/fishbot_ws/install/micro_ros_msgs/share/ament_index/resource_index/rosidl_interfaces/micro_ros_msgs
[3.354s] -- Installing: /home/lzf/chapt9/fishbot_ws/install/micro_ros_msgs/share/micro_ros_msgs/msg/Graph.json
[3.354s] -- Installing: /home/lzf/chapt9/fishbot_ws/install/micro_ros_msgs/share/micro_ros_msgs/msg/Node.json
[3.354s] -- Installing: /home/lzf/chapt9/fishbot_ws/install/micro_ros_msgs/share/micro_ros_msgs/msg/Entity.json
[3.354s] -- Installing: /home/lzf/chapt9/fishbot_ws/install/micro_ros_msgs/include/micro_ros_msgs/micro_ros_msgs
[3.354s] -- Installing: /home/lzf/chapt9/fishbot_ws/install/micro_ros_msgs/include/micro_ros_msgs/micro_ros_msgs/msg
[3.354s] -- Installing: /home/lzf/chapt9/fishbot_ws/install/micro_ros_msgs/include/micro_ros_msgs/micro_ros_msgs/msg/rosidl_generator_c__visibility_control.h
[3.354s] -- Installing: /home/lzf/chapt9/fishbot_ws/install/micro_ros_msgs/include/micro_ros_msgs/micro_ros_msgs/msg/graph.h
[3.354s] -- Installing: /home/lzf/chapt9/fishbot_ws/install/micro_ros_msgs/include/micro_ros_msgs/micro_ros_msgs/msg/detail
[3.354s] -- Installing: /home/lzf/chapt9/fishbot_ws/install/micro_ros_msgs/include/micro_ros_msgs/micro_ros_msgs/msg/detail/entity__description.c
[3.354s] -- Installing: /home/lzf/chapt9/fishbot_ws/install/micro_ros_msgs/include/micro_ros_msgs/micro_ros_msgs/msg/detail/graph__type_support.h
[3.354s] -- Installing: /home/lzf/chapt9/fishbot_ws/install/micro_ros_msgs/include/micro_ros_msgs/micro_ros_msgs/msg/detail/node__struct.h
[3.354s] -- Installing: /home/lzf/chapt9/fishbot_ws/install/micro_ros_msgs/include/micro_ros_msgs/micro_ros_msgs/msg/detail/node__functions.h
[3.354s] -- Installing: /home/lzf/chapt9/fishbot_ws/install/micro_ros_msgs/include/micro_ros_msgs/micro_ros_msgs/msg/detail/entity__functions.c
[3.354s] -- Installing: /home/lzf/chapt9/fishbot_ws/install/micro_ros_msgs/include/micro_ros_msgs/micro_ros_msgs/msg/detail/entity__struct.h
[3.354s] -- Installing: /home/lzf/chapt9/fishbot_ws/install/micro_ros_msgs/include/micro_ros_msgs/micro_ros_msgs/msg/detail/graph__struct.h
[3.354s] -- Installing: /home/lzf/chapt9/fishbot_ws/install/micro_ros_msgs/include/micro_ros_msgs/micro_ros_msgs/msg/detail/graph__functions.c
[3.354s] -- Installing: /home/lzf/chapt9/fishbot_ws/install/micro_ros_msgs/include/micro_ros_msgs/micro_ros_msgs/msg/detail/entity__type_support.c
[3.354s] -- Installing: /home/lzf/chapt9/fishbot_ws/install/micro_ros_msgs/include/micro_ros_msgs/micro_ros_msgs/msg/detail/graph__description.c
[3.354s] -- Installing: /home/lzf/chapt9/fishbot_ws/install/micro_ros_msgs/include/micro_ros_msgs/micro_ros_msgs/msg/detail/node__type_support.h
[3.354s] -- Installing: /home/lzf/chapt9/fishbot_ws/install/micro_ros_msgs/include/micro_ros_msgs/micro_ros_msgs/msg/detail/graph__functions.h
[3.354s] -- Installing: /home/lzf/chapt9/fishbot_ws/install/micro_ros_msgs/include/micro_ros_msgs/micro_ros_msgs/msg/detail/node__description.c
[3.354s] -- Installing: /home/lzf/chapt9/fishbot_ws/install/micro_ros_msgs/include/micro_ros_msgs/micro_ros_msgs/msg/detail/entity__functions.h
[3.354s] -- Installing: /home/lzf/chapt9/fishbot_ws/install/micro_ros_msgs/include/micro_ros_msgs/micro_ros_msgs/msg/detail/node__functions.c
[3.354s] -- Installing: /home/lzf/chapt9/fishbot_ws/install/micro_ros_msgs/include/micro_ros_msgs/micro_ros_msgs/msg/detail/entity__type_support.h
[3.354s] -- Installing: /home/lzf/chapt9/fishbot_ws/install/micro_ros_msgs/include/micro_ros_msgs/micro_ros_msgs/msg/detail/node__type_support.c
[3.354s] -- Installing: /home/lzf/chapt9/fishbot_ws/install/micro_ros_msgs/include/micro_ros_msgs/micro_ros_msgs/msg/detail/graph__type_support.c
[3.354s] -- Installing: /home/lzf/chapt9/fishbot_ws/install/micro_ros_msgs/include/micro_ros_msgs/micro_ros_msgs/msg/node.h
[3.354s] -- Installing: /home/lzf/chapt9/fishbot_ws/install/micro_ros_msgs/include/micro_ros_msgs/micro_ros_msgs/msg/entity.h
[3.354s] -- Installing: /home/lzf/chapt9/fishbot_ws/install/micro_ros_msgs/share/micro_ros_msgs/environment/library_path.sh
[3.355s] -- Installing: /home/lzf/chapt9/fishbot_ws/install/micro_ros_msgs/share/micro_ros_msgs/environment/library_path.dsv
[3.355s] -- Installing: /home/lzf/chapt9/fishbot_ws/install/micro_ros_msgs/lib/libmicro_ros_msgs__rosidl_generator_c.so
[3.355s] -- Set non-toolchain portion of runtime path of "/home/lzf/chapt9/fishbot_ws/install/micro_ros_msgs/lib/libmicro_ros_msgs__rosidl_generator_c.so" to ""
[3.355s] -- Up-to-date: /home/lzf/chapt9/fishbot_ws/install/micro_ros_msgs/include/micro_ros_msgs/micro_ros_msgs
[3.355s] -- Up-to-date: /home/lzf/chapt9/fishbot_ws/install/micro_ros_msgs/include/micro_ros_msgs/micro_ros_msgs/msg
[3.355s] -- Installing: /home/lzf/chapt9/fishbot_ws/install/micro_ros_msgs/include/micro_ros_msgs/micro_ros_msgs/msg/rosidl_typesupport_fastrtps_c__visibility_control.h
[3.355s] -- Up-to-date: /home/lzf/chapt9/fishbot_ws/install/micro_ros_msgs/include/micro_ros_msgs/micro_ros_msgs/msg/detail
[3.355s] -- Installing: /home/lzf/chapt9/fishbot_ws/install/micro_ros_msgs/include/micro_ros_msgs/micro_ros_msgs/msg/detail/graph__rosidl_typesupport_fastrtps_c.h
[3.355s] -- Installing: /home/lzf/chapt9/fishbot_ws/install/micro_ros_msgs/include/micro_ros_msgs/micro_ros_msgs/msg/detail/entity__rosidl_typesupport_fastrtps_c.h
[3.355s] -- Installing: /home/lzf/chapt9/fishbot_ws/install/micro_ros_msgs/include/micro_ros_msgs/micro_ros_msgs/msg/detail/node__rosidl_typesupport_fastrtps_c.h
[3.355s] -- Installing: /home/lzf/chapt9/fishbot_ws/install/micro_ros_msgs/lib/libmicro_ros_msgs__rosidl_typesupport_fastrtps_c.so
[3.355s] -- Set non-toolchain portion of runtime path of "/home/lzf/chapt9/fishbot_ws/install/micro_ros_msgs/lib/libmicro_ros_msgs__rosidl_typesupport_fastrtps_c.so" to ""
[3.355s] -- Up-to-date: /home/lzf/chapt9/fishbot_ws/install/micro_ros_msgs/include/micro_ros_msgs/micro_ros_msgs
[3.355s] -- Up-to-date: /home/lzf/chapt9/fishbot_ws/install/micro_ros_msgs/include/micro_ros_msgs/micro_ros_msgs/msg
[3.355s] -- Installing: /home/lzf/chapt9/fishbot_ws/install/micro_ros_msgs/include/micro_ros_msgs/micro_ros_msgs/msg/rosidl_typesupport_introspection_c__visibility_control.h
[3.355s] -- Up-to-date: /home/lzf/chapt9/fishbot_ws/install/micro_ros_msgs/include/micro_ros_msgs/micro_ros_msgs/msg/detail
[3.355s] -- Installing: /home/lzf/chapt9/fishbot_ws/install/micro_ros_msgs/include/micro_ros_msgs/micro_ros_msgs/msg/detail/graph__rosidl_typesupport_introspection_c.h
[3.355s] -- Installing: /home/lzf/chapt9/fishbot_ws/install/micro_ros_msgs/include/micro_ros_msgs/micro_ros_msgs/msg/detail/entity__rosidl_typesupport_introspection_c.h
[3.355s] -- Up-to-date: /home/lzf/chapt9/fishbot_ws/install/micro_ros_msgs/include/micro_ros_msgs/micro_ros_msgs/msg/detail/entity__type_support.c
[3.355s] -- Installing: /home/lzf/chapt9/fishbot_ws/install/micro_ros_msgs/include/micro_ros_msgs/micro_ros_msgs/msg/detail/node__rosidl_typesupport_introspection_c.h
[3.355s] -- Up-to-date: /home/lzf/chapt9/fishbot_ws/install/micro_ros_msgs/include/micro_ros_msgs/micro_ros_msgs/msg/detail/node__type_support.c
[3.355s] -- Up-to-date: /home/lzf/chapt9/fishbot_ws/install/micro_ros_msgs/include/micro_ros_msgs/micro_ros_msgs/msg/detail/graph__type_support.c
[3.355s] -- Installing: /home/lzf/chapt9/fishbot_ws/install/micro_ros_msgs/lib/libmicro_ros_msgs__rosidl_typesupport_introspection_c.so
[3.355s] -- Set non-toolchain portion of runtime path of "/home/lzf/chapt9/fishbot_ws/install/micro_ros_msgs/lib/libmicro_ros_msgs__rosidl_typesupport_introspection_c.so" to ""
[3.355s] -- Installing: /home/lzf/chapt9/fishbot_ws/install/micro_ros_msgs/lib/libmicro_ros_msgs__rosidl_typesupport_c.so
[3.355s] -- Set non-toolchain portion of runtime path of "/home/lzf/chapt9/fishbot_ws/install/micro_ros_msgs/lib/libmicro_ros_msgs__rosidl_typesupport_c.so" to ""
[3.355s] -- Up-to-date: /home/lzf/chapt9/fishbot_ws/install/micro_ros_msgs/include/micro_ros_msgs/micro_ros_msgs
[3.355s] -- Up-to-date: /home/lzf/chapt9/fishbot_ws/install/micro_ros_msgs/include/micro_ros_msgs/micro_ros_msgs/msg
[3.355s] -- Installing: /home/lzf/chapt9/fishbot_ws/install/micro_ros_msgs/include/micro_ros_msgs/micro_ros_msgs/msg/rosidl_generator_cpp__visibility_control.hpp
[3.355s] -- Installing: /home/lzf/chapt9/fishbot_ws/install/micro_ros_msgs/include/micro_ros_msgs/micro_ros_msgs/msg/entity.hpp
[3.355s] -- Up-to-date: /home/lzf/chapt9/fishbot_ws/install/micro_ros_msgs/include/micro_ros_msgs/micro_ros_msgs/msg/detail
[3.356s] -- Installing: /home/lzf/chapt9/fishbot_ws/install/micro_ros_msgs/include/micro_ros_msgs/micro_ros_msgs/msg/detail/entity__builder.hpp
[3.356s] -- Installing: /home/lzf/chapt9/fishbot_ws/install/micro_ros_msgs/include/micro_ros_msgs/micro_ros_msgs/msg/detail/entity__traits.hpp
[3.356s] -- Installing: /home/lzf/chapt9/fishbot_ws/install/micro_ros_msgs/include/micro_ros_msgs/micro_ros_msgs/msg/detail/graph__builder.hpp
[3.356s] -- Installing: /home/lzf/chapt9/fishbot_ws/install/micro_ros_msgs/include/micro_ros_msgs/micro_ros_msgs/msg/detail/node__builder.hpp
[3.356s] -- Installing: /home/lzf/chapt9/fishbot_ws/install/micro_ros_msgs/include/micro_ros_msgs/micro_ros_msgs/msg/detail/node__type_support.hpp
[3.356s] -- Installing: /home/lzf/chapt9/fishbot_ws/install/micro_ros_msgs/include/micro_ros_msgs/micro_ros_msgs/msg/detail/graph__type_support.hpp
[3.356s] -- Installing: /home/lzf/chapt9/fishbot_ws/install/micro_ros_msgs/include/micro_ros_msgs/micro_ros_msgs/msg/detail/graph__struct.hpp
[3.356s] -- Installing: /home/lzf/chapt9/fishbot_ws/install/micro_ros_msgs/include/micro_ros_msgs/micro_ros_msgs/msg/detail/node__traits.hpp
[3.356s] -- Installing: /home/lzf/chapt9/fishbot_ws/install/micro_ros_msgs/include/micro_ros_msgs/micro_ros_msgs/msg/detail/graph__traits.hpp
[3.356s] -- Installing: /home/lzf/chapt9/fishbot_ws/install/micro_ros_msgs/include/micro_ros_msgs/micro_ros_msgs/msg/detail/entity__struct.hpp
[3.356s] -- Installing: /home/lzf/chapt9/fishbot_ws/install/micro_ros_msgs/include/micro_ros_msgs/micro_ros_msgs/msg/detail/node__struct.hpp
[3.356s] -- Installing: /home/lzf/chapt9/fishbot_ws/install/micro_ros_msgs/include/micro_ros_msgs/micro_ros_msgs/msg/detail/entity__type_support.hpp
[3.356s] -- Installing: /home/lzf/chapt9/fishbot_ws/install/micro_ros_msgs/include/micro_ros_msgs/micro_ros_msgs/msg/graph.hpp
[3.356s] -- Installing: /home/lzf/chapt9/fishbot_ws/install/micro_ros_msgs/include/micro_ros_msgs/micro_ros_msgs/msg/node.hpp
[3.356s] -- Up-to-date: /home/lzf/chapt9/fishbot_ws/install/micro_ros_msgs/include/micro_ros_msgs/micro_ros_msgs
[3.356s] -- Up-to-date: /home/lzf/chapt9/fishbot_ws/install/micro_ros_msgs/include/micro_ros_msgs/micro_ros_msgs/msg
[3.356s] -- Up-to-date: /home/lzf/chapt9/fishbot_ws/install/micro_ros_msgs/include/micro_ros_msgs/micro_ros_msgs/msg/detail
[3.356s] -- Installing: /home/lzf/chapt9/fishbot_ws/install/micro_ros_msgs/include/micro_ros_msgs/micro_ros_msgs/msg/detail/dds_fastrtps
[3.356s] -- Installing: /home/lzf/chapt9/fishbot_ws/install/micro_ros_msgs/include/micro_ros_msgs/micro_ros_msgs/msg/detail/graph__rosidl_typesupport_fastrtps_cpp.hpp
[3.356s] -- Installing: /home/lzf/chapt9/fishbot_ws/install/micro_ros_msgs/include/micro_ros_msgs/micro_ros_msgs/msg/detail/entity__rosidl_typesupport_fastrtps_cpp.hpp
[3.356s] -- Installing: /home/lzf/chapt9/fishbot_ws/install/micro_ros_msgs/include/micro_ros_msgs/micro_ros_msgs/msg/detail/node__rosidl_typesupport_fastrtps_cpp.hpp
[3.356s] -- Installing: /home/lzf/chapt9/fishbot_ws/install/micro_ros_msgs/include/micro_ros_msgs/micro_ros_msgs/msg/rosidl_typesupport_fastrtps_cpp__visibility_control.h
[3.356s] -- Installing: /home/lzf/chapt9/fishbot_ws/install/micro_ros_msgs/lib/libmicro_ros_msgs__rosidl_typesupport_fastrtps_cpp.so
[3.356s] -- Set non-toolchain portion of runtime path of "/home/lzf/chapt9/fishbot_ws/install/micro_ros_msgs/lib/libmicro_ros_msgs__rosidl_typesupport_fastrtps_cpp.so" to ""
[3.356s] -- Up-to-date: /home/lzf/chapt9/fishbot_ws/install/micro_ros_msgs/include/micro_ros_msgs/micro_ros_msgs
[3.356s] -- Up-to-date: /home/lzf/chapt9/fishbot_ws/install/micro_ros_msgs/include/micro_ros_msgs/micro_ros_msgs/msg
[3.356s] -- Up-to-date: /home/lzf/chapt9/fishbot_ws/install/micro_ros_msgs/include/micro_ros_msgs/micro_ros_msgs/msg/detail
[3.356s] -- Installing: /home/lzf/chapt9/fishbot_ws/install/micro_ros_msgs/include/micro_ros_msgs/micro_ros_msgs/msg/detail/entity__type_support.cpp
[3.356s] -- Installing: /home/lzf/chapt9/fishbot_ws/install/micro_ros_msgs/include/micro_ros_msgs/micro_ros_msgs/msg/detail/node__rosidl_typesupport_introspection_cpp.hpp
[3.356s] -- Installing: /home/lzf/chapt9/fishbot_ws/install/micro_ros_msgs/include/micro_ros_msgs/micro_ros_msgs/msg/detail/graph__rosidl_typesupport_introspection_cpp.hpp
[3.356s] -- Installing: /home/lzf/chapt9/fishbot_ws/install/micro_ros_msgs/include/micro_ros_msgs/micro_ros_msgs/msg/detail/entity__rosidl_typesupport_introspection_cpp.hpp
[3.356s] -- Installing: /home/lzf/chapt9/fishbot_ws/install/micro_ros_msgs/include/micro_ros_msgs/micro_ros_msgs/msg/detail/graph__type_support.cpp
[3.356s] -- Installing: /home/lzf/chapt9/fishbot_ws/install/micro_ros_msgs/include/micro_ros_msgs/micro_ros_msgs/msg/detail/node__type_support.cpp
[3.356s] -- Installing: /home/lzf/chapt9/fishbot_ws/install/micro_ros_msgs/lib/libmicro_ros_msgs__rosidl_typesupport_introspection_cpp.so
[3.357s] -- Set non-toolchain portion of runtime path of "/home/lzf/chapt9/fishbot_ws/install/micro_ros_msgs/lib/libmicro_ros_msgs__rosidl_typesupport_introspection_cpp.so" to ""
[3.357s] -- Installing: /home/lzf/chapt9/fishbot_ws/install/micro_ros_msgs/lib/libmicro_ros_msgs__rosidl_typesupport_cpp.so
[3.357s] -- Set non-toolchain portion of runtime path of "/home/lzf/chapt9/fishbot_ws/install/micro_ros_msgs/lib/libmicro_ros_msgs__rosidl_typesupport_cpp.so" to ""
[3.357s] -- Installing: /home/lzf/chapt9/fishbot_ws/install/micro_ros_msgs/share/micro_ros_msgs/environment/pythonpath.sh
[3.357s] -- Installing: /home/lzf/chapt9/fishbot_ws/install/micro_ros_msgs/share/micro_ros_msgs/environment/pythonpath.dsv
[3.357s] -- Installing: /home/lzf/chapt9/fishbot_ws/install/micro_ros_msgs/lib/python3.12/site-packages/micro_ros_msgs-5.0.2-py3.12.egg-info
[3.357s] -- Installing: /home/lzf/chapt9/fishbot_ws/install/micro_ros_msgs/lib/python3.12/site-packages/micro_ros_msgs-5.0.2-py3.12.egg-info/SOURCES.txt
[3.357s] -- Installing: /home/lzf/chapt9/fishbot_ws/install/micro_ros_msgs/lib/python3.12/site-packages/micro_ros_msgs-5.0.2-py3.12.egg-info/top_level.txt
[3.357s] -- Installing: /home/lzf/chapt9/fishbot_ws/install/micro_ros_msgs/lib/python3.12/site-packages/micro_ros_msgs-5.0.2-py3.12.egg-info/dependency_links.txt
[3.357s] -- Installing: /home/lzf/chapt9/fishbot_ws/install/micro_ros_msgs/lib/python3.12/site-packages/micro_ros_msgs-5.0.2-py3.12.egg-info/PKG-INFO
[3.357s] -- Installing: /home/lzf/chapt9/fishbot_ws/install/micro_ros_msgs/lib/python3.12/site-packages/micro_ros_msgs
[3.357s] -- Installing: /home/lzf/chapt9/fishbot_ws/install/micro_ros_msgs/lib/python3.12/site-packages/micro_ros_msgs/msg
[3.357s] -- Installing: /home/lzf/chapt9/fishbot_ws/install/micro_ros_msgs/lib/python3.12/site-packages/micro_ros_msgs/msg/_node_s.c
[3.357s] -- Installing: /home/lzf/chapt9/fishbot_ws/install/micro_ros_msgs/lib/python3.12/site-packages/micro_ros_msgs/msg/_graph_s.c
[3.357s] -- Installing: /home/lzf/chapt9/fishbot_ws/install/micro_ros_msgs/lib/python3.12/site-packages/micro_ros_msgs/msg/__init__.py
[3.357s] -- Installing: /home/lzf/chapt9/fishbot_ws/install/micro_ros_msgs/lib/python3.12/site-packages/micro_ros_msgs/msg/_node.py
[3.357s] -- Installing: /home/lzf/chapt9/fishbot_ws/install/micro_ros_msgs/lib/python3.12/site-packages/micro_ros_msgs/msg/_graph.py
[3.357s] -- Installing: /home/lzf/chapt9/fishbot_ws/install/micro_ros_msgs/lib/python3.12/site-packages/micro_ros_msgs/msg/_entity_s.c
[3.357s] -- Installing: /home/lzf/chapt9/fishbot_ws/install/micro_ros_msgs/lib/python3.12/site-packages/micro_ros_msgs/msg/_entity.py
[3.357s] -- Installing: /home/lzf/chapt9/fishbot_ws/install/micro_ros_msgs/lib/python3.12/site-packages/micro_ros_msgs/micro_ros_msgs_s__rosidl_typesupport_fastrtps_c.so
[3.357s] -- Installing: /home/lzf/chapt9/fishbot_ws/install/micro_ros_msgs/lib/python3.12/site-packages/micro_ros_msgs/micro_ros_msgs_s__rosidl_typesupport_c.so
[3.357s] -- Installing: /home/lzf/chapt9/fishbot_ws/install/micro_ros_msgs/lib/python3.12/site-packages/micro_ros_msgs/micro_ros_msgs_s__rosidl_typesupport_introspection_c.so
[3.357s] -- Installing: /home/lzf/chapt9/fishbot_ws/install/micro_ros_msgs/lib/python3.12/site-packages/micro_ros_msgs/__init__.py
[3.357s] -- Installing: /home/lzf/chapt9/fishbot_ws/install/micro_ros_msgs/lib/python3.12/site-packages/micro_ros_msgs/_micro_ros_msgs_s.ep.rosidl_typesupport_introspection_c.c
[3.357s] -- Installing: /home/lzf/chapt9/fishbot_ws/install/micro_ros_msgs/lib/python3.12/site-packages/micro_ros_msgs/_micro_ros_msgs_s.ep.rosidl_typesupport_c.c
[3.357s] -- Installing: /home/lzf/chapt9/fishbot_ws/install/micro_ros_msgs/lib/python3.12/site-packages/micro_ros_msgs/_micro_ros_msgs_s.ep.rosidl_typesupport_fastrtps_c.c
[3.381s] Listing '/home/lzf/chapt9/fishbot_ws/install/micro_ros_msgs/lib/python3.12/site-packages/micro_ros_msgs'...
[3.381s] Compiling '/home/lzf/chapt9/fishbot_ws/install/micro_ros_msgs/lib/python3.12/site-packages/micro_ros_msgs/__init__.py'...
[3.381s] Listing '/home/lzf/chapt9/fishbot_ws/install/micro_ros_msgs/lib/python3.12/site-packages/micro_ros_msgs/msg'...
[3.381s] Compiling '/home/lzf/chapt9/fishbot_ws/install/micro_ros_msgs/lib/python3.12/site-packages/micro_ros_msgs/msg/__init__.py'...
[3.381s] Compiling '/home/lzf/chapt9/fishbot_ws/install/micro_ros_msgs/lib/python3.12/site-packages/micro_ros_msgs/msg/_entity.py'...
[3.381s] Compiling '/home/lzf/chapt9/fishbot_ws/install/micro_ros_msgs/lib/python3.12/site-packages/micro_ros_msgs/msg/_graph.py'...
[3.381s] Compiling '/home/lzf/chapt9/fishbot_ws/install/micro_ros_msgs/lib/python3.12/site-packages/micro_ros_msgs/msg/_node.py'...
[3.384s] -- Installing: /home/lzf/chapt9/fishbot_ws/install/micro_ros_msgs/lib/python3.12/site-packages/micro_ros_msgs/micro_ros_msgs_s__rosidl_typesupport_fastrtps_c.so
[3.384s] -- Set non-toolchain portion of runtime path of "/home/lzf/chapt9/fishbot_ws/install/micro_ros_msgs/lib/python3.12/site-packages/micro_ros_msgs/micro_ros_msgs_s__rosidl_typesupport_fastrtps_c.so" to ""
[3.384s] -- Installing: /home/lzf/chapt9/fishbot_ws/install/micro_ros_msgs/lib/python3.12/site-packages/micro_ros_msgs/micro_ros_msgs_s__rosidl_typesupport_introspection_c.so
[3.384s] -- Set non-toolchain portion of runtime path of "/home/lzf/chapt9/fishbot_ws/install/micro_ros_msgs/lib/python3.12/site-packages/micro_ros_msgs/micro_ros_msgs_s__rosidl_typesupport_introspection_c.so" to ""
[3.384s] -- Installing: /home/lzf/chapt9/fishbot_ws/install/micro_ros_msgs/lib/python3.12/site-packages/micro_ros_msgs/micro_ros_msgs_s__rosidl_typesupport_c.so
[3.384s] -- Set non-toolchain portion of runtime path of "/home/lzf/chapt9/fishbot_ws/install/micro_ros_msgs/lib/python3.12/site-packages/micro_ros_msgs/micro_ros_msgs_s__rosidl_typesupport_c.so" to ""
[3.384s] -- Installing: /home/lzf/chapt9/fishbot_ws/install/micro_ros_msgs/lib/libmicro_ros_msgs__rosidl_generator_py.so
[3.385s] -- Set non-toolchain portion of runtime path of "/home/lzf/chapt9/fishbot_ws/install/micro_ros_msgs/lib/libmicro_ros_msgs__rosidl_generator_py.so" to ""
[3.385s] -- Installing: /home/lzf/chapt9/fishbot_ws/install/micro_ros_msgs/share/ament_index/resource_index/rust_packages/micro_ros_msgs
[3.385s] -- Installing: /home/lzf/chapt9/fishbot_ws/install/micro_ros_msgs/share/micro_ros_msgs/rust
[3.385s] -- Installing: /home/lzf/chapt9/fishbot_ws/install/micro_ros_msgs/share/micro_ros_msgs/rust/src
[3.385s] -- Installing: /home/lzf/chapt9/fishbot_ws/install/micro_ros_msgs/share/micro_ros_msgs/rust/src/lib.rs
[3.385s] -- Installing: /home/lzf/chapt9/fishbot_ws/install/micro_ros_msgs/share/micro_ros_msgs/rust/src/msg
[3.385s] -- Installing: /home/lzf/chapt9/fishbot_ws/install/micro_ros_msgs/share/micro_ros_msgs/rust/src/msg/rmw.rs
[3.385s] -- Installing: /home/lzf/chapt9/fishbot_ws/install/micro_ros_msgs/share/micro_ros_msgs/rust/src/msg.rs
[3.385s] -- Installing: /home/lzf/chapt9/fishbot_ws/install/micro_ros_msgs/share/micro_ros_msgs/rust/build.rs
[3.385s] -- Installing: /home/lzf/chapt9/fishbot_ws/install/micro_ros_msgs/share/micro_ros_msgs/rust/Cargo.toml
[3.385s] -- Installing: /home/lzf/chapt9/fishbot_ws/install/micro_ros_msgs/share/micro_ros_msgs/msg/Graph.idl
[3.385s] -- Installing: /home/lzf/chapt9/fishbot_ws/install/micro_ros_msgs/share/micro_ros_msgs/msg/Node.idl
[3.385s] -- Installing: /home/lzf/chapt9/fishbot_ws/install/micro_ros_msgs/share/micro_ros_msgs/msg/Entity.idl
[3.385s] -- Installing: /home/lzf/chapt9/fishbot_ws/install/micro_ros_msgs/share/micro_ros_msgs/msg/Graph.msg
[3.386s] -- Installing: /home/lzf/chapt9/fishbot_ws/install/micro_ros_msgs/share/micro_ros_msgs/msg/Node.msg
[3.386s] -- Installing: /home/lzf/chapt9/fishbot_ws/install/micro_ros_msgs/share/micro_ros_msgs/msg/Entity.msg
[3.386s] -- Installing: /home/lzf/chapt9/fishbot_ws/install/micro_ros_msgs/share/ament_index/resource_index/package_run_dependencies/micro_ros_msgs
[3.386s] -- Installing: /home/lzf/chapt9/fishbot_ws/install/micro_ros_msgs/share/ament_index/resource_index/parent_prefix_path/micro_ros_msgs
[3.386s] -- Installing: /home/lzf/chapt9/fishbot_ws/install/micro_ros_msgs/share/micro_ros_msgs/environment/ament_prefix_path.sh
[3.386s] -- Installing: /home/lzf/chapt9/fishbot_ws/install/micro_ros_msgs/share/micro_ros_msgs/environment/ament_prefix_path.dsv
[3.386s] -- Installing: /home/lzf/chapt9/fishbot_ws/install/micro_ros_msgs/share/micro_ros_msgs/environment/path.sh
[3.386s] -- Installing: /home/lzf/chapt9/fishbot_ws/install/micro_ros_msgs/share/micro_ros_msgs/environment/path.dsv
[3.386s] -- Installing: /home/lzf/chapt9/fishbot_ws/install/micro_ros_msgs/share/micro_ros_msgs/local_setup.bash
[3.386s] -- Installing: /home/lzf/chapt9/fishbot_ws/install/micro_ros_msgs/share/micro_ros_msgs/local_setup.sh
[3.386s] -- Installing: /home/lzf/chapt9/fishbot_ws/install/micro_ros_msgs/share/micro_ros_msgs/local_setup.zsh
[3.386s] -- Installing: /home/lzf/chapt9/fishbot_ws/install/micro_ros_msgs/share/micro_ros_msgs/local_setup.dsv
[3.386s] -- Installing: /home/lzf/chapt9/fishbot_ws/install/micro_ros_msgs/share/micro_ros_msgs/package.dsv
[3.386s] -- Installing: /home/lzf/chapt9/fishbot_ws/install/micro_ros_msgs/share/ament_index/resource_index/packages/micro_ros_msgs
[3.386s] -- Installing: /home/lzf/chapt9/fishbot_ws/install/micro_ros_msgs/share/micro_ros_msgs/cmake/export_micro_ros_msgs__rosidl_generator_cExport.cmake
[3.386s] -- Installing: /home/lzf/chapt9/fishbot_ws/install/micro_ros_msgs/share/micro_ros_msgs/cmake/export_micro_ros_msgs__rosidl_generator_cExport-noconfig.cmake
[3.386s] -- Installing: /home/lzf/chapt9/fishbot_ws/install/micro_ros_msgs/share/micro_ros_msgs/cmake/export_micro_ros_msgs__rosidl_typesupport_fastrtps_cExport.cmake
[3.386s] -- Installing: /home/lzf/chapt9/fishbot_ws/install/micro_ros_msgs/share/micro_ros_msgs/cmake/export_micro_ros_msgs__rosidl_typesupport_fastrtps_cExport-noconfig.cmake
[3.386s] -- Installing: /home/lzf/chapt9/fishbot_ws/install/micro_ros_msgs/share/micro_ros_msgs/cmake/micro_ros_msgs__rosidl_typesupport_introspection_cExport.cmake
[3.386s] -- Installing: /home/lzf/chapt9/fishbot_ws/install/micro_ros_msgs/share/micro_ros_msgs/cmake/micro_ros_msgs__rosidl_typesupport_introspection_cExport-noconfig.cmake
[3.386s] -- Installing: /home/lzf/chapt9/fishbot_ws/install/micro_ros_msgs/share/micro_ros_msgs/cmake/micro_ros_msgs__rosidl_typesupport_cExport.cmake
[3.386s] -- Installing: /home/lzf/chapt9/fishbot_ws/install/micro_ros_msgs/share/micro_ros_msgs/cmake/micro_ros_msgs__rosidl_typesupport_cExport-noconfig.cmake
[3.386s] -- Installing: /home/lzf/chapt9/fishbot_ws/install/micro_ros_msgs/share/micro_ros_msgs/cmake/export_micro_ros_msgs__rosidl_generator_cppExport.cmake
[3.386s] -- Installing: /home/lzf/chapt9/fishbot_ws/install/micro_ros_msgs/share/micro_ros_msgs/cmake/export_micro_ros_msgs__rosidl_typesupport_fastrtps_cppExport.cmake
[3.386s] -- Installing: /home/lzf/chapt9/fishbot_ws/install/micro_ros_msgs/share/micro_ros_msgs/cmake/export_micro_ros_msgs__rosidl_typesupport_fastrtps_cppExport-noconfig.cmake
[3.386s] -- Installing: /home/lzf/chapt9/fishbot_ws/install/micro_ros_msgs/share/micro_ros_msgs/cmake/micro_ros_msgs__rosidl_typesupport_introspection_cppExport.cmake
[3.386s] -- Installing: /home/lzf/chapt9/fishbot_ws/install/micro_ros_msgs/share/micro_ros_msgs/cmake/micro_ros_msgs__rosidl_typesupport_introspection_cppExport-noconfig.cmake
[3.386s] -- Installing: /home/lzf/chapt9/fishbot_ws/install/micro_ros_msgs/share/micro_ros_msgs/cmake/micro_ros_msgs__rosidl_typesupport_cppExport.cmake
[3.386s] -- Installing: /home/lzf/chapt9/fishbot_ws/install/micro_ros_msgs/share/micro_ros_msgs/cmake/micro_ros_msgs__rosidl_typesupport_cppExport-noconfig.cmake
[3.386s] -- Installing: /home/lzf/chapt9/fishbot_ws/install/micro_ros_msgs/share/micro_ros_msgs/cmake/export_micro_ros_msgs__rosidl_generator_pyExport.cmake
[3.386s] -- Installing: /home/lzf/chapt9/fishbot_ws/install/micro_ros_msgs/share/micro_ros_msgs/cmake/export_micro_ros_msgs__rosidl_generator_pyExport-noconfig.cmake
[3.386s] -- Installing: /home/lzf/chapt9/fishbot_ws/install/micro_ros_msgs/share/micro_ros_msgs/cmake/rosidl_cmake-extras.cmake
[3.386s] -- Installing: /home/lzf/chapt9/fishbot_ws/install/micro_ros_msgs/share/micro_ros_msgs/cmake/ament_cmake_export_include_directories-extras.cmake
[3.387s] -- Installing: /home/lzf/chapt9/fishbot_ws/install/micro_ros_msgs/share/micro_ros_msgs/cmake/ament_cmake_export_libraries-extras.cmake
[3.387s] -- Installing: /home/lzf/chapt9/fishbot_ws/install/micro_ros_msgs/share/micro_ros_msgs/cmake/ament_cmake_export_targets-extras.cmake
[3.387s] -- Installing: /home/lzf/chapt9/fishbot_ws/install/micro_ros_msgs/share/micro_ros_msgs/cmake/rosidl_cmake_export_typesupport_targets-extras.cmake
[3.387s] -- Installing: /home/lzf/chapt9/fishbot_ws/install/micro_ros_msgs/share/micro_ros_msgs/cmake/ament_cmake_export_dependencies-extras.cmake
[3.387s] -- Installing: /home/lzf/chapt9/fishbot_ws/install/micro_ros_msgs/share/micro_ros_msgs/cmake/rosidl_cmake_export_typesupport_libraries-extras.cmake
[3.387s] -- Installing: /home/lzf/chapt9/fishbot_ws/install/micro_ros_msgs/share/micro_ros_msgs/cmake/micro_ros_msgsConfig.cmake
[3.387s] -- Installing: /home/lzf/chapt9/fishbot_ws/install/micro_ros_msgs/share/micro_ros_msgs/cmake/micro_ros_msgsConfig-version.cmake
[3.387s] -- Installing: /home/lzf/chapt9/fishbot_ws/install/micro_ros_msgs/share/micro_ros_msgs/package.xml
[3.387s] Invoked command in '/home/lzf/chapt9/fishbot_ws/build/micro_ros_msgs' returned '0': CMAKE_PREFIX_PATH=/home/lzf/ros2_rmf_ws/install/rmf_workcell_msgs:/home/lzf/ros2_rmf_ws/install/rmf_demos_gz:/home/lzf/ros2_rmf_ws/install/rmf_demos:/home/lzf/ros2_rmf_ws/install/rmf_fleet_adapter_python:/home/lzf/ros2_rmf_ws/install/rmf_fleet_adapter:/home/lzf/ros2_rmf_ws/install/rmf_task_ros2:/home/lzf/ros2_rmf_ws/install/rmf_websocket:/home/lzf/ros2_rmf_ws/install/rmf_visualization:/home/lzf/ros2_rmf_ws/install/rmf_visualization_schedule:/home/lzf/ros2_rmf_ws/install/rmf_visualization_rviz2_plugins:/home/lzf/ros2_rmf_ws/install/rmf_visualization_obstacles:/home/lzf/ros2_rmf_ws/install/rmf_visualization_navgraphs:/home/lzf/ros2_rmf_ws/install/rmf_visualization_floorplans:/home/lzf/ros2_rmf_ws/install/rmf_visualization_fleet_states:/home/lzf/ros2_rmf_ws/install/rmf_visualization_msgs:/home/lzf/ros2_rmf_ws/install/rmf_traffic_ros2:/home/lzf/ros2_rmf_ws/install/rmf_task_sequence:/home/lzf/ros2_rmf_ws/install/rmf_task:/home/lzf/ros2_rmf_ws/install/rmf_battery:/home/lzf/ros2_rmf_ws/install/rmf_traffic:/home/lzf/ros2_rmf_ws/install/rmf_utils:/home/lzf/ros2_rmf_ws/install/rmf_traffic_msgs:/home/lzf/ros2_rmf_ws/install/rmf_traffic_editor_test_maps:/home/lzf/ros2_rmf_ws/install/rmf_traffic_editor_assets:/home/lzf/ros2_rmf_ws/install/rmf_traffic_editor:/home/lzf/ros2_rmf_ws/install/rmf_task_msgs:/home/lzf/ros2_rmf_ws/install/rmf_site_map_msgs:/home/lzf/ros2_rmf_ws/install/rmf_scheduler_msgs:/home/lzf/ros2_rmf_ws/install/rmf_robot_sim_gz_plugins:/home/lzf/ros2_rmf_ws/install/rmf_robot_sim_common:/home/lzf/ros2_rmf_ws/install/rmf_obstacle_msgs:/home/lzf/ros2_rmf_ws/install/rmf_building_sim_gz_plugins:/home/lzf/ros2_rmf_ws/install/rmf_lift_msgs:/home/lzf/ros2_rmf_ws/install/rmf_ingestor_msgs:/home/lzf/ros2_rmf_ws/install/rmf_fleet_msgs:/home/lzf/ros2_rmf_ws/install/rmf_door_msgs:/home/lzf/ros2_rmf_ws/install/rmf_demos_maps:/home/lzf/ros2_rmf_ws/install/rmf_demos_assets:/home/lzf/ros2_rmf_ws/install/rmf_charger_msgs:/home/lzf/ros2_rmf_ws/install/rmf_api_msgs:/home/lzf/ros2_rmf_ws/install/pybind11_json_vendor:/home/lzf/ros2_rmf_ws/install/nlohmann_json_schema_validator_vendor:/home/lzf/ros2_rmf_ws/install/rmf_demos_fleet_adapter:/home/lzf/ros2_rmf_ws/install/rmf_visualization_building_systems:/home/lzf/ros2_rmf_ws/install/rmf_traffic_examples:/home/lzf/ros2_rmf_ws/install/rmf_demos_bridges:/home/lzf/ros2_rmf_ws/install/rmf_demos_tasks:/home/lzf/ros2_rmf_ws/install/rmf_building_map_tools:/home/lzf/ros2_rmf_ws/install/rmf_charging_schedule:/home/lzf/ros2_rmf_ws/install/rmf_dispenser_msgs:/home/lzf/ros2_rmf_ws/install/rmf_building_map_msgs:/home/lzf/ros2_rmf_ws/install/case_study2_pointcloud_viz:/home/lzf/ros2_rmf_ws/install/case_study2_gazebo:/home/lzf/ros2_free_fleet_ws/install/free_fleet:/opt/ros/jazzy:/home/lzf/ros2_rmf_ws/install/menge_vendor:/home/lzf/ros2_rmf_ws/install/ament_cmake_catch2:/home/lzf/ros2_rmf_map_ws/install/rmf_burger_maps:/home/lzf/ros2_free_fleet_ws/install/free_fleet_examples:/home/lzf/ros2_free_fleet_ws/install/free_fleet_adapter:/opt/ros/jazzy/opt/gz_sim_vendor:/opt/ros/jazzy/opt/gz_sensors_vendor:/opt/ros/jazzy/opt/gz_physics_vendor:/opt/ros/jazzy/opt/sdformat_vendor:/opt/ros/jazzy/opt/gz_gui_vendor:/opt/ros/jazzy/opt/gz_transport_vendor:/opt/ros/jazzy/opt/gz_rendering_vendor:/opt/ros/jazzy/opt/gz_plugin_vendor:/opt/ros/jazzy/opt/gz_fuel_tools_vendor:/opt/ros/jazzy/opt/gz_msgs_vendor:/opt/ros/jazzy/opt/gz_common_vendor:/opt/ros/jazzy/opt/gz_math_vendor:/opt/ros/jazzy/opt/gz_utils_vendor:/opt/ros/jazzy/opt/gz_tools_vendor:/opt/ros/jazzy/opt/gz_ogre_next_vendor:/opt/ros/jazzy/opt/gz_dartsim_vendor:/opt/ros/jazzy/opt/gz_cmake_vendor DEBUGINFOD_URLS=https://debuginfod.ubuntu.com /usr/bin/cmake --install /home/lzf/chapt9/fishbot_ws/build/micro_ros_msgs
