-- The C compiler identification is GNU 13.3.0
-- The CXX compiler identification is GNU 13.3.0
-- Detecting C compiler ABI info
-- Detecting C compiler ABI info - done
-- Check for working C compiler: /usr/bin/cc - skipped
-- Detecting C compile features
-- Detecting C compile features - done
-- Detecting CXX compiler ABI info
-- Detecting CXX compiler ABI info - done
-- Check for working CXX compiler: /usr/bin/c++ - skipped
-- Detecting CXX compile features
-- Detecting CXX compile features - done
-- Found ament_cmake: 2.5.6 (/opt/ros/jazzy/share/ament_cmake/cmake)
-- Found Python3: /usr/bin/python3 (found version "3.12.3") found components: Interpreter 
-- Found rclcpp: 28.1.18 (/opt/ros/jazzy/share/rclcpp/cmake)
-- Found rosidl_generator_c: 4.6.7 (/opt/ros/jazzy/share/rosidl_generator_c/cmake)
-- Found rosidl_generator_cpp: 4.6.7 (/opt/ros/jazzy/share/rosidl_generator_cpp/cmake)
-- Using all available rosidl_typesupport_c: rosidl_typesupport_fastrtps_c;rosidl_typesupport_introspection_c
-- Using all available rosidl_typesupport_cpp: rosidl_typesupport_fastrtps_cpp;rosidl_typesupport_introspection_cpp
-- Found rmw_implementation_cmake: 7.3.3 (/opt/ros/jazzy/share/rmw_implementation_cmake/cmake)
-- Found rmw_cyclonedds_cpp: 2.2.3 (/opt/ros/jazzy/share/rmw_cyclonedds_cpp/cmake)
-- Using RMW implementation 'rmw_cyclonedds_cpp' as default
-- Found sensor_msgs: 5.3.7 (/opt/ros/jazzy/share/sensor_msgs/cmake)
-- Found visualization_msgs: 5.3.7 (/opt/ros/jazzy/share/visualization_msgs/cmake)
-- Found std_srvs: 5.3.7 (/opt/ros/jazzy/share/std_srvs/cmake)
-- Found ament_lint_auto: 0.17.5 (/opt/ros/jazzy/share/ament_lint_auto/cmake)
-- Added test 'copyright' to check source files copyright and LICENSE
-- Added test 'cppcheck' to perform static code analysis on C / C++ code
-- Configured cppcheck include dirs: /home/lzf/chapt9/fishbot_ws/src/ydlidar_ros2/.;/home/lzf/chapt9/fishbot_ws/src/ydlidar_ros2/sdk/core;/home/lzf/chapt9/fishbot_ws/src/ydlidar_ros2/sdk/src;/home/lzf/chapt9/fishbot_ws/src/ydlidar_ros2/sdk/core/common;/home/lzf/chapt9/fishbot_ws/src/ydlidar_ros2/sdk;/home/lzf/chapt9/fishbot_ws/src/ydlidar_ros2/src
-- Configured cppcheck exclude dirs and/or files: 
-- Added test 'cpplint' to check C / C++ code against the Google style
-- Configured cpplint exclude dirs and/or files: 
-- Added test 'flake8' to check Python code syntax and style conventions
-- Configured 'flake8' exclude dirs and/or files: 
-- Added test 'lint_cmake' to check CMake code style
-- Added test 'pep257' to check Python code against some of the docstring style conventions in PEP 257
-- Added test 'uncrustify' to check C / C++ code style
-- Configured uncrustify additional arguments: 
-- Added test 'xmllint' to check XML markup files
-- Configuring done (0.8s)
-- Generating done (0.0s)
-- Build files have been written to: /home/lzf/chapt9/fishbot_ws/build/ydlidar
[  4%] [32mBuilding CXX object CMakeFiles/ydlidar_node.dir/sdk/core/network/SimpleSocket.cpp.o[0m
[  8%] [32mBuilding C object CMakeFiles/ydlidar_node.dir/sdk/core/serial/impl/unix/lock.c.o[0m
[ 12%] [32mBuilding CXX object CMakeFiles/ydlidar_node.dir/sdk/core/base/timer.cpp.o[0m
[ 16%] [32mBuilding CXX object CMakeFiles/ydlidar_node.dir/sdk/src/ETLidarDriver.cpp.o[0m
[ 20%] [32mBuilding CXX object CMakeFiles/ydlidar_node.dir/sdk/core/serial/impl/unix/list_ports_linux.cpp.o[0m
[ 25%] [32mBuilding CXX object CMakeFiles/ydlidar_client.dir/src/ydlidar_client.cpp.o[0m
[ 33%] [32mBuilding CXX object CMakeFiles/ydlidar_node.dir/sdk/src/ydlidar_sdk.cpp.o[0m
[ 33%] [32mBuilding CXX object CMakeFiles/ydlidar_node.dir/src/ydlidar_node.cpp.o[0m
[ 37%] [32mBuilding CXX object CMakeFiles/ydlidar_node.dir/sdk/core/serial/serial.cpp.o[0m
[ 41%] [32mBuilding CXX object CMakeFiles/ydlidar_node.dir/sdk/core/common/ydlidar_def.cpp.o[0m
[ 45%] [32mBuilding CXX object CMakeFiles/ydlidar_node.dir/sdk/src/filters/StrongLightFilter.cpp.o[0m
[ 50%] [32mBuilding C object CMakeFiles/ydlidar_node.dir/sdk/core/json/cJSON.c.o[0m
[ 54%] [32mBuilding CXX object CMakeFiles/ydlidar_node.dir/sdk/src/GSLidarDriver.cpp.o[0m
[ 58%] [32mBuilding CXX object CMakeFiles/ydlidar_node.dir/sdk/core/network/ActiveSocket.cpp.o[0m
[ 62%] [32mBuilding CXX object CMakeFiles/ydlidar_node.dir/sdk/core/network/PassiveSocket.cpp.o[0m
[ 66%] [32mBuilding CXX object CMakeFiles/ydlidar_node.dir/sdk/src/TiaLidarDriver.cpp.o[0m
[ 70%] [32mBuilding CXX object CMakeFiles/ydlidar_node.dir/sdk/src/filters/NoiseFilter.cpp.o[0m
[ 75%] [32mBuilding CXX object CMakeFiles/ydlidar_node.dir/sdk/core/serial/impl/unix/unix_serial.cpp.o[0m
[ 79%] [32mBuilding CXX object CMakeFiles/ydlidar_node.dir/sdk/src/CYdLidar.cpp.o[0m
[ 83%] [32mBuilding CXX object CMakeFiles/ydlidar_node.dir/sdk/src/DTSLidarDriver.cpp.o[0m
[ 91%] [32mBuilding CXX object CMakeFiles/ydlidar_node.dir/sdk/src/SDMLidarDriver.cpp.o[0m
[ 91%] [32mBuilding CXX object CMakeFiles/ydlidar_node.dir/sdk/src/YDlidarDriver.cpp.o[0m
[ 95%] [32m[1mLinking CXX executable ydlidar_node[0m
[ 95%] Built target ydlidar_node
[100%] [32m[1mLinking CXX executable ydlidar_client[0m
[100%] Built target ydlidar_client
-- Install configuration: ""
-- Installing: /home/lzf/chapt9/fishbot_ws/install/ydlidar/lib/ydlidar/ydlidar_node
-- Set non-toolchain portion of runtime path of "/home/lzf/chapt9/fishbot_ws/install/ydlidar/lib/ydlidar/ydlidar_node" to ""
-- Installing: /home/lzf/chapt9/fishbot_ws/install/ydlidar/lib/ydlidar/ydlidar_client
-- Set non-toolchain portion of runtime path of "/home/lzf/chapt9/fishbot_ws/install/ydlidar/lib/ydlidar/ydlidar_client" to ""
-- Installing: /home/lzf/chapt9/fishbot_ws/install/ydlidar/share/ydlidar/launch
-- Installing: /home/lzf/chapt9/fishbot_ws/install/ydlidar/share/ydlidar/launch/ydlidar.py
-- Installing: /home/lzf/chapt9/fishbot_ws/install/ydlidar/share/ydlidar/launch/ydlidar_launch.py
-- Installing: /home/lzf/chapt9/fishbot_ws/install/ydlidar/share/ydlidar/params
-- Installing: /home/lzf/chapt9/fishbot_ws/install/ydlidar/share/ydlidar/params/ydlidar.yaml
-- Installing: /home/lzf/chapt9/fishbot_ws/install/ydlidar/share/ydlidar/startup
-- Installing: /home/lzf/chapt9/fishbot_ws/install/ydlidar/share/ydlidar/startup/initenv.sh
-- Installing: /home/lzf/chapt9/fishbot_ws/install/ydlidar/share/ydlidar/config
-- Installing: /home/lzf/chapt9/fishbot_ws/install/ydlidar/share/ydlidar/config/ydlidar.rviz
-- Installing: /home/lzf/chapt9/fishbot_ws/install/ydlidar/share/ament_index/resource_index/package_run_dependencies/ydlidar
-- Installing: /home/lzf/chapt9/fishbot_ws/install/ydlidar/share/ament_index/resource_index/parent_prefix_path/ydlidar
-- Installing: /home/lzf/chapt9/fishbot_ws/install/ydlidar/share/ydlidar/environment/ament_prefix_path.sh
-- Installing: /home/lzf/chapt9/fishbot_ws/install/ydlidar/share/ydlidar/environment/ament_prefix_path.dsv
-- Installing: /home/lzf/chapt9/fishbot_ws/install/ydlidar/share/ydlidar/environment/path.sh
-- Installing: /home/lzf/chapt9/fishbot_ws/install/ydlidar/share/ydlidar/environment/path.dsv
-- Installing: /home/lzf/chapt9/fishbot_ws/install/ydlidar/share/ydlidar/local_setup.bash
-- Installing: /home/lzf/chapt9/fishbot_ws/install/ydlidar/share/ydlidar/local_setup.sh
-- Installing: /home/lzf/chapt9/fishbot_ws/install/ydlidar/share/ydlidar/local_setup.zsh
-- Installing: /home/lzf/chapt9/fishbot_ws/install/ydlidar/share/ydlidar/local_setup.dsv
-- Installing: /home/lzf/chapt9/fishbot_ws/install/ydlidar/share/ydlidar/package.dsv
-- Installing: /home/lzf/chapt9/fishbot_ws/install/ydlidar/share/ament_index/resource_index/packages/ydlidar
-- Installing: /home/lzf/chapt9/fishbot_ws/install/ydlidar/share/ydlidar/cmake/ydlidarConfig.cmake
-- Installing: /home/lzf/chapt9/fishbot_ws/install/ydlidar/share/ydlidar/cmake/ydlidarConfig-version.cmake
-- Installing: /home/lzf/chapt9/fishbot_ws/install/ydlidar/share/ydlidar/package.xml
