[0.148s] DEBUG:colcon:Command line arguments: ['/usr/bin/colcon', 'build', '--packages-select', 'fishbot_navigation2']
[0.148s] DEBUG:colcon:Parsed command line arguments: Namespace(log_base=None, log_level=None, verb_name='build', build_base='build', install_base='install', merge_install=False, symlink_install=False, test_result_base=None, continue_on_error=False, executor='parallel', parallel_workers=28, event_handlers=None, ignore_user_meta=False, metas=['./colcon.meta'], base_paths=['.'], packages_ignore=None, packages_ignore_regex=None, paths=None, packages_up_to=None, packages_up_to_regex=None, packages_above=None, packages_above_and_dependencies=None, packages_above_depth=None, packages_select_by_dep=None, packages_skip_by_dep=None, packages_skip_up_to=None, packages_select_build_failed=False, packages_skip_build_finished=False, packages_select_test_failures=False, packages_skip_test_passed=False, packages_select=['fishbot_navigation2'], packages_skip=None, packages_select_regex=None, packages_skip_regex=None, packages_start=None, packages_end=None, allow_overriding=[], bazel_args=None, bazel_task=None, cargo_args=None, clean_build=False, cmake_args=None, cmake_target=None, cmake_target_skip_unavailable=False, cmake_clean_cache=False, cmake_clean_first=False, cmake_force_configure=False, meson_args=[], lookup_in_workspace=False, ament_cmake_args=None, catkin_cmake_args=None, catkin_skip_building_tests=False, mixin_files=None, mixin=None, verb_parser=<colcon_alias.argument_parser.alias.AliasArgumentDecorator object at 0x7e1a31d813a0>, verb_extension=<colcon_core.verb.build.BuildVerb object at 0x7e1a31e2c4a0>, main=<bound method BuildVerb.main of <colcon_core.verb.build.BuildVerb object at 0x7e1a31e2c4a0>>, mixin_verb=('build',))
[0.182s] Level 1:colcon.colcon_core.package_discovery:discover_packages(colcon_meta) check parameters
[0.182s] Level 1:colcon.colcon_core.package_discovery:discover_packages(recursive) check parameters
[0.182s] Level 1:colcon.colcon_core.package_discovery:discover_packages(ignore) check parameters
[0.182s] Level 1:colcon.colcon_core.package_discovery:discover_packages(path) check parameters
[0.182s] Level 1:colcon.colcon_core.package_discovery:discover_packages(cargo_workspace) check parameters
[0.182s] Level 1:colcon.colcon_core.package_discovery:discover_packages(colcon_meta) discover
[0.182s] Level 1:colcon.colcon_core.package_discovery:discover_packages(recursive) discover
[0.182s] INFO:colcon.colcon_core.package_discovery:Crawling recursively for packages in '/home/lzf/chapt9/fishbot_ws'
[0.182s] Level 1:colcon.colcon_core.package_identification:_identify(.) by extensions ['ignore', 'ignore_ament_install']
[0.182s] Level 1:colcon.colcon_core.package_identification:_identify(.) by extension 'ignore'
[0.182s] Level 1:colcon.colcon_core.package_identification:_identify(.) by extension 'ignore_ament_install'
[0.182s] Level 1:colcon.colcon_core.package_identification:_identify(.) by extensions ['cargo_workspace']
[0.182s] Level 1:colcon.colcon_core.package_identification:_identify(.) by extension 'cargo_workspace'
[0.182s] Level 1:colcon.colcon_core.package_identification:_identify(.) by extensions ['colcon_pkg']
[0.182s] Level 1:colcon.colcon_core.package_identification:_identify(.) by extension 'colcon_pkg'
[0.182s] Level 1:colcon.colcon_core.package_identification:_identify(.) by extensions ['colcon_meta']
[0.182s] Level 1:colcon.colcon_core.package_identification:_identify(.) by extension 'colcon_meta'
[0.182s] Level 1:colcon.colcon_core.package_identification:_identify(.) by extensions ['ros']
[0.182s] Level 1:colcon.colcon_core.package_identification:_identify(.) by extension 'ros'
[0.184s] Level 1:colcon.colcon_core.package_identification:_identify(.) by extensions ['bazel', 'cargo', 'cmake', 'meson', 'python']
[0.184s] Level 1:colcon.colcon_core.package_identification:_identify(.) by extension 'bazel'
[0.184s] Level 1:colcon.colcon_core.package_identification:_identify(.) by extension 'cargo'
[0.184s] Level 1:colcon.colcon_core.package_identification:_identify(.) by extension 'cmake'
[0.184s] Level 1:colcon.colcon_core.package_identification:_identify(.) by extension 'meson'
[0.185s] Level 1:colcon.colcon_core.package_identification:_identify(.) by extension 'python'
[0.185s] Level 1:colcon.colcon_core.package_identification:_identify(.) by extensions ['python_setup_py']
[0.185s] Level 1:colcon.colcon_core.package_identification:_identify(.) by extension 'python_setup_py'
[0.185s] Level 1:colcon.colcon_core.package_identification:_identify(build) by extensions ['ignore', 'ignore_ament_install']
[0.185s] Level 1:colcon.colcon_core.package_identification:_identify(build) by extension 'ignore'
[0.185s] Level 1:colcon.colcon_core.package_identification:_identify(build) ignored
[0.185s] Level 1:colcon.colcon_core.package_identification:_identify(install) by extensions ['ignore', 'ignore_ament_install']
[0.185s] Level 1:colcon.colcon_core.package_identification:_identify(install) by extension 'ignore'
[0.185s] Level 1:colcon.colcon_core.package_identification:_identify(install) ignored
[0.185s] Level 1:colcon.colcon_core.package_identification:_identify(log) by extensions ['ignore', 'ignore_ament_install']
[0.185s] Level 1:colcon.colcon_core.package_identification:_identify(log) by extension 'ignore'
[0.185s] Level 1:colcon.colcon_core.package_identification:_identify(log) ignored
[0.185s] Level 1:colcon.colcon_core.package_identification:_identify(src) by extensions ['ignore', 'ignore_ament_install']
[0.185s] Level 1:colcon.colcon_core.package_identification:_identify(src) by extension 'ignore'
[0.185s] Level 1:colcon.colcon_core.package_identification:_identify(src) by extension 'ignore_ament_install'
[0.185s] Level 1:colcon.colcon_core.package_identification:_identify(src) by extensions ['cargo_workspace']
[0.185s] Level 1:colcon.colcon_core.package_identification:_identify(src) by extension 'cargo_workspace'
[0.185s] Level 1:colcon.colcon_core.package_identification:_identify(src) by extensions ['colcon_pkg']
[0.185s] Level 1:colcon.colcon_core.package_identification:_identify(src) by extension 'colcon_pkg'
[0.185s] Level 1:colcon.colcon_core.package_identification:_identify(src) by extensions ['colcon_meta']
[0.185s] Level 1:colcon.colcon_core.package_identification:_identify(src) by extension 'colcon_meta'
[0.185s] Level 1:colcon.colcon_core.package_identification:_identify(src) by extensions ['ros']
[0.185s] Level 1:colcon.colcon_core.package_identification:_identify(src) by extension 'ros'
[0.185s] Level 1:colcon.colcon_core.package_identification:_identify(src) by extensions ['bazel', 'cargo', 'cmake', 'meson', 'python']
[0.185s] Level 1:colcon.colcon_core.package_identification:_identify(src) by extension 'bazel'
[0.185s] Level 1:colcon.colcon_core.package_identification:_identify(src) by extension 'cargo'
[0.185s] Level 1:colcon.colcon_core.package_identification:_identify(src) by extension 'cmake'
[0.185s] Level 1:colcon.colcon_core.package_identification:_identify(src) by extension 'meson'
[0.186s] Level 1:colcon.colcon_core.package_identification:_identify(src) by extension 'python'
[0.186s] Level 1:colcon.colcon_core.package_identification:_identify(src) by extensions ['python_setup_py']
[0.186s] Level 1:colcon.colcon_core.package_identification:_identify(src) by extension 'python_setup_py'
[0.186s] Level 1:colcon.colcon_core.package_identification:_identify(src/fishbot_bringup) by extensions ['ignore', 'ignore_ament_install']
[0.186s] Level 1:colcon.colcon_core.package_identification:_identify(src/fishbot_bringup) by extension 'ignore'
[0.186s] Level 1:colcon.colcon_core.package_identification:_identify(src/fishbot_bringup) by extension 'ignore_ament_install'
[0.186s] Level 1:colcon.colcon_core.package_identification:_identify(src/fishbot_bringup) by extensions ['cargo_workspace']
[0.186s] Level 1:colcon.colcon_core.package_identification:_identify(src/fishbot_bringup) by extension 'cargo_workspace'
[0.186s] Level 1:colcon.colcon_core.package_identification:_identify(src/fishbot_bringup) by extensions ['colcon_pkg']
[0.186s] Level 1:colcon.colcon_core.package_identification:_identify(src/fishbot_bringup) by extension 'colcon_pkg'
[0.186s] Level 1:colcon.colcon_core.package_identification:_identify(src/fishbot_bringup) by extensions ['colcon_meta']
[0.186s] Level 1:colcon.colcon_core.package_identification:_identify(src/fishbot_bringup) by extension 'colcon_meta'
[0.186s] Level 1:colcon.colcon_core.package_identification:_identify(src/fishbot_bringup) by extensions ['ros']
[0.186s] Level 1:colcon.colcon_core.package_identification:_identify(src/fishbot_bringup) by extension 'ros'
[0.187s] DEBUG:colcon.colcon_core.package_identification:Package 'src/fishbot_bringup' with type 'ros.ament_cmake' and name 'fishbot_bringup'
[0.187s] Level 1:colcon.colcon_core.package_identification:_identify(src/fishbot_description) by extensions ['ignore', 'ignore_ament_install']
[0.187s] Level 1:colcon.colcon_core.package_identification:_identify(src/fishbot_description) by extension 'ignore'
[0.187s] Level 1:colcon.colcon_core.package_identification:_identify(src/fishbot_description) by extension 'ignore_ament_install'
[0.187s] Level 1:colcon.colcon_core.package_identification:_identify(src/fishbot_description) by extensions ['cargo_workspace']
[0.187s] Level 1:colcon.colcon_core.package_identification:_identify(src/fishbot_description) by extension 'cargo_workspace'
[0.187s] Level 1:colcon.colcon_core.package_identification:_identify(src/fishbot_description) by extensions ['colcon_pkg']
[0.187s] Level 1:colcon.colcon_core.package_identification:_identify(src/fishbot_description) by extension 'colcon_pkg'
[0.188s] Level 1:colcon.colcon_core.package_identification:_identify(src/fishbot_description) by extensions ['colcon_meta']
[0.188s] Level 1:colcon.colcon_core.package_identification:_identify(src/fishbot_description) by extension 'colcon_meta'
[0.188s] Level 1:colcon.colcon_core.package_identification:_identify(src/fishbot_description) by extensions ['ros']
[0.188s] Level 1:colcon.colcon_core.package_identification:_identify(src/fishbot_description) by extension 'ros'
[0.188s] DEBUG:colcon.colcon_core.package_identification:Package 'src/fishbot_description' with type 'ros.ament_cmake' and name 'fishbot_description'
[0.188s] Level 1:colcon.colcon_core.package_identification:_identify(src/fishbot_navigation2) by extensions ['ignore', 'ignore_ament_install']
[0.188s] Level 1:colcon.colcon_core.package_identification:_identify(src/fishbot_navigation2) by extension 'ignore'
[0.188s] Level 1:colcon.colcon_core.package_identification:_identify(src/fishbot_navigation2) by extension 'ignore_ament_install'
[0.188s] Level 1:colcon.colcon_core.package_identification:_identify(src/fishbot_navigation2) by extensions ['cargo_workspace']
[0.188s] Level 1:colcon.colcon_core.package_identification:_identify(src/fishbot_navigation2) by extension 'cargo_workspace'
[0.188s] Level 1:colcon.colcon_core.package_identification:_identify(src/fishbot_navigation2) by extensions ['colcon_pkg']
[0.188s] Level 1:colcon.colcon_core.package_identification:_identify(src/fishbot_navigation2) by extension 'colcon_pkg'
[0.188s] Level 1:colcon.colcon_core.package_identification:_identify(src/fishbot_navigation2) by extensions ['colcon_meta']
[0.188s] Level 1:colcon.colcon_core.package_identification:_identify(src/fishbot_navigation2) by extension 'colcon_meta'
[0.188s] Level 1:colcon.colcon_core.package_identification:_identify(src/fishbot_navigation2) by extensions ['ros']
[0.188s] Level 1:colcon.colcon_core.package_identification:_identify(src/fishbot_navigation2) by extension 'ros'
[0.188s] DEBUG:colcon.colcon_core.package_identification:Package 'src/fishbot_navigation2' with type 'ros.ament_cmake' and name 'fishbot_navigation2'
[0.188s] Level 1:colcon.colcon_core.package_identification:_identify(src/micro-ROS-Agent) by extensions ['ignore', 'ignore_ament_install']
[0.188s] Level 1:colcon.colcon_core.package_identification:_identify(src/micro-ROS-Agent) by extension 'ignore'
[0.188s] Level 1:colcon.colcon_core.package_identification:_identify(src/micro-ROS-Agent) by extension 'ignore_ament_install'
[0.189s] Level 1:colcon.colcon_core.package_identification:_identify(src/micro-ROS-Agent) by extensions ['cargo_workspace']
[0.189s] Level 1:colcon.colcon_core.package_identification:_identify(src/micro-ROS-Agent) by extension 'cargo_workspace'
[0.189s] Level 1:colcon.colcon_core.package_identification:_identify(src/micro-ROS-Agent) by extensions ['colcon_pkg']
[0.189s] Level 1:colcon.colcon_core.package_identification:_identify(src/micro-ROS-Agent) by extension 'colcon_pkg'
[0.189s] Level 1:colcon.colcon_core.package_identification:_identify(src/micro-ROS-Agent) by extensions ['colcon_meta']
[0.189s] Level 1:colcon.colcon_core.package_identification:_identify(src/micro-ROS-Agent) by extension 'colcon_meta'
[0.189s] Level 1:colcon.colcon_core.package_identification:_identify(src/micro-ROS-Agent) by extensions ['ros']
[0.189s] Level 1:colcon.colcon_core.package_identification:_identify(src/micro-ROS-Agent) by extension 'ros'
[0.189s] Level 1:colcon.colcon_core.package_identification:_identify(src/micro-ROS-Agent) by extensions ['bazel', 'cargo', 'cmake', 'meson', 'python']
[0.189s] Level 1:colcon.colcon_core.package_identification:_identify(src/micro-ROS-Agent) by extension 'bazel'
[0.189s] Level 1:colcon.colcon_core.package_identification:_identify(src/micro-ROS-Agent) by extension 'cargo'
[0.189s] Level 1:colcon.colcon_core.package_identification:_identify(src/micro-ROS-Agent) by extension 'cmake'
[0.189s] Level 1:colcon.colcon_core.package_identification:_identify(src/micro-ROS-Agent) by extension 'meson'
[0.189s] Level 1:colcon.colcon_core.package_identification:_identify(src/micro-ROS-Agent) by extension 'python'
[0.189s] Level 1:colcon.colcon_core.package_identification:_identify(src/micro-ROS-Agent) by extensions ['python_setup_py']
[0.189s] Level 1:colcon.colcon_core.package_identification:_identify(src/micro-ROS-Agent) by extension 'python_setup_py'
[0.189s] Level 1:colcon.colcon_core.package_identification:_identify(src/micro-ROS-Agent/micro_ros_agent) by extensions ['ignore', 'ignore_ament_install']
[0.189s] Level 1:colcon.colcon_core.package_identification:_identify(src/micro-ROS-Agent/micro_ros_agent) by extension 'ignore'
[0.189s] Level 1:colcon.colcon_core.package_identification:_identify(src/micro-ROS-Agent/micro_ros_agent) by extension 'ignore_ament_install'
[0.189s] Level 1:colcon.colcon_core.package_identification:_identify(src/micro-ROS-Agent/micro_ros_agent) by extensions ['cargo_workspace']
[0.189s] Level 1:colcon.colcon_core.package_identification:_identify(src/micro-ROS-Agent/micro_ros_agent) by extension 'cargo_workspace'
[0.189s] Level 1:colcon.colcon_core.package_identification:_identify(src/micro-ROS-Agent/micro_ros_agent) by extensions ['colcon_pkg']
[0.189s] Level 1:colcon.colcon_core.package_identification:_identify(src/micro-ROS-Agent/micro_ros_agent) by extension 'colcon_pkg'
[0.189s] Level 1:colcon.colcon_core.package_identification:_identify(src/micro-ROS-Agent/micro_ros_agent) by extensions ['colcon_meta']
[0.189s] Level 1:colcon.colcon_core.package_identification:_identify(src/micro-ROS-Agent/micro_ros_agent) by extension 'colcon_meta'
[0.189s] Level 1:colcon.colcon_core.package_identification:_identify(src/micro-ROS-Agent/micro_ros_agent) by extensions ['ros']
[0.189s] Level 1:colcon.colcon_core.package_identification:_identify(src/micro-ROS-Agent/micro_ros_agent) by extension 'ros'
[0.190s] DEBUG:colcon.colcon_core.package_identification:Package 'src/micro-ROS-Agent/micro_ros_agent' with type 'ros.ament_cmake' and name 'micro_ros_agent'
[0.190s] Level 1:colcon.colcon_core.package_identification:_identify(src/micro-ROS-Agent/snap) by extensions ['ignore', 'ignore_ament_install']
[0.190s] Level 1:colcon.colcon_core.package_identification:_identify(src/micro-ROS-Agent/snap) by extension 'ignore'
[0.190s] Level 1:colcon.colcon_core.package_identification:_identify(src/micro-ROS-Agent/snap) by extension 'ignore_ament_install'
[0.190s] Level 1:colcon.colcon_core.package_identification:_identify(src/micro-ROS-Agent/snap) by extensions ['cargo_workspace']
[0.190s] Level 1:colcon.colcon_core.package_identification:_identify(src/micro-ROS-Agent/snap) by extension 'cargo_workspace'
[0.190s] Level 1:colcon.colcon_core.package_identification:_identify(src/micro-ROS-Agent/snap) by extensions ['colcon_pkg']
[0.190s] Level 1:colcon.colcon_core.package_identification:_identify(src/micro-ROS-Agent/snap) by extension 'colcon_pkg'
[0.190s] Level 1:colcon.colcon_core.package_identification:_identify(src/micro-ROS-Agent/snap) by extensions ['colcon_meta']
[0.190s] Level 1:colcon.colcon_core.package_identification:_identify(src/micro-ROS-Agent/snap) by extension 'colcon_meta'
[0.190s] Level 1:colcon.colcon_core.package_identification:_identify(src/micro-ROS-Agent/snap) by extensions ['ros']
[0.190s] Level 1:colcon.colcon_core.package_identification:_identify(src/micro-ROS-Agent/snap) by extension 'ros'
[0.190s] Level 1:colcon.colcon_core.package_identification:_identify(src/micro-ROS-Agent/snap) by extensions ['bazel', 'cargo', 'cmake', 'meson', 'python']
[0.190s] Level 1:colcon.colcon_core.package_identification:_identify(src/micro-ROS-Agent/snap) by extension 'bazel'
[0.190s] Level 1:colcon.colcon_core.package_identification:_identify(src/micro-ROS-Agent/snap) by extension 'cargo'
[0.190s] Level 1:colcon.colcon_core.package_identification:_identify(src/micro-ROS-Agent/snap) by extension 'cmake'
[0.190s] Level 1:colcon.colcon_core.package_identification:_identify(src/micro-ROS-Agent/snap) by extension 'meson'
[0.191s] Level 1:colcon.colcon_core.package_identification:_identify(src/micro-ROS-Agent/snap) by extension 'python'
[0.191s] Level 1:colcon.colcon_core.package_identification:_identify(src/micro-ROS-Agent/snap) by extensions ['python_setup_py']
[0.191s] Level 1:colcon.colcon_core.package_identification:_identify(src/micro-ROS-Agent/snap) by extension 'python_setup_py'
[0.191s] Level 1:colcon.colcon_core.package_identification:_identify(src/micro-ROS-Agent/snap/hooks) by extensions ['ignore', 'ignore_ament_install']
[0.191s] Level 1:colcon.colcon_core.package_identification:_identify(src/micro-ROS-Agent/snap/hooks) by extension 'ignore'
[0.191s] Level 1:colcon.colcon_core.package_identification:_identify(src/micro-ROS-Agent/snap/hooks) by extension 'ignore_ament_install'
[0.191s] Level 1:colcon.colcon_core.package_identification:_identify(src/micro-ROS-Agent/snap/hooks) by extensions ['cargo_workspace']
[0.191s] Level 1:colcon.colcon_core.package_identification:_identify(src/micro-ROS-Agent/snap/hooks) by extension 'cargo_workspace'
[0.191s] Level 1:colcon.colcon_core.package_identification:_identify(src/micro-ROS-Agent/snap/hooks) by extensions ['colcon_pkg']
[0.191s] Level 1:colcon.colcon_core.package_identification:_identify(src/micro-ROS-Agent/snap/hooks) by extension 'colcon_pkg'
[0.191s] Level 1:colcon.colcon_core.package_identification:_identify(src/micro-ROS-Agent/snap/hooks) by extensions ['colcon_meta']
[0.191s] Level 1:colcon.colcon_core.package_identification:_identify(src/micro-ROS-Agent/snap/hooks) by extension 'colcon_meta'
[0.191s] Level 1:colcon.colcon_core.package_identification:_identify(src/micro-ROS-Agent/snap/hooks) by extensions ['ros']
[0.191s] Level 1:colcon.colcon_core.package_identification:_identify(src/micro-ROS-Agent/snap/hooks) by extension 'ros'
[0.191s] Level 1:colcon.colcon_core.package_identification:_identify(src/micro-ROS-Agent/snap/hooks) by extensions ['bazel', 'cargo', 'cmake', 'meson', 'python']
[0.191s] Level 1:colcon.colcon_core.package_identification:_identify(src/micro-ROS-Agent/snap/hooks) by extension 'bazel'
[0.191s] Level 1:colcon.colcon_core.package_identification:_identify(src/micro-ROS-Agent/snap/hooks) by extension 'cargo'
[0.191s] Level 1:colcon.colcon_core.package_identification:_identify(src/micro-ROS-Agent/snap/hooks) by extension 'cmake'
[0.191s] Level 1:colcon.colcon_core.package_identification:_identify(src/micro-ROS-Agent/snap/hooks) by extension 'meson'
[0.191s] Level 1:colcon.colcon_core.package_identification:_identify(src/micro-ROS-Agent/snap/hooks) by extension 'python'
[0.191s] Level 1:colcon.colcon_core.package_identification:_identify(src/micro-ROS-Agent/snap/hooks) by extensions ['python_setup_py']
[0.191s] Level 1:colcon.colcon_core.package_identification:_identify(src/micro-ROS-Agent/snap/hooks) by extension 'python_setup_py'
[0.191s] Level 1:colcon.colcon_core.package_identification:_identify(src/micro-ROS-Agent/snap/local) by extensions ['ignore', 'ignore_ament_install']
[0.191s] Level 1:colcon.colcon_core.package_identification:_identify(src/micro-ROS-Agent/snap/local) by extension 'ignore'
[0.192s] Level 1:colcon.colcon_core.package_identification:_identify(src/micro-ROS-Agent/snap/local) by extension 'ignore_ament_install'
[0.192s] Level 1:colcon.colcon_core.package_identification:_identify(src/micro-ROS-Agent/snap/local) by extensions ['cargo_workspace']
[0.192s] Level 1:colcon.colcon_core.package_identification:_identify(src/micro-ROS-Agent/snap/local) by extension 'cargo_workspace'
[0.192s] Level 1:colcon.colcon_core.package_identification:_identify(src/micro-ROS-Agent/snap/local) by extensions ['colcon_pkg']
[0.192s] Level 1:colcon.colcon_core.package_identification:_identify(src/micro-ROS-Agent/snap/local) by extension 'colcon_pkg'
[0.192s] Level 1:colcon.colcon_core.package_identification:_identify(src/micro-ROS-Agent/snap/local) by extensions ['colcon_meta']
[0.192s] Level 1:colcon.colcon_core.package_identification:_identify(src/micro-ROS-Agent/snap/local) by extension 'colcon_meta'
[0.192s] Level 1:colcon.colcon_core.package_identification:_identify(src/micro-ROS-Agent/snap/local) by extensions ['ros']
[0.192s] Level 1:colcon.colcon_core.package_identification:_identify(src/micro-ROS-Agent/snap/local) by extension 'ros'
[0.192s] Level 1:colcon.colcon_core.package_identification:_identify(src/micro-ROS-Agent/snap/local) by extensions ['bazel', 'cargo', 'cmake', 'meson', 'python']
[0.192s] Level 1:colcon.colcon_core.package_identification:_identify(src/micro-ROS-Agent/snap/local) by extension 'bazel'
[0.192s] Level 1:colcon.colcon_core.package_identification:_identify(src/micro-ROS-Agent/snap/local) by extension 'cargo'
[0.192s] Level 1:colcon.colcon_core.package_identification:_identify(src/micro-ROS-Agent/snap/local) by extension 'cmake'
[0.192s] Level 1:colcon.colcon_core.package_identification:_identify(src/micro-ROS-Agent/snap/local) by extension 'meson'
[0.192s] Level 1:colcon.colcon_core.package_identification:_identify(src/micro-ROS-Agent/snap/local) by extension 'python'
[0.192s] Level 1:colcon.colcon_core.package_identification:_identify(src/micro-ROS-Agent/snap/local) by extensions ['python_setup_py']
[0.192s] Level 1:colcon.colcon_core.package_identification:_identify(src/micro-ROS-Agent/snap/local) by extension 'python_setup_py'
[0.192s] Level 1:colcon.colcon_core.package_identification:_identify(src/micro_ros_msgs) by extensions ['ignore', 'ignore_ament_install']
[0.192s] Level 1:colcon.colcon_core.package_identification:_identify(src/micro_ros_msgs) by extension 'ignore'
[0.192s] Level 1:colcon.colcon_core.package_identification:_identify(src/micro_ros_msgs) by extension 'ignore_ament_install'
[0.192s] Level 1:colcon.colcon_core.package_identification:_identify(src/micro_ros_msgs) by extensions ['cargo_workspace']
[0.192s] Level 1:colcon.colcon_core.package_identification:_identify(src/micro_ros_msgs) by extension 'cargo_workspace'
[0.192s] Level 1:colcon.colcon_core.package_identification:_identify(src/micro_ros_msgs) by extensions ['colcon_pkg']
[0.192s] Level 1:colcon.colcon_core.package_identification:_identify(src/micro_ros_msgs) by extension 'colcon_pkg'
[0.192s] Level 1:colcon.colcon_core.package_identification:_identify(src/micro_ros_msgs) by extensions ['colcon_meta']
[0.192s] Level 1:colcon.colcon_core.package_identification:_identify(src/micro_ros_msgs) by extension 'colcon_meta'
[0.192s] Level 1:colcon.colcon_core.package_identification:_identify(src/micro_ros_msgs) by extensions ['ros']
[0.192s] Level 1:colcon.colcon_core.package_identification:_identify(src/micro_ros_msgs) by extension 'ros'
[0.193s] DEBUG:colcon.colcon_core.package_identification:Package 'src/micro_ros_msgs' with type 'ros.ament_cmake' and name 'micro_ros_msgs'
[0.193s] Level 1:colcon.colcon_core.package_identification:_identify(src/ros_serial2wifi) by extensions ['ignore', 'ignore_ament_install']
[0.193s] Level 1:colcon.colcon_core.package_identification:_identify(src/ros_serial2wifi) by extension 'ignore'
[0.193s] Level 1:colcon.colcon_core.package_identification:_identify(src/ros_serial2wifi) by extension 'ignore_ament_install'
[0.193s] Level 1:colcon.colcon_core.package_identification:_identify(src/ros_serial2wifi) by extensions ['cargo_workspace']
[0.193s] Level 1:colcon.colcon_core.package_identification:_identify(src/ros_serial2wifi) by extension 'cargo_workspace'
[0.193s] Level 1:colcon.colcon_core.package_identification:_identify(src/ros_serial2wifi) by extensions ['colcon_pkg']
[0.193s] Level 1:colcon.colcon_core.package_identification:_identify(src/ros_serial2wifi) by extension 'colcon_pkg'
[0.193s] Level 1:colcon.colcon_core.package_identification:_identify(src/ros_serial2wifi) by extensions ['colcon_meta']
[0.193s] Level 1:colcon.colcon_core.package_identification:_identify(src/ros_serial2wifi) by extension 'colcon_meta'
[0.193s] Level 1:colcon.colcon_core.package_identification:_identify(src/ros_serial2wifi) by extensions ['ros']
[0.193s] Level 1:colcon.colcon_core.package_identification:_identify(src/ros_serial2wifi) by extension 'ros'
[0.193s] DEBUG:colcon.colcon_core.package_identification:Package 'src/ros_serial2wifi' with type 'ros.ament_python' and name 'ros_serial2wifi'
[0.193s] Level 1:colcon.colcon_core.package_identification:_identify(src/ydlidar_ros2) by extensions ['ignore', 'ignore_ament_install']
[0.193s] Level 1:colcon.colcon_core.package_identification:_identify(src/ydlidar_ros2) by extension 'ignore'
[0.193s] Level 1:colcon.colcon_core.package_identification:_identify(src/ydlidar_ros2) by extension 'ignore_ament_install'
[0.193s] Level 1:colcon.colcon_core.package_identification:_identify(src/ydlidar_ros2) by extensions ['cargo_workspace']
[0.193s] Level 1:colcon.colcon_core.package_identification:_identify(src/ydlidar_ros2) by extension 'cargo_workspace'
[0.193s] Level 1:colcon.colcon_core.package_identification:_identify(src/ydlidar_ros2) by extensions ['colcon_pkg']
[0.193s] Level 1:colcon.colcon_core.package_identification:_identify(src/ydlidar_ros2) by extension 'colcon_pkg'
[0.193s] Level 1:colcon.colcon_core.package_identification:_identify(src/ydlidar_ros2) by extensions ['colcon_meta']
[0.193s] Level 1:colcon.colcon_core.package_identification:_identify(src/ydlidar_ros2) by extension 'colcon_meta'
[0.193s] Level 1:colcon.colcon_core.package_identification:_identify(src/ydlidar_ros2) by extensions ['ros']
[0.193s] Level 1:colcon.colcon_core.package_identification:_identify(src/ydlidar_ros2) by extension 'ros'
[0.194s] DEBUG:colcon.colcon_core.package_identification:Package 'src/ydlidar_ros2' with type 'ros.ament_cmake' and name 'ydlidar'
[0.194s] Level 1:colcon.colcon_core.package_discovery:discover_packages(recursive) using defaults
[0.194s] Level 1:colcon.colcon_core.package_discovery:discover_packages(ignore) discover
[0.194s] Level 1:colcon.colcon_core.package_discovery:discover_packages(ignore) using defaults
[0.194s] Level 1:colcon.colcon_core.package_discovery:discover_packages(path) discover
[0.194s] Level 1:colcon.colcon_core.package_discovery:discover_packages(path) using defaults
[0.194s] Level 1:colcon.colcon_core.package_discovery:discover_packages(cargo_workspace) discover
[0.194s] Level 1:colcon.colcon_core.package_discovery:discover_packages(cargo_workspace) using defaults
[0.201s] INFO:colcon.colcon_core.package_selection:Skipping not selected package 'fishbot_bringup' in 'src/fishbot_bringup'
[0.201s] INFO:colcon.colcon_core.package_selection:Skipping not selected package 'fishbot_description' in 'src/fishbot_description'
[0.201s] INFO:colcon.colcon_core.package_selection:Skipping not selected package 'micro_ros_msgs' in 'src/micro_ros_msgs'
[0.201s] INFO:colcon.colcon_core.package_selection:Skipping not selected package 'ros_serial2wifi' in 'src/ros_serial2wifi'
[0.201s] INFO:colcon.colcon_core.package_selection:Skipping not selected package 'ydlidar' in 'src/ydlidar_ros2'
[0.201s] INFO:colcon.colcon_core.package_selection:Skipping not selected package 'micro_ros_agent' in 'src/micro-ROS-Agent/micro_ros_agent'
[0.201s] Level 1:colcon.colcon_core.package_discovery:discover_packages(prefix_path) check parameters
[0.201s] Level 1:colcon.colcon_core.package_discovery:discover_packages(prefix_path) discover
[0.203s] DEBUG:colcon.colcon_installed_package_information.package_discovery:Found 1 installed packages in /home/lzf/ros2_rmf_map_ws/install
[0.203s] DEBUG:colcon.colcon_installed_package_information.package_discovery:Found 3 installed packages in /home/lzf/ros2_free_fleet_ws/install
[0.203s] DEBUG:colcon.colcon_installed_package_information.package_discovery:Found 55 installed packages in /home/lzf/ros2_rmf_ws/install
[0.205s] DEBUG:colcon.colcon_installed_package_information.package_discovery:Found 522 installed packages in /opt/ros/jazzy
[0.206s] Level 1:colcon.colcon_core.package_discovery:discover_packages(prefix_path) using defaults
[0.237s] Level 5:colcon.colcon_core.verb:set package 'fishbot_navigation2' build argument 'bazel_args' from command line to 'None'
[0.237s] Level 5:colcon.colcon_core.verb:set package 'fishbot_navigation2' build argument 'bazel_task' from command line to 'None'
[0.237s] Level 5:colcon.colcon_core.verb:set package 'fishbot_navigation2' build argument 'cargo_args' from command line to 'None'
[0.238s] Level 5:colcon.colcon_core.verb:set package 'fishbot_navigation2' build argument 'clean_build' from command line to 'False'
[0.238s] Level 5:colcon.colcon_core.verb:set package 'fishbot_navigation2' build argument 'cmake_args' from command line to 'None'
[0.238s] Level 5:colcon.colcon_core.verb:set package 'fishbot_navigation2' build argument 'cmake_target' from command line to 'None'
[0.238s] Level 5:colcon.colcon_core.verb:set package 'fishbot_navigation2' build argument 'cmake_target_skip_unavailable' from command line to 'False'
[0.238s] Level 5:colcon.colcon_core.verb:set package 'fishbot_navigation2' build argument 'cmake_clean_cache' from command line to 'False'
[0.238s] Level 5:colcon.colcon_core.verb:set package 'fishbot_navigation2' build argument 'cmake_clean_first' from command line to 'False'
[0.238s] Level 5:colcon.colcon_core.verb:set package 'fishbot_navigation2' build argument 'cmake_force_configure' from command line to 'False'
[0.238s] Level 5:colcon.colcon_core.verb:set package 'fishbot_navigation2' build argument 'meson_args' from command line to '[]'
[0.238s] Level 5:colcon.colcon_core.verb:set package 'fishbot_navigation2' build argument 'lookup_in_workspace' from command line to 'False'
[0.238s] Level 5:colcon.colcon_core.verb:set package 'fishbot_navigation2' build argument 'ament_cmake_args' from command line to 'None'
[0.238s] Level 5:colcon.colcon_core.verb:set package 'fishbot_navigation2' build argument 'catkin_cmake_args' from command line to 'None'
[0.238s] Level 5:colcon.colcon_core.verb:set package 'fishbot_navigation2' build argument 'catkin_skip_building_tests' from command line to 'False'
[0.238s] DEBUG:colcon.colcon_core.verb:Building package 'fishbot_navigation2' with the following arguments: {'ament_cmake_args': None, 'bazel_args': None, 'bazel_task': None, 'build_base': '/home/lzf/chapt9/fishbot_ws/build/fishbot_navigation2', 'cargo_args': None, 'catkin_cmake_args': None, 'catkin_skip_building_tests': False, 'clean_build': False, 'cmake_args': None, 'cmake_clean_cache': False, 'cmake_clean_first': False, 'cmake_force_configure': False, 'cmake_target': None, 'cmake_target_skip_unavailable': False, 'install_base': '/home/lzf/chapt9/fishbot_ws/install/fishbot_navigation2', 'lookup_in_workspace': False, 'merge_install': False, 'meson_args': [], 'path': '/home/lzf/chapt9/fishbot_ws/src/fishbot_navigation2', 'symlink_install': False, 'test_result_base': None}
[0.238s] INFO:colcon.colcon_core.executor:Executing jobs using 'parallel' executor
[0.238s] DEBUG:colcon.colcon_parallel_executor.executor.parallel:run_until_complete
[0.238s] INFO:colcon.colcon_ros.task.ament_cmake.build:Building ROS package in '/home/lzf/chapt9/fishbot_ws/src/fishbot_navigation2' with build type 'ament_cmake'
[0.239s] INFO:colcon.colcon_cmake.task.cmake.build:Building CMake package in '/home/lzf/chapt9/fishbot_ws/src/fishbot_navigation2'
[0.240s] INFO:colcon.colcon_core.plugin_system:Skipping extension 'colcon_core.shell.bat': Not used on non-Windows systems
[0.240s] DEBUG:colcon.colcon_ros_domain_id_coordinator.shell.ros_domain_id:Allocated ROS_DOMAIN_ID=82 for '/home/lzf/chapt9/fishbot_ws/build/fishbot_navigation2'
[0.240s] INFO:colcon.colcon_core.shell:Skip shell extension 'ros_domain_id' for command environment: 
[0.240s] INFO:colcon.colcon_core.shell:Skip shell extension 'powershell' for command environment: Not usable outside of PowerShell
[0.240s] DEBUG:colcon.colcon_core.shell:Skip shell extension 'dsv' for command environment
[0.247s] DEBUG:colcon.colcon_core.event_handler.log_command:Invoking command in '/home/lzf/chapt9/fishbot_ws/build/fishbot_navigation2': CMAKE_PREFIX_PATH=/home/lzf/ros2_rmf_ws/install/rmf_workcell_msgs:/home/lzf/ros2_rmf_ws/install/rmf_demos_gz:/home/lzf/ros2_rmf_ws/install/rmf_demos:/home/lzf/ros2_rmf_ws/install/rmf_fleet_adapter_python:/home/lzf/ros2_rmf_ws/install/rmf_fleet_adapter:/home/lzf/ros2_rmf_ws/install/rmf_task_ros2:/home/lzf/ros2_rmf_ws/install/rmf_websocket:/home/lzf/ros2_rmf_ws/install/rmf_visualization:/home/lzf/ros2_rmf_ws/install/rmf_visualization_schedule:/home/lzf/ros2_rmf_ws/install/rmf_visualization_rviz2_plugins:/home/lzf/ros2_rmf_ws/install/rmf_visualization_obstacles:/home/lzf/ros2_rmf_ws/install/rmf_visualization_navgraphs:/home/lzf/ros2_rmf_ws/install/rmf_visualization_floorplans:/home/lzf/ros2_rmf_ws/install/rmf_visualization_fleet_states:/home/lzf/ros2_rmf_ws/install/rmf_visualization_msgs:/home/lzf/ros2_rmf_ws/install/rmf_traffic_ros2:/home/lzf/ros2_rmf_ws/install/rmf_task_sequence:/home/lzf/ros2_rmf_ws/install/rmf_task:/home/lzf/ros2_rmf_ws/install/rmf_battery:/home/lzf/ros2_rmf_ws/install/rmf_traffic:/home/lzf/ros2_rmf_ws/install/rmf_utils:/home/lzf/ros2_rmf_ws/install/rmf_traffic_msgs:/home/lzf/ros2_rmf_ws/install/rmf_traffic_editor_test_maps:/home/lzf/ros2_rmf_ws/install/rmf_traffic_editor_assets:/home/lzf/ros2_rmf_ws/install/rmf_traffic_editor:/home/lzf/ros2_rmf_ws/install/rmf_task_msgs:/home/lzf/ros2_rmf_ws/install/rmf_site_map_msgs:/home/lzf/ros2_rmf_ws/install/rmf_scheduler_msgs:/home/lzf/ros2_rmf_ws/install/rmf_robot_sim_gz_plugins:/home/lzf/ros2_rmf_ws/install/rmf_robot_sim_common:/home/lzf/ros2_rmf_ws/install/rmf_obstacle_msgs:/home/lzf/ros2_rmf_ws/install/rmf_building_sim_gz_plugins:/home/lzf/ros2_rmf_ws/install/rmf_lift_msgs:/home/lzf/ros2_rmf_ws/install/rmf_ingestor_msgs:/home/lzf/ros2_rmf_ws/install/rmf_fleet_msgs:/home/lzf/ros2_rmf_ws/install/rmf_door_msgs:/home/lzf/ros2_rmf_ws/install/rmf_demos_maps:/home/lzf/ros2_rmf_ws/install/rmf_demos_assets:/home/lzf/ros2_rmf_ws/install/rmf_charger_msgs:/home/lzf/ros2_rmf_ws/install/rmf_api_msgs:/home/lzf/ros2_rmf_ws/install/pybind11_json_vendor:/home/lzf/ros2_rmf_ws/install/nlohmann_json_schema_validator_vendor:/home/lzf/ros2_rmf_ws/install/rmf_demos_fleet_adapter:/home/lzf/ros2_rmf_ws/install/rmf_visualization_building_systems:/home/lzf/ros2_rmf_ws/install/rmf_traffic_examples:/home/lzf/ros2_rmf_ws/install/rmf_demos_bridges:/home/lzf/ros2_rmf_ws/install/rmf_demos_tasks:/home/lzf/ros2_rmf_ws/install/rmf_building_map_tools:/home/lzf/ros2_rmf_ws/install/rmf_charging_schedule:/home/lzf/ros2_rmf_ws/install/rmf_dispenser_msgs:/home/lzf/ros2_rmf_ws/install/rmf_building_map_msgs:/home/lzf/ros2_rmf_ws/install/case_study2_pointcloud_viz:/home/lzf/ros2_rmf_ws/install/case_study2_gazebo:/home/lzf/ros2_free_fleet_ws/install/free_fleet:/opt/ros/jazzy:/home/lzf/ros2_rmf_ws/install/menge_vendor:/home/lzf/ros2_rmf_ws/install/ament_cmake_catch2:/home/lzf/ros2_rmf_map_ws/install/rmf_burger_maps:/home/lzf/ros2_free_fleet_ws/install/free_fleet_examples:/home/lzf/ros2_free_fleet_ws/install/free_fleet_adapter:/opt/ros/jazzy/opt/gz_sim_vendor:/opt/ros/jazzy/opt/gz_sensors_vendor:/opt/ros/jazzy/opt/gz_physics_vendor:/opt/ros/jazzy/opt/sdformat_vendor:/opt/ros/jazzy/opt/gz_gui_vendor:/opt/ros/jazzy/opt/gz_transport_vendor:/opt/ros/jazzy/opt/gz_rendering_vendor:/opt/ros/jazzy/opt/gz_plugin_vendor:/opt/ros/jazzy/opt/gz_fuel_tools_vendor:/opt/ros/jazzy/opt/gz_msgs_vendor:/opt/ros/jazzy/opt/gz_common_vendor:/opt/ros/jazzy/opt/gz_math_vendor:/opt/ros/jazzy/opt/gz_utils_vendor:/opt/ros/jazzy/opt/gz_tools_vendor:/opt/ros/jazzy/opt/gz_ogre_next_vendor:/opt/ros/jazzy/opt/gz_dartsim_vendor:/opt/ros/jazzy/opt/gz_cmake_vendor DEBUGINFOD_URLS=https://debuginfod.ubuntu.com /usr/bin/cmake --build /home/lzf/chapt9/fishbot_ws/build/fishbot_navigation2 -- -j28 -l28
[0.273s] DEBUG:colcon.colcon_core.event_handler.log_command:Invoked command in '/home/lzf/chapt9/fishbot_ws/build/fishbot_navigation2' returned '0': CMAKE_PREFIX_PATH=/home/lzf/ros2_rmf_ws/install/rmf_workcell_msgs:/home/lzf/ros2_rmf_ws/install/rmf_demos_gz:/home/lzf/ros2_rmf_ws/install/rmf_demos:/home/lzf/ros2_rmf_ws/install/rmf_fleet_adapter_python:/home/lzf/ros2_rmf_ws/install/rmf_fleet_adapter:/home/lzf/ros2_rmf_ws/install/rmf_task_ros2:/home/lzf/ros2_rmf_ws/install/rmf_websocket:/home/lzf/ros2_rmf_ws/install/rmf_visualization:/home/lzf/ros2_rmf_ws/install/rmf_visualization_schedule:/home/lzf/ros2_rmf_ws/install/rmf_visualization_rviz2_plugins:/home/lzf/ros2_rmf_ws/install/rmf_visualization_obstacles:/home/lzf/ros2_rmf_ws/install/rmf_visualization_navgraphs:/home/lzf/ros2_rmf_ws/install/rmf_visualization_floorplans:/home/lzf/ros2_rmf_ws/install/rmf_visualization_fleet_states:/home/lzf/ros2_rmf_ws/install/rmf_visualization_msgs:/home/lzf/ros2_rmf_ws/install/rmf_traffic_ros2:/home/lzf/ros2_rmf_ws/install/rmf_task_sequence:/home/lzf/ros2_rmf_ws/install/rmf_task:/home/lzf/ros2_rmf_ws/install/rmf_battery:/home/lzf/ros2_rmf_ws/install/rmf_traffic:/home/lzf/ros2_rmf_ws/install/rmf_utils:/home/lzf/ros2_rmf_ws/install/rmf_traffic_msgs:/home/lzf/ros2_rmf_ws/install/rmf_traffic_editor_test_maps:/home/lzf/ros2_rmf_ws/install/rmf_traffic_editor_assets:/home/lzf/ros2_rmf_ws/install/rmf_traffic_editor:/home/lzf/ros2_rmf_ws/install/rmf_task_msgs:/home/lzf/ros2_rmf_ws/install/rmf_site_map_msgs:/home/lzf/ros2_rmf_ws/install/rmf_scheduler_msgs:/home/lzf/ros2_rmf_ws/install/rmf_robot_sim_gz_plugins:/home/lzf/ros2_rmf_ws/install/rmf_robot_sim_common:/home/lzf/ros2_rmf_ws/install/rmf_obstacle_msgs:/home/lzf/ros2_rmf_ws/install/rmf_building_sim_gz_plugins:/home/lzf/ros2_rmf_ws/install/rmf_lift_msgs:/home/lzf/ros2_rmf_ws/install/rmf_ingestor_msgs:/home/lzf/ros2_rmf_ws/install/rmf_fleet_msgs:/home/lzf/ros2_rmf_ws/install/rmf_door_msgs:/home/lzf/ros2_rmf_ws/install/rmf_demos_maps:/home/lzf/ros2_rmf_ws/install/rmf_demos_assets:/home/lzf/ros2_rmf_ws/install/rmf_charger_msgs:/home/lzf/ros2_rmf_ws/install/rmf_api_msgs:/home/lzf/ros2_rmf_ws/install/pybind11_json_vendor:/home/lzf/ros2_rmf_ws/install/nlohmann_json_schema_validator_vendor:/home/lzf/ros2_rmf_ws/install/rmf_demos_fleet_adapter:/home/lzf/ros2_rmf_ws/install/rmf_visualization_building_systems:/home/lzf/ros2_rmf_ws/install/rmf_traffic_examples:/home/lzf/ros2_rmf_ws/install/rmf_demos_bridges:/home/lzf/ros2_rmf_ws/install/rmf_demos_tasks:/home/lzf/ros2_rmf_ws/install/rmf_building_map_tools:/home/lzf/ros2_rmf_ws/install/rmf_charging_schedule:/home/lzf/ros2_rmf_ws/install/rmf_dispenser_msgs:/home/lzf/ros2_rmf_ws/install/rmf_building_map_msgs:/home/lzf/ros2_rmf_ws/install/case_study2_pointcloud_viz:/home/lzf/ros2_rmf_ws/install/case_study2_gazebo:/home/lzf/ros2_free_fleet_ws/install/free_fleet:/opt/ros/jazzy:/home/lzf/ros2_rmf_ws/install/menge_vendor:/home/lzf/ros2_rmf_ws/install/ament_cmake_catch2:/home/lzf/ros2_rmf_map_ws/install/rmf_burger_maps:/home/lzf/ros2_free_fleet_ws/install/free_fleet_examples:/home/lzf/ros2_free_fleet_ws/install/free_fleet_adapter:/opt/ros/jazzy/opt/gz_sim_vendor:/opt/ros/jazzy/opt/gz_sensors_vendor:/opt/ros/jazzy/opt/gz_physics_vendor:/opt/ros/jazzy/opt/sdformat_vendor:/opt/ros/jazzy/opt/gz_gui_vendor:/opt/ros/jazzy/opt/gz_transport_vendor:/opt/ros/jazzy/opt/gz_rendering_vendor:/opt/ros/jazzy/opt/gz_plugin_vendor:/opt/ros/jazzy/opt/gz_fuel_tools_vendor:/opt/ros/jazzy/opt/gz_msgs_vendor:/opt/ros/jazzy/opt/gz_common_vendor:/opt/ros/jazzy/opt/gz_math_vendor:/opt/ros/jazzy/opt/gz_utils_vendor:/opt/ros/jazzy/opt/gz_tools_vendor:/opt/ros/jazzy/opt/gz_ogre_next_vendor:/opt/ros/jazzy/opt/gz_dartsim_vendor:/opt/ros/jazzy/opt/gz_cmake_vendor DEBUGINFOD_URLS=https://debuginfod.ubuntu.com /usr/bin/cmake --build /home/lzf/chapt9/fishbot_ws/build/fishbot_navigation2 -- -j28 -l28
[0.279s] DEBUG:colcon.colcon_core.event_handler.log_command:Invoking command in '/home/lzf/chapt9/fishbot_ws/build/fishbot_navigation2': CMAKE_PREFIX_PATH=/home/lzf/ros2_rmf_ws/install/rmf_workcell_msgs:/home/lzf/ros2_rmf_ws/install/rmf_demos_gz:/home/lzf/ros2_rmf_ws/install/rmf_demos:/home/lzf/ros2_rmf_ws/install/rmf_fleet_adapter_python:/home/lzf/ros2_rmf_ws/install/rmf_fleet_adapter:/home/lzf/ros2_rmf_ws/install/rmf_task_ros2:/home/lzf/ros2_rmf_ws/install/rmf_websocket:/home/lzf/ros2_rmf_ws/install/rmf_visualization:/home/lzf/ros2_rmf_ws/install/rmf_visualization_schedule:/home/lzf/ros2_rmf_ws/install/rmf_visualization_rviz2_plugins:/home/lzf/ros2_rmf_ws/install/rmf_visualization_obstacles:/home/lzf/ros2_rmf_ws/install/rmf_visualization_navgraphs:/home/lzf/ros2_rmf_ws/install/rmf_visualization_floorplans:/home/lzf/ros2_rmf_ws/install/rmf_visualization_fleet_states:/home/lzf/ros2_rmf_ws/install/rmf_visualization_msgs:/home/lzf/ros2_rmf_ws/install/rmf_traffic_ros2:/home/lzf/ros2_rmf_ws/install/rmf_task_sequence:/home/lzf/ros2_rmf_ws/install/rmf_task:/home/lzf/ros2_rmf_ws/install/rmf_battery:/home/lzf/ros2_rmf_ws/install/rmf_traffic:/home/lzf/ros2_rmf_ws/install/rmf_utils:/home/lzf/ros2_rmf_ws/install/rmf_traffic_msgs:/home/lzf/ros2_rmf_ws/install/rmf_traffic_editor_test_maps:/home/lzf/ros2_rmf_ws/install/rmf_traffic_editor_assets:/home/lzf/ros2_rmf_ws/install/rmf_traffic_editor:/home/lzf/ros2_rmf_ws/install/rmf_task_msgs:/home/lzf/ros2_rmf_ws/install/rmf_site_map_msgs:/home/lzf/ros2_rmf_ws/install/rmf_scheduler_msgs:/home/lzf/ros2_rmf_ws/install/rmf_robot_sim_gz_plugins:/home/lzf/ros2_rmf_ws/install/rmf_robot_sim_common:/home/lzf/ros2_rmf_ws/install/rmf_obstacle_msgs:/home/lzf/ros2_rmf_ws/install/rmf_building_sim_gz_plugins:/home/lzf/ros2_rmf_ws/install/rmf_lift_msgs:/home/lzf/ros2_rmf_ws/install/rmf_ingestor_msgs:/home/lzf/ros2_rmf_ws/install/rmf_fleet_msgs:/home/lzf/ros2_rmf_ws/install/rmf_door_msgs:/home/lzf/ros2_rmf_ws/install/rmf_demos_maps:/home/lzf/ros2_rmf_ws/install/rmf_demos_assets:/home/lzf/ros2_rmf_ws/install/rmf_charger_msgs:/home/lzf/ros2_rmf_ws/install/rmf_api_msgs:/home/lzf/ros2_rmf_ws/install/pybind11_json_vendor:/home/lzf/ros2_rmf_ws/install/nlohmann_json_schema_validator_vendor:/home/lzf/ros2_rmf_ws/install/rmf_demos_fleet_adapter:/home/lzf/ros2_rmf_ws/install/rmf_visualization_building_systems:/home/lzf/ros2_rmf_ws/install/rmf_traffic_examples:/home/lzf/ros2_rmf_ws/install/rmf_demos_bridges:/home/lzf/ros2_rmf_ws/install/rmf_demos_tasks:/home/lzf/ros2_rmf_ws/install/rmf_building_map_tools:/home/lzf/ros2_rmf_ws/install/rmf_charging_schedule:/home/lzf/ros2_rmf_ws/install/rmf_dispenser_msgs:/home/lzf/ros2_rmf_ws/install/rmf_building_map_msgs:/home/lzf/ros2_rmf_ws/install/case_study2_pointcloud_viz:/home/lzf/ros2_rmf_ws/install/case_study2_gazebo:/home/lzf/ros2_free_fleet_ws/install/free_fleet:/opt/ros/jazzy:/home/lzf/ros2_rmf_ws/install/menge_vendor:/home/lzf/ros2_rmf_ws/install/ament_cmake_catch2:/home/lzf/ros2_rmf_map_ws/install/rmf_burger_maps:/home/lzf/ros2_free_fleet_ws/install/free_fleet_examples:/home/lzf/ros2_free_fleet_ws/install/free_fleet_adapter:/opt/ros/jazzy/opt/gz_sim_vendor:/opt/ros/jazzy/opt/gz_sensors_vendor:/opt/ros/jazzy/opt/gz_physics_vendor:/opt/ros/jazzy/opt/sdformat_vendor:/opt/ros/jazzy/opt/gz_gui_vendor:/opt/ros/jazzy/opt/gz_transport_vendor:/opt/ros/jazzy/opt/gz_rendering_vendor:/opt/ros/jazzy/opt/gz_plugin_vendor:/opt/ros/jazzy/opt/gz_fuel_tools_vendor:/opt/ros/jazzy/opt/gz_msgs_vendor:/opt/ros/jazzy/opt/gz_common_vendor:/opt/ros/jazzy/opt/gz_math_vendor:/opt/ros/jazzy/opt/gz_utils_vendor:/opt/ros/jazzy/opt/gz_tools_vendor:/opt/ros/jazzy/opt/gz_ogre_next_vendor:/opt/ros/jazzy/opt/gz_dartsim_vendor:/opt/ros/jazzy/opt/gz_cmake_vendor DEBUGINFOD_URLS=https://debuginfod.ubuntu.com /usr/bin/cmake --install /home/lzf/chapt9/fishbot_ws/build/fishbot_navigation2
[0.285s] Level 1:colcon.colcon_core.environment:create_environment_scripts_only(fishbot_navigation2)
[0.285s] DEBUG:colcon.colcon_core.event_handler.log_command:Invoked command in '/home/lzf/chapt9/fishbot_ws/build/fishbot_navigation2' returned '0': CMAKE_PREFIX_PATH=/home/lzf/ros2_rmf_ws/install/rmf_workcell_msgs:/home/lzf/ros2_rmf_ws/install/rmf_demos_gz:/home/lzf/ros2_rmf_ws/install/rmf_demos:/home/lzf/ros2_rmf_ws/install/rmf_fleet_adapter_python:/home/lzf/ros2_rmf_ws/install/rmf_fleet_adapter:/home/lzf/ros2_rmf_ws/install/rmf_task_ros2:/home/lzf/ros2_rmf_ws/install/rmf_websocket:/home/lzf/ros2_rmf_ws/install/rmf_visualization:/home/lzf/ros2_rmf_ws/install/rmf_visualization_schedule:/home/lzf/ros2_rmf_ws/install/rmf_visualization_rviz2_plugins:/home/lzf/ros2_rmf_ws/install/rmf_visualization_obstacles:/home/lzf/ros2_rmf_ws/install/rmf_visualization_navgraphs:/home/lzf/ros2_rmf_ws/install/rmf_visualization_floorplans:/home/lzf/ros2_rmf_ws/install/rmf_visualization_fleet_states:/home/lzf/ros2_rmf_ws/install/rmf_visualization_msgs:/home/lzf/ros2_rmf_ws/install/rmf_traffic_ros2:/home/lzf/ros2_rmf_ws/install/rmf_task_sequence:/home/lzf/ros2_rmf_ws/install/rmf_task:/home/lzf/ros2_rmf_ws/install/rmf_battery:/home/lzf/ros2_rmf_ws/install/rmf_traffic:/home/lzf/ros2_rmf_ws/install/rmf_utils:/home/lzf/ros2_rmf_ws/install/rmf_traffic_msgs:/home/lzf/ros2_rmf_ws/install/rmf_traffic_editor_test_maps:/home/lzf/ros2_rmf_ws/install/rmf_traffic_editor_assets:/home/lzf/ros2_rmf_ws/install/rmf_traffic_editor:/home/lzf/ros2_rmf_ws/install/rmf_task_msgs:/home/lzf/ros2_rmf_ws/install/rmf_site_map_msgs:/home/lzf/ros2_rmf_ws/install/rmf_scheduler_msgs:/home/lzf/ros2_rmf_ws/install/rmf_robot_sim_gz_plugins:/home/lzf/ros2_rmf_ws/install/rmf_robot_sim_common:/home/lzf/ros2_rmf_ws/install/rmf_obstacle_msgs:/home/lzf/ros2_rmf_ws/install/rmf_building_sim_gz_plugins:/home/lzf/ros2_rmf_ws/install/rmf_lift_msgs:/home/lzf/ros2_rmf_ws/install/rmf_ingestor_msgs:/home/lzf/ros2_rmf_ws/install/rmf_fleet_msgs:/home/lzf/ros2_rmf_ws/install/rmf_door_msgs:/home/lzf/ros2_rmf_ws/install/rmf_demos_maps:/home/lzf/ros2_rmf_ws/install/rmf_demos_assets:/home/lzf/ros2_rmf_ws/install/rmf_charger_msgs:/home/lzf/ros2_rmf_ws/install/rmf_api_msgs:/home/lzf/ros2_rmf_ws/install/pybind11_json_vendor:/home/lzf/ros2_rmf_ws/install/nlohmann_json_schema_validator_vendor:/home/lzf/ros2_rmf_ws/install/rmf_demos_fleet_adapter:/home/lzf/ros2_rmf_ws/install/rmf_visualization_building_systems:/home/lzf/ros2_rmf_ws/install/rmf_traffic_examples:/home/lzf/ros2_rmf_ws/install/rmf_demos_bridges:/home/lzf/ros2_rmf_ws/install/rmf_demos_tasks:/home/lzf/ros2_rmf_ws/install/rmf_building_map_tools:/home/lzf/ros2_rmf_ws/install/rmf_charging_schedule:/home/lzf/ros2_rmf_ws/install/rmf_dispenser_msgs:/home/lzf/ros2_rmf_ws/install/rmf_building_map_msgs:/home/lzf/ros2_rmf_ws/install/case_study2_pointcloud_viz:/home/lzf/ros2_rmf_ws/install/case_study2_gazebo:/home/lzf/ros2_free_fleet_ws/install/free_fleet:/opt/ros/jazzy:/home/lzf/ros2_rmf_ws/install/menge_vendor:/home/lzf/ros2_rmf_ws/install/ament_cmake_catch2:/home/lzf/ros2_rmf_map_ws/install/rmf_burger_maps:/home/lzf/ros2_free_fleet_ws/install/free_fleet_examples:/home/lzf/ros2_free_fleet_ws/install/free_fleet_adapter:/opt/ros/jazzy/opt/gz_sim_vendor:/opt/ros/jazzy/opt/gz_sensors_vendor:/opt/ros/jazzy/opt/gz_physics_vendor:/opt/ros/jazzy/opt/sdformat_vendor:/opt/ros/jazzy/opt/gz_gui_vendor:/opt/ros/jazzy/opt/gz_transport_vendor:/opt/ros/jazzy/opt/gz_rendering_vendor:/opt/ros/jazzy/opt/gz_plugin_vendor:/opt/ros/jazzy/opt/gz_fuel_tools_vendor:/opt/ros/jazzy/opt/gz_msgs_vendor:/opt/ros/jazzy/opt/gz_common_vendor:/opt/ros/jazzy/opt/gz_math_vendor:/opt/ros/jazzy/opt/gz_utils_vendor:/opt/ros/jazzy/opt/gz_tools_vendor:/opt/ros/jazzy/opt/gz_ogre_next_vendor:/opt/ros/jazzy/opt/gz_dartsim_vendor:/opt/ros/jazzy/opt/gz_cmake_vendor DEBUGINFOD_URLS=https://debuginfod.ubuntu.com /usr/bin/cmake --install /home/lzf/chapt9/fishbot_ws/build/fishbot_navigation2
[0.287s] Level 1:colcon.colcon_core.environment:checking '/home/lzf/chapt9/fishbot_ws/install/fishbot_navigation2' for CMake module files
[0.288s] Level 1:colcon.colcon_core.environment:checking '/home/lzf/chapt9/fishbot_ws/install/fishbot_navigation2' for CMake config files
[0.288s] Level 1:colcon.colcon_core.shell:create_environment_hook('fishbot_navigation2', 'cmake_prefix_path')
[0.288s] INFO:colcon.colcon_core.shell:Creating environment hook '/home/lzf/chapt9/fishbot_ws/install/fishbot_navigation2/share/fishbot_navigation2/hook/cmake_prefix_path.ps1'
[0.288s] INFO:colcon.colcon_core.shell:Creating environment descriptor '/home/lzf/chapt9/fishbot_ws/install/fishbot_navigation2/share/fishbot_navigation2/hook/cmake_prefix_path.dsv'
[0.289s] INFO:colcon.colcon_core.shell:Creating environment hook '/home/lzf/chapt9/fishbot_ws/install/fishbot_navigation2/share/fishbot_navigation2/hook/cmake_prefix_path.sh'
[0.289s] Level 1:colcon.colcon_core.environment:checking '/home/lzf/chapt9/fishbot_ws/install/fishbot_navigation2/bin'
[0.289s] Level 1:colcon.colcon_core.environment:checking '/home/lzf/chapt9/fishbot_ws/install/fishbot_navigation2/lib/pkgconfig/fishbot_navigation2.pc'
[0.290s] Level 1:colcon.colcon_core.environment:checking '/home/lzf/chapt9/fishbot_ws/install/fishbot_navigation2/lib/python3.12/site-packages'
[0.290s] Level 1:colcon.colcon_core.environment:checking '/home/lzf/chapt9/fishbot_ws/install/fishbot_navigation2/bin'
[0.290s] INFO:colcon.colcon_core.shell:Creating package script '/home/lzf/chapt9/fishbot_ws/install/fishbot_navigation2/share/fishbot_navigation2/package.ps1'
[0.291s] INFO:colcon.colcon_core.shell:Creating package descriptor '/home/lzf/chapt9/fishbot_ws/install/fishbot_navigation2/share/fishbot_navigation2/package.dsv'
[0.291s] INFO:colcon.colcon_core.shell:Creating package script '/home/lzf/chapt9/fishbot_ws/install/fishbot_navigation2/share/fishbot_navigation2/package.sh'
[0.291s] INFO:colcon.colcon_core.shell:Creating package script '/home/lzf/chapt9/fishbot_ws/install/fishbot_navigation2/share/fishbot_navigation2/package.bash'
[0.291s] INFO:colcon.colcon_core.shell:Creating package script '/home/lzf/chapt9/fishbot_ws/install/fishbot_navigation2/share/fishbot_navigation2/package.zsh'
[0.292s] Level 1:colcon.colcon_core.environment:create_file_with_runtime_dependencies(/home/lzf/chapt9/fishbot_ws/install/fishbot_navigation2/share/colcon-core/packages/fishbot_navigation2)
[0.292s] Level 1:colcon.colcon_core.environment:create_environment_scripts_only(fishbot_navigation2)
[0.292s] Level 1:colcon.colcon_core.environment:checking '/home/lzf/chapt9/fishbot_ws/install/fishbot_navigation2' for CMake module files
[0.292s] Level 1:colcon.colcon_core.environment:checking '/home/lzf/chapt9/fishbot_ws/install/fishbot_navigation2' for CMake config files
[0.292s] Level 1:colcon.colcon_core.shell:create_environment_hook('fishbot_navigation2', 'cmake_prefix_path')
[0.292s] INFO:colcon.colcon_core.shell:Creating environment hook '/home/lzf/chapt9/fishbot_ws/install/fishbot_navigation2/share/fishbot_navigation2/hook/cmake_prefix_path.ps1'
[0.292s] INFO:colcon.colcon_core.shell:Creating environment descriptor '/home/lzf/chapt9/fishbot_ws/install/fishbot_navigation2/share/fishbot_navigation2/hook/cmake_prefix_path.dsv'
[0.292s] INFO:colcon.colcon_core.shell:Creating environment hook '/home/lzf/chapt9/fishbot_ws/install/fishbot_navigation2/share/fishbot_navigation2/hook/cmake_prefix_path.sh'
[0.293s] Level 1:colcon.colcon_core.environment:checking '/home/lzf/chapt9/fishbot_ws/install/fishbot_navigation2/bin'
[0.293s] Level 1:colcon.colcon_core.environment:checking '/home/lzf/chapt9/fishbot_ws/install/fishbot_navigation2/lib/pkgconfig/fishbot_navigation2.pc'
[0.293s] Level 1:colcon.colcon_core.environment:checking '/home/lzf/chapt9/fishbot_ws/install/fishbot_navigation2/lib/python3.12/site-packages'
[0.293s] Level 1:colcon.colcon_core.environment:checking '/home/lzf/chapt9/fishbot_ws/install/fishbot_navigation2/bin'
[0.293s] INFO:colcon.colcon_core.shell:Creating package script '/home/lzf/chapt9/fishbot_ws/install/fishbot_navigation2/share/fishbot_navigation2/package.ps1'
[0.293s] INFO:colcon.colcon_core.shell:Creating package descriptor '/home/lzf/chapt9/fishbot_ws/install/fishbot_navigation2/share/fishbot_navigation2/package.dsv'
[0.294s] INFO:colcon.colcon_core.shell:Creating package script '/home/lzf/chapt9/fishbot_ws/install/fishbot_navigation2/share/fishbot_navigation2/package.sh'
[0.294s] INFO:colcon.colcon_core.shell:Creating package script '/home/lzf/chapt9/fishbot_ws/install/fishbot_navigation2/share/fishbot_navigation2/package.bash'
[0.294s] INFO:colcon.colcon_core.shell:Creating package script '/home/lzf/chapt9/fishbot_ws/install/fishbot_navigation2/share/fishbot_navigation2/package.zsh'
[0.294s] Level 1:colcon.colcon_core.environment:create_file_with_runtime_dependencies(/home/lzf/chapt9/fishbot_ws/install/fishbot_navigation2/share/colcon-core/packages/fishbot_navigation2)
[0.294s] DEBUG:colcon.colcon_parallel_executor.executor.parallel:closing loop
[0.294s] DEBUG:colcon.colcon_ros_domain_id_coordinator.shell.ros_domain_id:Released ROS_DOMAIN_ID=82 for '/home/lzf/chapt9/fishbot_ws/build/fishbot_navigation2'
[0.294s] DEBUG:colcon.colcon_parallel_executor.executor.parallel:loop closed
[0.294s] DEBUG:colcon.colcon_parallel_executor.executor.parallel:run_until_complete finished with '0'
[0.294s] DEBUG:colcon.colcon_core.event_reactor:joining thread
[0.297s] INFO:colcon.colcon_core.plugin_system:Skipping extension 'colcon_notification.desktop_notification.terminal_notifier': Not used on non-Darwin systems
[0.297s] INFO:colcon.colcon_core.plugin_system:Skipping extension 'colcon_notification.desktop_notification.win32': Not used on non-Windows systems
[0.297s] INFO:colcon.colcon_notification.desktop_notification:Sending desktop notification using 'notify2'
[0.304s] DEBUG:colcon.colcon_core.event_reactor:joined thread
[0.304s] INFO:colcon.colcon_core.shell:Creating prefix script '/home/lzf/chapt9/fishbot_ws/install/local_setup.ps1'
[0.304s] INFO:colcon.colcon_core.shell:Creating prefix util module '/home/lzf/chapt9/fishbot_ws/install/_local_setup_util_ps1.py'
[0.305s] INFO:colcon.colcon_core.shell:Creating prefix chain script '/home/lzf/chapt9/fishbot_ws/install/setup.ps1'
[0.306s] INFO:colcon.colcon_core.shell:Creating prefix script '/home/lzf/chapt9/fishbot_ws/install/local_setup.sh'
[0.306s] INFO:colcon.colcon_core.shell:Creating prefix util module '/home/lzf/chapt9/fishbot_ws/install/_local_setup_util_sh.py'
[0.306s] INFO:colcon.colcon_core.shell:Creating prefix chain script '/home/lzf/chapt9/fishbot_ws/install/setup.sh'
[0.307s] INFO:colcon.colcon_core.shell:Creating prefix script '/home/lzf/chapt9/fishbot_ws/install/local_setup.bash'
[0.308s] INFO:colcon.colcon_core.shell:Creating prefix chain script '/home/lzf/chapt9/fishbot_ws/install/setup.bash'
[0.309s] INFO:colcon.colcon_core.shell:Creating prefix script '/home/lzf/chapt9/fishbot_ws/install/local_setup.zsh'
[0.309s] INFO:colcon.colcon_core.shell:Creating prefix chain script '/home/lzf/chapt9/fishbot_ws/install/setup.zsh'
[0.310s] INFO:colcon.colcon_core.shell:Creating '/home/lzf/chapt9/fishbot_ws/install/spawn_shell.bash'
