[ 50%] Building CXX object CMakeFiles/odom2tf.dir/src/odom2tf.cpp.o
[100%] Linking CXX executable odom2tf
[100%] Built target odom2tf
-- Install configuration: ""
-- Installing: /home/lzf/chapt9/fishbot_ws/install/fishbot_bringup/lib/fishbot_bringup/odom2tf
-- Set non-toolchain portion of runtime path of "/home/lzf/chapt9/fishbot_ws/install/fishbot_bringup/lib/fishbot_bringup/odom2tf" to ""
-- Up-to-date: /home/lzf/chapt9/fishbot_ws/install/fishbot_bringup/share/fishbot_bringup/launch
-- Up-to-date: /home/lzf/chapt9/fishbot_ws/install/fishbot_bringup/share/fishbot_bringup/launch/bringup.launch.py
-- Up-to-date: /home/lzf/chapt9/fishbot_ws/install/fishbot_bringup/share/fishbot_bringup/launch/urdf2tf.launch.py
-- Up-to-date: /home/lzf/chapt9/fishbot_ws/install/fishbot_bringup/share/ament_index/resource_index/package_run_dependencies/fishbot_bringup
-- Up-to-date: /home/lzf/chapt9/fishbot_ws/install/fishbot_bringup/share/ament_index/resource_index/parent_prefix_path/fishbot_bringup
-- Up-to-date: /home/lzf/chapt9/fishbot_ws/install/fishbot_bringup/share/fishbot_bringup/environment/ament_prefix_path.sh
-- Up-to-date: /home/lzf/chapt9/fishbot_ws/install/fishbot_bringup/share/fishbot_bringup/environment/ament_prefix_path.dsv
-- Up-to-date: /home/lzf/chapt9/fishbot_ws/install/fishbot_bringup/share/fishbot_bringup/environment/path.sh
-- Up-to-date: /home/lzf/chapt9/fishbot_ws/install/fishbot_bringup/share/fishbot_bringup/environment/path.dsv
-- Up-to-date: /home/lzf/chapt9/fishbot_ws/install/fishbot_bringup/share/fishbot_bringup/local_setup.bash
-- Up-to-date: /home/lzf/chapt9/fishbot_ws/install/fishbot_bringup/share/fishbot_bringup/local_setup.sh
-- Up-to-date: /home/lzf/chapt9/fishbot_ws/install/fishbot_bringup/share/fishbot_bringup/local_setup.zsh
-- Up-to-date: /home/lzf/chapt9/fishbot_ws/install/fishbot_bringup/share/fishbot_bringup/local_setup.dsv
-- Installing: /home/lzf/chapt9/fishbot_ws/install/fishbot_bringup/share/fishbot_bringup/package.dsv
-- Up-to-date: /home/lzf/chapt9/fishbot_ws/install/fishbot_bringup/share/ament_index/resource_index/packages/fishbot_bringup
-- Up-to-date: /home/lzf/chapt9/fishbot_ws/install/fishbot_bringup/share/fishbot_bringup/cmake/fishbot_bringupConfig.cmake
-- Up-to-date: /home/lzf/chapt9/fishbot_ws/install/fishbot_bringup/share/fishbot_bringup/cmake/fishbot_bringupConfig-version.cmake
-- Up-to-date: /home/lzf/chapt9/fishbot_ws/install/fishbot_bringup/share/fishbot_bringup/package.xml
