[0.145s] DEBUG:colcon:Command line arguments: ['/usr/bin/colcon', 'build']
[0.145s] DEBUG:colcon:Parsed command line arguments: Namespace(log_base=None, log_level=None, verb_name='build', build_base='build', install_base='install', merge_install=False, symlink_install=False, test_result_base=None, continue_on_error=False, executor='parallel', parallel_workers=28, event_handlers=None, ignore_user_meta=False, metas=['./colcon.meta'], base_paths=['.'], packages_ignore=None, packages_ignore_regex=None, paths=None, packages_up_to=None, packages_up_to_regex=None, packages_above=None, packages_above_and_dependencies=None, packages_above_depth=None, packages_select_by_dep=None, packages_skip_by_dep=None, packages_skip_up_to=None, packages_select_build_failed=False, packages_skip_build_finished=False, packages_select_test_failures=False, packages_skip_test_passed=False, packages_select=None, packages_skip=None, packages_select_regex=None, packages_skip_regex=None, packages_start=None, packages_end=None, allow_overriding=[], bazel_args=None, bazel_task=None, cargo_args=None, clean_build=False, cmake_args=None, cmake_target=None, cmake_target_skip_unavailable=False, cmake_clean_cache=False, cmake_clean_first=False, cmake_force_configure=False, meson_args=[], lookup_in_workspace=False, ament_cmake_args=None, catkin_cmake_args=None, catkin_skip_building_tests=False, mixin_files=None, mixin=None, verb_parser=<colcon_alias.argument_parser.alias.AliasArgumentDecorator object at 0x7dc7e79b1430>, verb_extension=<colcon_core.verb.build.BuildVerb object at 0x7dc7e7b49520>, main=<bound method BuildVerb.main of <colcon_core.verb.build.BuildVerb object at 0x7dc7e7b49520>>, mixin_verb=('build',))
[0.182s] Level 1:colcon.colcon_core.package_discovery:discover_packages(colcon_meta) check parameters
[0.182s] Level 1:colcon.colcon_core.package_discovery:discover_packages(recursive) check parameters
[0.182s] Level 1:colcon.colcon_core.package_discovery:discover_packages(ignore) check parameters
[0.182s] Level 1:colcon.colcon_core.package_discovery:discover_packages(path) check parameters
[0.182s] Level 1:colcon.colcon_core.package_discovery:discover_packages(cargo_workspace) check parameters
[0.182s] Level 1:colcon.colcon_core.package_discovery:discover_packages(colcon_meta) discover
[0.182s] Level 1:colcon.colcon_core.package_discovery:discover_packages(recursive) discover
[0.182s] INFO:colcon.colcon_core.package_discovery:Crawling recursively for packages in '/home/lzf/chapt9/fishbot_ws'
[0.182s] Level 1:colcon.colcon_core.package_identification:_identify(.) by extensions ['ignore', 'ignore_ament_install']
[0.182s] Level 1:colcon.colcon_core.package_identification:_identify(.) by extension 'ignore'
[0.182s] Level 1:colcon.colcon_core.package_identification:_identify(.) by extension 'ignore_ament_install'
[0.182s] Level 1:colcon.colcon_core.package_identification:_identify(.) by extensions ['cargo_workspace']
[0.182s] Level 1:colcon.colcon_core.package_identification:_identify(.) by extension 'cargo_workspace'
[0.182s] Level 1:colcon.colcon_core.package_identification:_identify(.) by extensions ['colcon_pkg']
[0.182s] Level 1:colcon.colcon_core.package_identification:_identify(.) by extension 'colcon_pkg'
[0.182s] Level 1:colcon.colcon_core.package_identification:_identify(.) by extensions ['colcon_meta']
[0.182s] Level 1:colcon.colcon_core.package_identification:_identify(.) by extension 'colcon_meta'
[0.182s] Level 1:colcon.colcon_core.package_identification:_identify(.) by extensions ['ros']
[0.182s] Level 1:colcon.colcon_core.package_identification:_identify(.) by extension 'ros'
[0.184s] Level 1:colcon.colcon_core.package_identification:_identify(.) by extensions ['bazel', 'cargo', 'cmake', 'meson', 'python']
[0.184s] Level 1:colcon.colcon_core.package_identification:_identify(.) by extension 'bazel'
[0.184s] Level 1:colcon.colcon_core.package_identification:_identify(.) by extension 'cargo'
[0.184s] Level 1:colcon.colcon_core.package_identification:_identify(.) by extension 'cmake'
[0.184s] Level 1:colcon.colcon_core.package_identification:_identify(.) by extension 'meson'
[0.185s] Level 1:colcon.colcon_core.package_identification:_identify(.) by extension 'python'
[0.185s] Level 1:colcon.colcon_core.package_identification:_identify(.) by extensions ['python_setup_py']
[0.185s] Level 1:colcon.colcon_core.package_identification:_identify(.) by extension 'python_setup_py'
[0.185s] Level 1:colcon.colcon_core.package_identification:_identify(build) by extensions ['ignore', 'ignore_ament_install']
[0.185s] Level 1:colcon.colcon_core.package_identification:_identify(build) by extension 'ignore'
[0.185s] Level 1:colcon.colcon_core.package_identification:_identify(build) ignored
[0.185s] Level 1:colcon.colcon_core.package_identification:_identify(install) by extensions ['ignore', 'ignore_ament_install']
[0.185s] Level 1:colcon.colcon_core.package_identification:_identify(install) by extension 'ignore'
[0.185s] Level 1:colcon.colcon_core.package_identification:_identify(install) ignored
[0.185s] Level 1:colcon.colcon_core.package_identification:_identify(log) by extensions ['ignore', 'ignore_ament_install']
[0.186s] Level 1:colcon.colcon_core.package_identification:_identify(log) by extension 'ignore'
[0.186s] Level 1:colcon.colcon_core.package_identification:_identify(log) ignored
[0.186s] Level 1:colcon.colcon_core.package_identification:_identify(src) by extensions ['ignore', 'ignore_ament_install']
[0.186s] Level 1:colcon.colcon_core.package_identification:_identify(src) by extension 'ignore'
[0.186s] Level 1:colcon.colcon_core.package_identification:_identify(src) by extension 'ignore_ament_install'
[0.186s] Level 1:colcon.colcon_core.package_identification:_identify(src) by extensions ['cargo_workspace']
[0.186s] Level 1:colcon.colcon_core.package_identification:_identify(src) by extension 'cargo_workspace'
[0.186s] Level 1:colcon.colcon_core.package_identification:_identify(src) by extensions ['colcon_pkg']
[0.186s] Level 1:colcon.colcon_core.package_identification:_identify(src) by extension 'colcon_pkg'
[0.186s] Level 1:colcon.colcon_core.package_identification:_identify(src) by extensions ['colcon_meta']
[0.186s] Level 1:colcon.colcon_core.package_identification:_identify(src) by extension 'colcon_meta'
[0.186s] Level 1:colcon.colcon_core.package_identification:_identify(src) by extensions ['ros']
[0.186s] Level 1:colcon.colcon_core.package_identification:_identify(src) by extension 'ros'
[0.186s] Level 1:colcon.colcon_core.package_identification:_identify(src) by extensions ['bazel', 'cargo', 'cmake', 'meson', 'python']
[0.186s] Level 1:colcon.colcon_core.package_identification:_identify(src) by extension 'bazel'
[0.186s] Level 1:colcon.colcon_core.package_identification:_identify(src) by extension 'cargo'
[0.186s] Level 1:colcon.colcon_core.package_identification:_identify(src) by extension 'cmake'
[0.186s] Level 1:colcon.colcon_core.package_identification:_identify(src) by extension 'meson'
[0.186s] Level 1:colcon.colcon_core.package_identification:_identify(src) by extension 'python'
[0.186s] Level 1:colcon.colcon_core.package_identification:_identify(src) by extensions ['python_setup_py']
[0.186s] Level 1:colcon.colcon_core.package_identification:_identify(src) by extension 'python_setup_py'
[0.186s] Level 1:colcon.colcon_core.package_identification:_identify(src/micro-ROS-Agent) by extensions ['ignore', 'ignore_ament_install']
[0.186s] Level 1:colcon.colcon_core.package_identification:_identify(src/micro-ROS-Agent) by extension 'ignore'
[0.186s] Level 1:colcon.colcon_core.package_identification:_identify(src/micro-ROS-Agent) by extension 'ignore_ament_install'
[0.187s] Level 1:colcon.colcon_core.package_identification:_identify(src/micro-ROS-Agent) by extensions ['cargo_workspace']
[0.187s] Level 1:colcon.colcon_core.package_identification:_identify(src/micro-ROS-Agent) by extension 'cargo_workspace'
[0.187s] Level 1:colcon.colcon_core.package_identification:_identify(src/micro-ROS-Agent) by extensions ['colcon_pkg']
[0.187s] Level 1:colcon.colcon_core.package_identification:_identify(src/micro-ROS-Agent) by extension 'colcon_pkg'
[0.187s] Level 1:colcon.colcon_core.package_identification:_identify(src/micro-ROS-Agent) by extensions ['colcon_meta']
[0.187s] Level 1:colcon.colcon_core.package_identification:_identify(src/micro-ROS-Agent) by extension 'colcon_meta'
[0.187s] Level 1:colcon.colcon_core.package_identification:_identify(src/micro-ROS-Agent) by extensions ['ros']
[0.187s] Level 1:colcon.colcon_core.package_identification:_identify(src/micro-ROS-Agent) by extension 'ros'
[0.187s] Level 1:colcon.colcon_core.package_identification:_identify(src/micro-ROS-Agent) by extensions ['bazel', 'cargo', 'cmake', 'meson', 'python']
[0.187s] Level 1:colcon.colcon_core.package_identification:_identify(src/micro-ROS-Agent) by extension 'bazel'
[0.187s] Level 1:colcon.colcon_core.package_identification:_identify(src/micro-ROS-Agent) by extension 'cargo'
[0.187s] Level 1:colcon.colcon_core.package_identification:_identify(src/micro-ROS-Agent) by extension 'cmake'
[0.187s] Level 1:colcon.colcon_core.package_identification:_identify(src/micro-ROS-Agent) by extension 'meson'
[0.187s] Level 1:colcon.colcon_core.package_identification:_identify(src/micro-ROS-Agent) by extension 'python'
[0.187s] Level 1:colcon.colcon_core.package_identification:_identify(src/micro-ROS-Agent) by extensions ['python_setup_py']
[0.187s] Level 1:colcon.colcon_core.package_identification:_identify(src/micro-ROS-Agent) by extension 'python_setup_py'
[0.187s] Level 1:colcon.colcon_core.package_identification:_identify(src/micro-ROS-Agent/micro_ros_agent) by extensions ['ignore', 'ignore_ament_install']
[0.187s] Level 1:colcon.colcon_core.package_identification:_identify(src/micro-ROS-Agent/micro_ros_agent) by extension 'ignore'
[0.187s] Level 1:colcon.colcon_core.package_identification:_identify(src/micro-ROS-Agent/micro_ros_agent) by extension 'ignore_ament_install'
[0.187s] Level 1:colcon.colcon_core.package_identification:_identify(src/micro-ROS-Agent/micro_ros_agent) by extensions ['cargo_workspace']
[0.187s] Level 1:colcon.colcon_core.package_identification:_identify(src/micro-ROS-Agent/micro_ros_agent) by extension 'cargo_workspace'
[0.187s] Level 1:colcon.colcon_core.package_identification:_identify(src/micro-ROS-Agent/micro_ros_agent) by extensions ['colcon_pkg']
[0.187s] Level 1:colcon.colcon_core.package_identification:_identify(src/micro-ROS-Agent/micro_ros_agent) by extension 'colcon_pkg'
[0.187s] Level 1:colcon.colcon_core.package_identification:_identify(src/micro-ROS-Agent/micro_ros_agent) by extensions ['colcon_meta']
[0.187s] Level 1:colcon.colcon_core.package_identification:_identify(src/micro-ROS-Agent/micro_ros_agent) by extension 'colcon_meta'
[0.187s] Level 1:colcon.colcon_core.package_identification:_identify(src/micro-ROS-Agent/micro_ros_agent) by extensions ['ros']
[0.187s] Level 1:colcon.colcon_core.package_identification:_identify(src/micro-ROS-Agent/micro_ros_agent) by extension 'ros'
[0.189s] DEBUG:colcon.colcon_core.package_identification:Package 'src/micro-ROS-Agent/micro_ros_agent' with type 'ros.ament_cmake' and name 'micro_ros_agent'
[0.189s] Level 1:colcon.colcon_core.package_identification:_identify(src/micro-ROS-Agent/snap) by extensions ['ignore', 'ignore_ament_install']
[0.189s] Level 1:colcon.colcon_core.package_identification:_identify(src/micro-ROS-Agent/snap) by extension 'ignore'
[0.189s] Level 1:colcon.colcon_core.package_identification:_identify(src/micro-ROS-Agent/snap) by extension 'ignore_ament_install'
[0.189s] Level 1:colcon.colcon_core.package_identification:_identify(src/micro-ROS-Agent/snap) by extensions ['cargo_workspace']
[0.189s] Level 1:colcon.colcon_core.package_identification:_identify(src/micro-ROS-Agent/snap) by extension 'cargo_workspace'
[0.189s] Level 1:colcon.colcon_core.package_identification:_identify(src/micro-ROS-Agent/snap) by extensions ['colcon_pkg']
[0.189s] Level 1:colcon.colcon_core.package_identification:_identify(src/micro-ROS-Agent/snap) by extension 'colcon_pkg'
[0.189s] Level 1:colcon.colcon_core.package_identification:_identify(src/micro-ROS-Agent/snap) by extensions ['colcon_meta']
[0.189s] Level 1:colcon.colcon_core.package_identification:_identify(src/micro-ROS-Agent/snap) by extension 'colcon_meta'
[0.189s] Level 1:colcon.colcon_core.package_identification:_identify(src/micro-ROS-Agent/snap) by extensions ['ros']
[0.189s] Level 1:colcon.colcon_core.package_identification:_identify(src/micro-ROS-Agent/snap) by extension 'ros'
[0.189s] Level 1:colcon.colcon_core.package_identification:_identify(src/micro-ROS-Agent/snap) by extensions ['bazel', 'cargo', 'cmake', 'meson', 'python']
[0.189s] Level 1:colcon.colcon_core.package_identification:_identify(src/micro-ROS-Agent/snap) by extension 'bazel'
[0.189s] Level 1:colcon.colcon_core.package_identification:_identify(src/micro-ROS-Agent/snap) by extension 'cargo'
[0.189s] Level 1:colcon.colcon_core.package_identification:_identify(src/micro-ROS-Agent/snap) by extension 'cmake'
[0.189s] Level 1:colcon.colcon_core.package_identification:_identify(src/micro-ROS-Agent/snap) by extension 'meson'
[0.190s] Level 1:colcon.colcon_core.package_identification:_identify(src/micro-ROS-Agent/snap) by extension 'python'
[0.190s] Level 1:colcon.colcon_core.package_identification:_identify(src/micro-ROS-Agent/snap) by extensions ['python_setup_py']
[0.190s] Level 1:colcon.colcon_core.package_identification:_identify(src/micro-ROS-Agent/snap) by extension 'python_setup_py'
[0.190s] Level 1:colcon.colcon_core.package_identification:_identify(src/micro-ROS-Agent/snap/hooks) by extensions ['ignore', 'ignore_ament_install']
[0.190s] Level 1:colcon.colcon_core.package_identification:_identify(src/micro-ROS-Agent/snap/hooks) by extension 'ignore'
[0.190s] Level 1:colcon.colcon_core.package_identification:_identify(src/micro-ROS-Agent/snap/hooks) by extension 'ignore_ament_install'
[0.190s] Level 1:colcon.colcon_core.package_identification:_identify(src/micro-ROS-Agent/snap/hooks) by extensions ['cargo_workspace']
[0.190s] Level 1:colcon.colcon_core.package_identification:_identify(src/micro-ROS-Agent/snap/hooks) by extension 'cargo_workspace'
[0.190s] Level 1:colcon.colcon_core.package_identification:_identify(src/micro-ROS-Agent/snap/hooks) by extensions ['colcon_pkg']
[0.190s] Level 1:colcon.colcon_core.package_identification:_identify(src/micro-ROS-Agent/snap/hooks) by extension 'colcon_pkg'
[0.190s] Level 1:colcon.colcon_core.package_identification:_identify(src/micro-ROS-Agent/snap/hooks) by extensions ['colcon_meta']
[0.190s] Level 1:colcon.colcon_core.package_identification:_identify(src/micro-ROS-Agent/snap/hooks) by extension 'colcon_meta'
[0.190s] Level 1:colcon.colcon_core.package_identification:_identify(src/micro-ROS-Agent/snap/hooks) by extensions ['ros']
[0.190s] Level 1:colcon.colcon_core.package_identification:_identify(src/micro-ROS-Agent/snap/hooks) by extension 'ros'
[0.190s] Level 1:colcon.colcon_core.package_identification:_identify(src/micro-ROS-Agent/snap/hooks) by extensions ['bazel', 'cargo', 'cmake', 'meson', 'python']
[0.190s] Level 1:colcon.colcon_core.package_identification:_identify(src/micro-ROS-Agent/snap/hooks) by extension 'bazel'
[0.190s] Level 1:colcon.colcon_core.package_identification:_identify(src/micro-ROS-Agent/snap/hooks) by extension 'cargo'
[0.190s] Level 1:colcon.colcon_core.package_identification:_identify(src/micro-ROS-Agent/snap/hooks) by extension 'cmake'
[0.190s] Level 1:colcon.colcon_core.package_identification:_identify(src/micro-ROS-Agent/snap/hooks) by extension 'meson'
[0.190s] Level 1:colcon.colcon_core.package_identification:_identify(src/micro-ROS-Agent/snap/hooks) by extension 'python'
[0.190s] Level 1:colcon.colcon_core.package_identification:_identify(src/micro-ROS-Agent/snap/hooks) by extensions ['python_setup_py']
[0.190s] Level 1:colcon.colcon_core.package_identification:_identify(src/micro-ROS-Agent/snap/hooks) by extension 'python_setup_py'
[0.190s] Level 1:colcon.colcon_core.package_identification:_identify(src/micro-ROS-Agent/snap/local) by extensions ['ignore', 'ignore_ament_install']
[0.190s] Level 1:colcon.colcon_core.package_identification:_identify(src/micro-ROS-Agent/snap/local) by extension 'ignore'
[0.191s] Level 1:colcon.colcon_core.package_identification:_identify(src/micro-ROS-Agent/snap/local) by extension 'ignore_ament_install'
[0.191s] Level 1:colcon.colcon_core.package_identification:_identify(src/micro-ROS-Agent/snap/local) by extensions ['cargo_workspace']
[0.191s] Level 1:colcon.colcon_core.package_identification:_identify(src/micro-ROS-Agent/snap/local) by extension 'cargo_workspace'
[0.191s] Level 1:colcon.colcon_core.package_identification:_identify(src/micro-ROS-Agent/snap/local) by extensions ['colcon_pkg']
[0.191s] Level 1:colcon.colcon_core.package_identification:_identify(src/micro-ROS-Agent/snap/local) by extension 'colcon_pkg'
[0.191s] Level 1:colcon.colcon_core.package_identification:_identify(src/micro-ROS-Agent/snap/local) by extensions ['colcon_meta']
[0.191s] Level 1:colcon.colcon_core.package_identification:_identify(src/micro-ROS-Agent/snap/local) by extension 'colcon_meta'
[0.191s] Level 1:colcon.colcon_core.package_identification:_identify(src/micro-ROS-Agent/snap/local) by extensions ['ros']
[0.191s] Level 1:colcon.colcon_core.package_identification:_identify(src/micro-ROS-Agent/snap/local) by extension 'ros'
[0.191s] Level 1:colcon.colcon_core.package_identification:_identify(src/micro-ROS-Agent/snap/local) by extensions ['bazel', 'cargo', 'cmake', 'meson', 'python']
[0.191s] Level 1:colcon.colcon_core.package_identification:_identify(src/micro-ROS-Agent/snap/local) by extension 'bazel'
[0.191s] Level 1:colcon.colcon_core.package_identification:_identify(src/micro-ROS-Agent/snap/local) by extension 'cargo'
[0.191s] Level 1:colcon.colcon_core.package_identification:_identify(src/micro-ROS-Agent/snap/local) by extension 'cmake'
[0.191s] Level 1:colcon.colcon_core.package_identification:_identify(src/micro-ROS-Agent/snap/local) by extension 'meson'
[0.191s] Level 1:colcon.colcon_core.package_identification:_identify(src/micro-ROS-Agent/snap/local) by extension 'python'
[0.191s] Level 1:colcon.colcon_core.package_identification:_identify(src/micro-ROS-Agent/snap/local) by extensions ['python_setup_py']
[0.191s] Level 1:colcon.colcon_core.package_identification:_identify(src/micro-ROS-Agent/snap/local) by extension 'python_setup_py'
[0.191s] Level 1:colcon.colcon_core.package_identification:_identify(src/micro_ros_msgs) by extensions ['ignore', 'ignore_ament_install']
[0.191s] Level 1:colcon.colcon_core.package_identification:_identify(src/micro_ros_msgs) by extension 'ignore'
[0.191s] Level 1:colcon.colcon_core.package_identification:_identify(src/micro_ros_msgs) by extension 'ignore_ament_install'
[0.191s] Level 1:colcon.colcon_core.package_identification:_identify(src/micro_ros_msgs) by extensions ['cargo_workspace']
[0.191s] Level 1:colcon.colcon_core.package_identification:_identify(src/micro_ros_msgs) by extension 'cargo_workspace'
[0.191s] Level 1:colcon.colcon_core.package_identification:_identify(src/micro_ros_msgs) by extensions ['colcon_pkg']
[0.191s] Level 1:colcon.colcon_core.package_identification:_identify(src/micro_ros_msgs) by extension 'colcon_pkg'
[0.191s] Level 1:colcon.colcon_core.package_identification:_identify(src/micro_ros_msgs) by extensions ['colcon_meta']
[0.191s] Level 1:colcon.colcon_core.package_identification:_identify(src/micro_ros_msgs) by extension 'colcon_meta'
[0.191s] Level 1:colcon.colcon_core.package_identification:_identify(src/micro_ros_msgs) by extensions ['ros']
[0.191s] Level 1:colcon.colcon_core.package_identification:_identify(src/micro_ros_msgs) by extension 'ros'
[0.192s] DEBUG:colcon.colcon_core.package_identification:Package 'src/micro_ros_msgs' with type 'ros.ament_cmake' and name 'micro_ros_msgs'
[0.192s] Level 1:colcon.colcon_core.package_discovery:discover_packages(recursive) using defaults
[0.192s] Level 1:colcon.colcon_core.package_discovery:discover_packages(ignore) discover
[0.192s] Level 1:colcon.colcon_core.package_discovery:discover_packages(ignore) using defaults
[0.192s] Level 1:colcon.colcon_core.package_discovery:discover_packages(path) discover
[0.192s] Level 1:colcon.colcon_core.package_discovery:discover_packages(path) using defaults
[0.192s] Level 1:colcon.colcon_core.package_discovery:discover_packages(cargo_workspace) discover
[0.192s] Level 1:colcon.colcon_core.package_discovery:discover_packages(cargo_workspace) using defaults
[0.199s] Level 1:colcon.colcon_core.package_discovery:discover_packages(prefix_path) check parameters
[0.199s] Level 1:colcon.colcon_core.package_discovery:discover_packages(prefix_path) discover
[0.201s] DEBUG:colcon.colcon_installed_package_information.package_discovery:Found 1 installed packages in /home/lzf/ros2_rmf_map_ws/install
[0.201s] DEBUG:colcon.colcon_installed_package_information.package_discovery:Found 3 installed packages in /home/lzf/ros2_free_fleet_ws/install
[0.202s] DEBUG:colcon.colcon_installed_package_information.package_discovery:Found 55 installed packages in /home/lzf/ros2_rmf_ws/install
[0.203s] DEBUG:colcon.colcon_installed_package_information.package_discovery:Found 522 installed packages in /opt/ros/jazzy
[0.204s] Level 1:colcon.colcon_core.package_discovery:discover_packages(prefix_path) using defaults
[0.236s] Level 5:colcon.colcon_core.verb:set package 'micro_ros_msgs' build argument 'bazel_args' from command line to 'None'
[0.236s] Level 5:colcon.colcon_core.verb:set package 'micro_ros_msgs' build argument 'bazel_task' from command line to 'None'
[0.236s] Level 5:colcon.colcon_core.verb:set package 'micro_ros_msgs' build argument 'cargo_args' from command line to 'None'
[0.236s] Level 5:colcon.colcon_core.verb:set package 'micro_ros_msgs' build argument 'clean_build' from command line to 'False'
[0.236s] Level 5:colcon.colcon_core.verb:set package 'micro_ros_msgs' build argument 'cmake_args' from command line to 'None'
[0.236s] Level 5:colcon.colcon_core.verb:set package 'micro_ros_msgs' build argument 'cmake_target' from command line to 'None'
[0.236s] Level 5:colcon.colcon_core.verb:set package 'micro_ros_msgs' build argument 'cmake_target_skip_unavailable' from command line to 'False'
[0.236s] Level 5:colcon.colcon_core.verb:set package 'micro_ros_msgs' build argument 'cmake_clean_cache' from command line to 'False'
[0.236s] Level 5:colcon.colcon_core.verb:set package 'micro_ros_msgs' build argument 'cmake_clean_first' from command line to 'False'
[0.236s] Level 5:colcon.colcon_core.verb:set package 'micro_ros_msgs' build argument 'cmake_force_configure' from command line to 'False'
[0.236s] Level 5:colcon.colcon_core.verb:set package 'micro_ros_msgs' build argument 'meson_args' from command line to '[]'
[0.236s] Level 5:colcon.colcon_core.verb:set package 'micro_ros_msgs' build argument 'lookup_in_workspace' from command line to 'False'
[0.236s] Level 5:colcon.colcon_core.verb:set package 'micro_ros_msgs' build argument 'ament_cmake_args' from command line to 'None'
[0.236s] Level 5:colcon.colcon_core.verb:set package 'micro_ros_msgs' build argument 'catkin_cmake_args' from command line to 'None'
[0.236s] Level 5:colcon.colcon_core.verb:set package 'micro_ros_msgs' build argument 'catkin_skip_building_tests' from command line to 'False'
[0.236s] DEBUG:colcon.colcon_core.verb:Building package 'micro_ros_msgs' with the following arguments: {'ament_cmake_args': None, 'bazel_args': None, 'bazel_task': None, 'build_base': '/home/lzf/chapt9/fishbot_ws/build/micro_ros_msgs', 'cargo_args': None, 'catkin_cmake_args': None, 'catkin_skip_building_tests': False, 'clean_build': False, 'cmake_args': None, 'cmake_clean_cache': False, 'cmake_clean_first': False, 'cmake_force_configure': False, 'cmake_target': None, 'cmake_target_skip_unavailable': False, 'install_base': '/home/lzf/chapt9/fishbot_ws/install/micro_ros_msgs', 'lookup_in_workspace': False, 'merge_install': False, 'meson_args': [], 'path': '/home/lzf/chapt9/fishbot_ws/src/micro_ros_msgs', 'symlink_install': False, 'test_result_base': None}
[0.241s] Level 5:colcon.colcon_core.verb:set package 'micro_ros_agent' build argument 'bazel_args' from command line to 'None'
[0.241s] Level 5:colcon.colcon_core.verb:set package 'micro_ros_agent' build argument 'bazel_task' from command line to 'None'
[0.241s] Level 5:colcon.colcon_core.verb:set package 'micro_ros_agent' build argument 'cargo_args' from command line to 'None'
[0.241s] Level 5:colcon.colcon_core.verb:set package 'micro_ros_agent' build argument 'clean_build' from command line to 'False'
[0.241s] Level 5:colcon.colcon_core.verb:set package 'micro_ros_agent' build argument 'cmake_args' from command line to 'None'
[0.241s] Level 5:colcon.colcon_core.verb:set package 'micro_ros_agent' build argument 'cmake_target' from command line to 'None'
[0.241s] Level 5:colcon.colcon_core.verb:set package 'micro_ros_agent' build argument 'cmake_target_skip_unavailable' from command line to 'False'
[0.241s] Level 5:colcon.colcon_core.verb:set package 'micro_ros_agent' build argument 'cmake_clean_cache' from command line to 'False'
[0.241s] Level 5:colcon.colcon_core.verb:set package 'micro_ros_agent' build argument 'cmake_clean_first' from command line to 'False'
[0.241s] Level 5:colcon.colcon_core.verb:set package 'micro_ros_agent' build argument 'cmake_force_configure' from command line to 'False'
[0.241s] Level 5:colcon.colcon_core.verb:set package 'micro_ros_agent' build argument 'meson_args' from command line to '[]'
[0.241s] Level 5:colcon.colcon_core.verb:set package 'micro_ros_agent' build argument 'lookup_in_workspace' from command line to 'False'
[0.241s] Level 5:colcon.colcon_core.verb:set package 'micro_ros_agent' build argument 'ament_cmake_args' from command line to 'None'
[0.241s] Level 5:colcon.colcon_core.verb:set package 'micro_ros_agent' build argument 'catkin_cmake_args' from command line to 'None'
[0.241s] Level 5:colcon.colcon_core.verb:set package 'micro_ros_agent' build argument 'catkin_skip_building_tests' from command line to 'False'
[0.241s] DEBUG:colcon.colcon_core.verb:Building package 'micro_ros_agent' with the following arguments: {'ament_cmake_args': None, 'bazel_args': None, 'bazel_task': None, 'build_base': '/home/lzf/chapt9/fishbot_ws/build/micro_ros_agent', 'cargo_args': None, 'catkin_cmake_args': None, 'catkin_skip_building_tests': False, 'clean_build': False, 'cmake_args': None, 'cmake_clean_cache': False, 'cmake_clean_first': False, 'cmake_force_configure': False, 'cmake_target': None, 'cmake_target_skip_unavailable': False, 'install_base': '/home/lzf/chapt9/fishbot_ws/install/micro_ros_agent', 'lookup_in_workspace': False, 'merge_install': False, 'meson_args': [], 'path': '/home/lzf/chapt9/fishbot_ws/src/micro-ROS-Agent/micro_ros_agent', 'symlink_install': False, 'test_result_base': None}
[0.241s] INFO:colcon.colcon_core.executor:Executing jobs using 'parallel' executor
[0.242s] DEBUG:colcon.colcon_parallel_executor.executor.parallel:run_until_complete
[0.242s] INFO:colcon.colcon_ros.task.ament_cmake.build:Building ROS package in '/home/lzf/chapt9/fishbot_ws/src/micro_ros_msgs' with build type 'ament_cmake'
[0.242s] INFO:colcon.colcon_cmake.task.cmake.build:Building CMake package in '/home/lzf/chapt9/fishbot_ws/src/micro_ros_msgs'
[0.243s] INFO:colcon.colcon_core.plugin_system:Skipping extension 'colcon_core.shell.bat': Not used on non-Windows systems
[0.243s] DEBUG:colcon.colcon_ros_domain_id_coordinator.shell.ros_domain_id:Allocated ROS_DOMAIN_ID=9 for '/home/lzf/chapt9/fishbot_ws/build/micro_ros_msgs'
[0.243s] INFO:colcon.colcon_core.shell:Skip shell extension 'ros_domain_id' for command environment: 
[0.243s] INFO:colcon.colcon_core.shell:Skip shell extension 'powershell' for command environment: Not usable outside of PowerShell
[0.243s] DEBUG:colcon.colcon_core.shell:Skip shell extension 'dsv' for command environment
[0.251s] DEBUG:colcon.colcon_core.event_handler.log_command:Invoking command in '/home/lzf/chapt9/fishbot_ws/build/micro_ros_msgs': CMAKE_PREFIX_PATH=/home/lzf/ros2_rmf_ws/install/rmf_workcell_msgs:/home/lzf/ros2_rmf_ws/install/rmf_demos_gz:/home/lzf/ros2_rmf_ws/install/rmf_demos:/home/lzf/ros2_rmf_ws/install/rmf_fleet_adapter_python:/home/lzf/ros2_rmf_ws/install/rmf_fleet_adapter:/home/lzf/ros2_rmf_ws/install/rmf_task_ros2:/home/lzf/ros2_rmf_ws/install/rmf_websocket:/home/lzf/ros2_rmf_ws/install/rmf_visualization:/home/lzf/ros2_rmf_ws/install/rmf_visualization_schedule:/home/lzf/ros2_rmf_ws/install/rmf_visualization_rviz2_plugins:/home/lzf/ros2_rmf_ws/install/rmf_visualization_obstacles:/home/lzf/ros2_rmf_ws/install/rmf_visualization_navgraphs:/home/lzf/ros2_rmf_ws/install/rmf_visualization_floorplans:/home/lzf/ros2_rmf_ws/install/rmf_visualization_fleet_states:/home/lzf/ros2_rmf_ws/install/rmf_visualization_msgs:/home/lzf/ros2_rmf_ws/install/rmf_traffic_ros2:/home/lzf/ros2_rmf_ws/install/rmf_task_sequence:/home/lzf/ros2_rmf_ws/install/rmf_task:/home/lzf/ros2_rmf_ws/install/rmf_battery:/home/lzf/ros2_rmf_ws/install/rmf_traffic:/home/lzf/ros2_rmf_ws/install/rmf_utils:/home/lzf/ros2_rmf_ws/install/rmf_traffic_msgs:/home/lzf/ros2_rmf_ws/install/rmf_traffic_editor_test_maps:/home/lzf/ros2_rmf_ws/install/rmf_traffic_editor_assets:/home/lzf/ros2_rmf_ws/install/rmf_traffic_editor:/home/lzf/ros2_rmf_ws/install/rmf_task_msgs:/home/lzf/ros2_rmf_ws/install/rmf_site_map_msgs:/home/lzf/ros2_rmf_ws/install/rmf_scheduler_msgs:/home/lzf/ros2_rmf_ws/install/rmf_robot_sim_gz_plugins:/home/lzf/ros2_rmf_ws/install/rmf_robot_sim_common:/home/lzf/ros2_rmf_ws/install/rmf_obstacle_msgs:/home/lzf/ros2_rmf_ws/install/rmf_building_sim_gz_plugins:/home/lzf/ros2_rmf_ws/install/rmf_lift_msgs:/home/lzf/ros2_rmf_ws/install/rmf_ingestor_msgs:/home/lzf/ros2_rmf_ws/install/rmf_fleet_msgs:/home/lzf/ros2_rmf_ws/install/rmf_door_msgs:/home/lzf/ros2_rmf_ws/install/rmf_demos_maps:/home/lzf/ros2_rmf_ws/install/rmf_demos_assets:/home/lzf/ros2_rmf_ws/install/rmf_charger_msgs:/home/lzf/ros2_rmf_ws/install/rmf_api_msgs:/home/lzf/ros2_rmf_ws/install/pybind11_json_vendor:/home/lzf/ros2_rmf_ws/install/nlohmann_json_schema_validator_vendor:/home/lzf/ros2_rmf_ws/install/rmf_demos_fleet_adapter:/home/lzf/ros2_rmf_ws/install/rmf_visualization_building_systems:/home/lzf/ros2_rmf_ws/install/rmf_traffic_examples:/home/lzf/ros2_rmf_ws/install/rmf_demos_bridges:/home/lzf/ros2_rmf_ws/install/rmf_demos_tasks:/home/lzf/ros2_rmf_ws/install/rmf_building_map_tools:/home/lzf/ros2_rmf_ws/install/rmf_charging_schedule:/home/lzf/ros2_rmf_ws/install/rmf_dispenser_msgs:/home/lzf/ros2_rmf_ws/install/rmf_building_map_msgs:/home/lzf/ros2_rmf_ws/install/case_study2_pointcloud_viz:/home/lzf/ros2_rmf_ws/install/case_study2_gazebo:/home/lzf/ros2_free_fleet_ws/install/free_fleet:/opt/ros/jazzy:/home/lzf/ros2_rmf_ws/install/menge_vendor:/home/lzf/ros2_rmf_ws/install/ament_cmake_catch2:/home/lzf/ros2_rmf_map_ws/install/rmf_burger_maps:/home/lzf/ros2_free_fleet_ws/install/free_fleet_examples:/home/lzf/ros2_free_fleet_ws/install/free_fleet_adapter:/opt/ros/jazzy/opt/gz_sim_vendor:/opt/ros/jazzy/opt/gz_sensors_vendor:/opt/ros/jazzy/opt/gz_physics_vendor:/opt/ros/jazzy/opt/sdformat_vendor:/opt/ros/jazzy/opt/gz_gui_vendor:/opt/ros/jazzy/opt/gz_transport_vendor:/opt/ros/jazzy/opt/gz_rendering_vendor:/opt/ros/jazzy/opt/gz_plugin_vendor:/opt/ros/jazzy/opt/gz_fuel_tools_vendor:/opt/ros/jazzy/opt/gz_msgs_vendor:/opt/ros/jazzy/opt/gz_common_vendor:/opt/ros/jazzy/opt/gz_math_vendor:/opt/ros/jazzy/opt/gz_utils_vendor:/opt/ros/jazzy/opt/gz_tools_vendor:/opt/ros/jazzy/opt/gz_ogre_next_vendor:/opt/ros/jazzy/opt/gz_dartsim_vendor:/opt/ros/jazzy/opt/gz_cmake_vendor DEBUGINFOD_URLS=https://debuginfod.ubuntu.com /usr/bin/cmake --build /home/lzf/chapt9/fishbot_ws/build/micro_ros_msgs -- -j28 -l28
[0.508s] DEBUG:colcon.colcon_core.event_handler.log_command:Invoked command in '/home/lzf/chapt9/fishbot_ws/build/micro_ros_msgs' returned '0': CMAKE_PREFIX_PATH=/home/lzf/ros2_rmf_ws/install/rmf_workcell_msgs:/home/lzf/ros2_rmf_ws/install/rmf_demos_gz:/home/lzf/ros2_rmf_ws/install/rmf_demos:/home/lzf/ros2_rmf_ws/install/rmf_fleet_adapter_python:/home/lzf/ros2_rmf_ws/install/rmf_fleet_adapter:/home/lzf/ros2_rmf_ws/install/rmf_task_ros2:/home/lzf/ros2_rmf_ws/install/rmf_websocket:/home/lzf/ros2_rmf_ws/install/rmf_visualization:/home/lzf/ros2_rmf_ws/install/rmf_visualization_schedule:/home/lzf/ros2_rmf_ws/install/rmf_visualization_rviz2_plugins:/home/lzf/ros2_rmf_ws/install/rmf_visualization_obstacles:/home/lzf/ros2_rmf_ws/install/rmf_visualization_navgraphs:/home/lzf/ros2_rmf_ws/install/rmf_visualization_floorplans:/home/lzf/ros2_rmf_ws/install/rmf_visualization_fleet_states:/home/lzf/ros2_rmf_ws/install/rmf_visualization_msgs:/home/lzf/ros2_rmf_ws/install/rmf_traffic_ros2:/home/lzf/ros2_rmf_ws/install/rmf_task_sequence:/home/lzf/ros2_rmf_ws/install/rmf_task:/home/lzf/ros2_rmf_ws/install/rmf_battery:/home/lzf/ros2_rmf_ws/install/rmf_traffic:/home/lzf/ros2_rmf_ws/install/rmf_utils:/home/lzf/ros2_rmf_ws/install/rmf_traffic_msgs:/home/lzf/ros2_rmf_ws/install/rmf_traffic_editor_test_maps:/home/lzf/ros2_rmf_ws/install/rmf_traffic_editor_assets:/home/lzf/ros2_rmf_ws/install/rmf_traffic_editor:/home/lzf/ros2_rmf_ws/install/rmf_task_msgs:/home/lzf/ros2_rmf_ws/install/rmf_site_map_msgs:/home/lzf/ros2_rmf_ws/install/rmf_scheduler_msgs:/home/lzf/ros2_rmf_ws/install/rmf_robot_sim_gz_plugins:/home/lzf/ros2_rmf_ws/install/rmf_robot_sim_common:/home/lzf/ros2_rmf_ws/install/rmf_obstacle_msgs:/home/lzf/ros2_rmf_ws/install/rmf_building_sim_gz_plugins:/home/lzf/ros2_rmf_ws/install/rmf_lift_msgs:/home/lzf/ros2_rmf_ws/install/rmf_ingestor_msgs:/home/lzf/ros2_rmf_ws/install/rmf_fleet_msgs:/home/lzf/ros2_rmf_ws/install/rmf_door_msgs:/home/lzf/ros2_rmf_ws/install/rmf_demos_maps:/home/lzf/ros2_rmf_ws/install/rmf_demos_assets:/home/lzf/ros2_rmf_ws/install/rmf_charger_msgs:/home/lzf/ros2_rmf_ws/install/rmf_api_msgs:/home/lzf/ros2_rmf_ws/install/pybind11_json_vendor:/home/lzf/ros2_rmf_ws/install/nlohmann_json_schema_validator_vendor:/home/lzf/ros2_rmf_ws/install/rmf_demos_fleet_adapter:/home/lzf/ros2_rmf_ws/install/rmf_visualization_building_systems:/home/lzf/ros2_rmf_ws/install/rmf_traffic_examples:/home/lzf/ros2_rmf_ws/install/rmf_demos_bridges:/home/lzf/ros2_rmf_ws/install/rmf_demos_tasks:/home/lzf/ros2_rmf_ws/install/rmf_building_map_tools:/home/lzf/ros2_rmf_ws/install/rmf_charging_schedule:/home/lzf/ros2_rmf_ws/install/rmf_dispenser_msgs:/home/lzf/ros2_rmf_ws/install/rmf_building_map_msgs:/home/lzf/ros2_rmf_ws/install/case_study2_pointcloud_viz:/home/lzf/ros2_rmf_ws/install/case_study2_gazebo:/home/lzf/ros2_free_fleet_ws/install/free_fleet:/opt/ros/jazzy:/home/lzf/ros2_rmf_ws/install/menge_vendor:/home/lzf/ros2_rmf_ws/install/ament_cmake_catch2:/home/lzf/ros2_rmf_map_ws/install/rmf_burger_maps:/home/lzf/ros2_free_fleet_ws/install/free_fleet_examples:/home/lzf/ros2_free_fleet_ws/install/free_fleet_adapter:/opt/ros/jazzy/opt/gz_sim_vendor:/opt/ros/jazzy/opt/gz_sensors_vendor:/opt/ros/jazzy/opt/gz_physics_vendor:/opt/ros/jazzy/opt/sdformat_vendor:/opt/ros/jazzy/opt/gz_gui_vendor:/opt/ros/jazzy/opt/gz_transport_vendor:/opt/ros/jazzy/opt/gz_rendering_vendor:/opt/ros/jazzy/opt/gz_plugin_vendor:/opt/ros/jazzy/opt/gz_fuel_tools_vendor:/opt/ros/jazzy/opt/gz_msgs_vendor:/opt/ros/jazzy/opt/gz_common_vendor:/opt/ros/jazzy/opt/gz_math_vendor:/opt/ros/jazzy/opt/gz_utils_vendor:/opt/ros/jazzy/opt/gz_tools_vendor:/opt/ros/jazzy/opt/gz_ogre_next_vendor:/opt/ros/jazzy/opt/gz_dartsim_vendor:/opt/ros/jazzy/opt/gz_cmake_vendor DEBUGINFOD_URLS=https://debuginfod.ubuntu.com /usr/bin/cmake --build /home/lzf/chapt9/fishbot_ws/build/micro_ros_msgs -- -j28 -l28
[0.514s] DEBUG:colcon.colcon_core.event_handler.log_command:Invoking command in '/home/lzf/chapt9/fishbot_ws/build/micro_ros_msgs': CMAKE_PREFIX_PATH=/home/lzf/ros2_rmf_ws/install/rmf_workcell_msgs:/home/lzf/ros2_rmf_ws/install/rmf_demos_gz:/home/lzf/ros2_rmf_ws/install/rmf_demos:/home/lzf/ros2_rmf_ws/install/rmf_fleet_adapter_python:/home/lzf/ros2_rmf_ws/install/rmf_fleet_adapter:/home/lzf/ros2_rmf_ws/install/rmf_task_ros2:/home/lzf/ros2_rmf_ws/install/rmf_websocket:/home/lzf/ros2_rmf_ws/install/rmf_visualization:/home/lzf/ros2_rmf_ws/install/rmf_visualization_schedule:/home/lzf/ros2_rmf_ws/install/rmf_visualization_rviz2_plugins:/home/lzf/ros2_rmf_ws/install/rmf_visualization_obstacles:/home/lzf/ros2_rmf_ws/install/rmf_visualization_navgraphs:/home/lzf/ros2_rmf_ws/install/rmf_visualization_floorplans:/home/lzf/ros2_rmf_ws/install/rmf_visualization_fleet_states:/home/lzf/ros2_rmf_ws/install/rmf_visualization_msgs:/home/lzf/ros2_rmf_ws/install/rmf_traffic_ros2:/home/lzf/ros2_rmf_ws/install/rmf_task_sequence:/home/lzf/ros2_rmf_ws/install/rmf_task:/home/lzf/ros2_rmf_ws/install/rmf_battery:/home/lzf/ros2_rmf_ws/install/rmf_traffic:/home/lzf/ros2_rmf_ws/install/rmf_utils:/home/lzf/ros2_rmf_ws/install/rmf_traffic_msgs:/home/lzf/ros2_rmf_ws/install/rmf_traffic_editor_test_maps:/home/lzf/ros2_rmf_ws/install/rmf_traffic_editor_assets:/home/lzf/ros2_rmf_ws/install/rmf_traffic_editor:/home/lzf/ros2_rmf_ws/install/rmf_task_msgs:/home/lzf/ros2_rmf_ws/install/rmf_site_map_msgs:/home/lzf/ros2_rmf_ws/install/rmf_scheduler_msgs:/home/lzf/ros2_rmf_ws/install/rmf_robot_sim_gz_plugins:/home/lzf/ros2_rmf_ws/install/rmf_robot_sim_common:/home/lzf/ros2_rmf_ws/install/rmf_obstacle_msgs:/home/lzf/ros2_rmf_ws/install/rmf_building_sim_gz_plugins:/home/lzf/ros2_rmf_ws/install/rmf_lift_msgs:/home/lzf/ros2_rmf_ws/install/rmf_ingestor_msgs:/home/lzf/ros2_rmf_ws/install/rmf_fleet_msgs:/home/lzf/ros2_rmf_ws/install/rmf_door_msgs:/home/lzf/ros2_rmf_ws/install/rmf_demos_maps:/home/lzf/ros2_rmf_ws/install/rmf_demos_assets:/home/lzf/ros2_rmf_ws/install/rmf_charger_msgs:/home/lzf/ros2_rmf_ws/install/rmf_api_msgs:/home/lzf/ros2_rmf_ws/install/pybind11_json_vendor:/home/lzf/ros2_rmf_ws/install/nlohmann_json_schema_validator_vendor:/home/lzf/ros2_rmf_ws/install/rmf_demos_fleet_adapter:/home/lzf/ros2_rmf_ws/install/rmf_visualization_building_systems:/home/lzf/ros2_rmf_ws/install/rmf_traffic_examples:/home/lzf/ros2_rmf_ws/install/rmf_demos_bridges:/home/lzf/ros2_rmf_ws/install/rmf_demos_tasks:/home/lzf/ros2_rmf_ws/install/rmf_building_map_tools:/home/lzf/ros2_rmf_ws/install/rmf_charging_schedule:/home/lzf/ros2_rmf_ws/install/rmf_dispenser_msgs:/home/lzf/ros2_rmf_ws/install/rmf_building_map_msgs:/home/lzf/ros2_rmf_ws/install/case_study2_pointcloud_viz:/home/lzf/ros2_rmf_ws/install/case_study2_gazebo:/home/lzf/ros2_free_fleet_ws/install/free_fleet:/opt/ros/jazzy:/home/lzf/ros2_rmf_ws/install/menge_vendor:/home/lzf/ros2_rmf_ws/install/ament_cmake_catch2:/home/lzf/ros2_rmf_map_ws/install/rmf_burger_maps:/home/lzf/ros2_free_fleet_ws/install/free_fleet_examples:/home/lzf/ros2_free_fleet_ws/install/free_fleet_adapter:/opt/ros/jazzy/opt/gz_sim_vendor:/opt/ros/jazzy/opt/gz_sensors_vendor:/opt/ros/jazzy/opt/gz_physics_vendor:/opt/ros/jazzy/opt/sdformat_vendor:/opt/ros/jazzy/opt/gz_gui_vendor:/opt/ros/jazzy/opt/gz_transport_vendor:/opt/ros/jazzy/opt/gz_rendering_vendor:/opt/ros/jazzy/opt/gz_plugin_vendor:/opt/ros/jazzy/opt/gz_fuel_tools_vendor:/opt/ros/jazzy/opt/gz_msgs_vendor:/opt/ros/jazzy/opt/gz_common_vendor:/opt/ros/jazzy/opt/gz_math_vendor:/opt/ros/jazzy/opt/gz_utils_vendor:/opt/ros/jazzy/opt/gz_tools_vendor:/opt/ros/jazzy/opt/gz_ogre_next_vendor:/opt/ros/jazzy/opt/gz_dartsim_vendor:/opt/ros/jazzy/opt/gz_cmake_vendor DEBUGINFOD_URLS=https://debuginfod.ubuntu.com /usr/bin/cmake --install /home/lzf/chapt9/fishbot_ws/build/micro_ros_msgs
[0.547s] Level 1:colcon.colcon_core.environment:create_environment_scripts_only(micro_ros_msgs)
[0.551s] Level 1:colcon.colcon_core.environment:checking '/home/lzf/chapt9/fishbot_ws/install/micro_ros_msgs' for CMake module files
[0.552s] DEBUG:colcon.colcon_core.event_handler.log_command:Invoked command in '/home/lzf/chapt9/fishbot_ws/build/micro_ros_msgs' returned '0': CMAKE_PREFIX_PATH=/home/lzf/ros2_rmf_ws/install/rmf_workcell_msgs:/home/lzf/ros2_rmf_ws/install/rmf_demos_gz:/home/lzf/ros2_rmf_ws/install/rmf_demos:/home/lzf/ros2_rmf_ws/install/rmf_fleet_adapter_python:/home/lzf/ros2_rmf_ws/install/rmf_fleet_adapter:/home/lzf/ros2_rmf_ws/install/rmf_task_ros2:/home/lzf/ros2_rmf_ws/install/rmf_websocket:/home/lzf/ros2_rmf_ws/install/rmf_visualization:/home/lzf/ros2_rmf_ws/install/rmf_visualization_schedule:/home/lzf/ros2_rmf_ws/install/rmf_visualization_rviz2_plugins:/home/lzf/ros2_rmf_ws/install/rmf_visualization_obstacles:/home/lzf/ros2_rmf_ws/install/rmf_visualization_navgraphs:/home/lzf/ros2_rmf_ws/install/rmf_visualization_floorplans:/home/lzf/ros2_rmf_ws/install/rmf_visualization_fleet_states:/home/lzf/ros2_rmf_ws/install/rmf_visualization_msgs:/home/lzf/ros2_rmf_ws/install/rmf_traffic_ros2:/home/lzf/ros2_rmf_ws/install/rmf_task_sequence:/home/lzf/ros2_rmf_ws/install/rmf_task:/home/lzf/ros2_rmf_ws/install/rmf_battery:/home/lzf/ros2_rmf_ws/install/rmf_traffic:/home/lzf/ros2_rmf_ws/install/rmf_utils:/home/lzf/ros2_rmf_ws/install/rmf_traffic_msgs:/home/lzf/ros2_rmf_ws/install/rmf_traffic_editor_test_maps:/home/lzf/ros2_rmf_ws/install/rmf_traffic_editor_assets:/home/lzf/ros2_rmf_ws/install/rmf_traffic_editor:/home/lzf/ros2_rmf_ws/install/rmf_task_msgs:/home/lzf/ros2_rmf_ws/install/rmf_site_map_msgs:/home/lzf/ros2_rmf_ws/install/rmf_scheduler_msgs:/home/lzf/ros2_rmf_ws/install/rmf_robot_sim_gz_plugins:/home/lzf/ros2_rmf_ws/install/rmf_robot_sim_common:/home/lzf/ros2_rmf_ws/install/rmf_obstacle_msgs:/home/lzf/ros2_rmf_ws/install/rmf_building_sim_gz_plugins:/home/lzf/ros2_rmf_ws/install/rmf_lift_msgs:/home/lzf/ros2_rmf_ws/install/rmf_ingestor_msgs:/home/lzf/ros2_rmf_ws/install/rmf_fleet_msgs:/home/lzf/ros2_rmf_ws/install/rmf_door_msgs:/home/lzf/ros2_rmf_ws/install/rmf_demos_maps:/home/lzf/ros2_rmf_ws/install/rmf_demos_assets:/home/lzf/ros2_rmf_ws/install/rmf_charger_msgs:/home/lzf/ros2_rmf_ws/install/rmf_api_msgs:/home/lzf/ros2_rmf_ws/install/pybind11_json_vendor:/home/lzf/ros2_rmf_ws/install/nlohmann_json_schema_validator_vendor:/home/lzf/ros2_rmf_ws/install/rmf_demos_fleet_adapter:/home/lzf/ros2_rmf_ws/install/rmf_visualization_building_systems:/home/lzf/ros2_rmf_ws/install/rmf_traffic_examples:/home/lzf/ros2_rmf_ws/install/rmf_demos_bridges:/home/lzf/ros2_rmf_ws/install/rmf_demos_tasks:/home/lzf/ros2_rmf_ws/install/rmf_building_map_tools:/home/lzf/ros2_rmf_ws/install/rmf_charging_schedule:/home/lzf/ros2_rmf_ws/install/rmf_dispenser_msgs:/home/lzf/ros2_rmf_ws/install/rmf_building_map_msgs:/home/lzf/ros2_rmf_ws/install/case_study2_pointcloud_viz:/home/lzf/ros2_rmf_ws/install/case_study2_gazebo:/home/lzf/ros2_free_fleet_ws/install/free_fleet:/opt/ros/jazzy:/home/lzf/ros2_rmf_ws/install/menge_vendor:/home/lzf/ros2_rmf_ws/install/ament_cmake_catch2:/home/lzf/ros2_rmf_map_ws/install/rmf_burger_maps:/home/lzf/ros2_free_fleet_ws/install/free_fleet_examples:/home/lzf/ros2_free_fleet_ws/install/free_fleet_adapter:/opt/ros/jazzy/opt/gz_sim_vendor:/opt/ros/jazzy/opt/gz_sensors_vendor:/opt/ros/jazzy/opt/gz_physics_vendor:/opt/ros/jazzy/opt/sdformat_vendor:/opt/ros/jazzy/opt/gz_gui_vendor:/opt/ros/jazzy/opt/gz_transport_vendor:/opt/ros/jazzy/opt/gz_rendering_vendor:/opt/ros/jazzy/opt/gz_plugin_vendor:/opt/ros/jazzy/opt/gz_fuel_tools_vendor:/opt/ros/jazzy/opt/gz_msgs_vendor:/opt/ros/jazzy/opt/gz_common_vendor:/opt/ros/jazzy/opt/gz_math_vendor:/opt/ros/jazzy/opt/gz_utils_vendor:/opt/ros/jazzy/opt/gz_tools_vendor:/opt/ros/jazzy/opt/gz_ogre_next_vendor:/opt/ros/jazzy/opt/gz_dartsim_vendor:/opt/ros/jazzy/opt/gz_cmake_vendor DEBUGINFOD_URLS=https://debuginfod.ubuntu.com /usr/bin/cmake --install /home/lzf/chapt9/fishbot_ws/build/micro_ros_msgs
[0.553s] Level 1:colcon.colcon_core.environment:checking '/home/lzf/chapt9/fishbot_ws/install/micro_ros_msgs' for CMake config files
[0.553s] Level 1:colcon.colcon_core.shell:create_environment_hook('micro_ros_msgs', 'cmake_prefix_path')
[0.553s] INFO:colcon.colcon_core.shell:Creating environment hook '/home/lzf/chapt9/fishbot_ws/install/micro_ros_msgs/share/micro_ros_msgs/hook/cmake_prefix_path.ps1'
[0.553s] INFO:colcon.colcon_core.shell:Creating environment descriptor '/home/lzf/chapt9/fishbot_ws/install/micro_ros_msgs/share/micro_ros_msgs/hook/cmake_prefix_path.dsv'
[0.553s] INFO:colcon.colcon_core.shell:Creating environment hook '/home/lzf/chapt9/fishbot_ws/install/micro_ros_msgs/share/micro_ros_msgs/hook/cmake_prefix_path.sh'
[0.554s] Level 1:colcon.colcon_core.environment:checking '/home/lzf/chapt9/fishbot_ws/install/micro_ros_msgs/lib'
[0.554s] Level 1:colcon.colcon_core.shell:create_environment_hook('micro_ros_msgs', 'ld_library_path_lib')
[0.554s] INFO:colcon.colcon_core.shell:Creating environment hook '/home/lzf/chapt9/fishbot_ws/install/micro_ros_msgs/share/micro_ros_msgs/hook/ld_library_path_lib.ps1'
[0.554s] INFO:colcon.colcon_core.shell:Creating environment descriptor '/home/lzf/chapt9/fishbot_ws/install/micro_ros_msgs/share/micro_ros_msgs/hook/ld_library_path_lib.dsv'
[0.554s] INFO:colcon.colcon_core.shell:Creating environment hook '/home/lzf/chapt9/fishbot_ws/install/micro_ros_msgs/share/micro_ros_msgs/hook/ld_library_path_lib.sh'
[0.554s] Level 1:colcon.colcon_core.environment:checking '/home/lzf/chapt9/fishbot_ws/install/micro_ros_msgs/bin'
[0.554s] Level 1:colcon.colcon_core.environment:checking '/home/lzf/chapt9/fishbot_ws/install/micro_ros_msgs/lib/pkgconfig/micro_ros_msgs.pc'
[0.554s] Level 1:colcon.colcon_core.environment:checking '/home/lzf/chapt9/fishbot_ws/install/micro_ros_msgs/lib/python3.12/site-packages'
[0.554s] Level 1:colcon.colcon_core.shell:create_environment_hook('micro_ros_msgs', 'pythonpath')
[0.554s] INFO:colcon.colcon_core.shell:Creating environment hook '/home/lzf/chapt9/fishbot_ws/install/micro_ros_msgs/share/micro_ros_msgs/hook/pythonpath.ps1'
[0.555s] INFO:colcon.colcon_core.shell:Creating environment descriptor '/home/lzf/chapt9/fishbot_ws/install/micro_ros_msgs/share/micro_ros_msgs/hook/pythonpath.dsv'
[0.555s] INFO:colcon.colcon_core.shell:Creating environment hook '/home/lzf/chapt9/fishbot_ws/install/micro_ros_msgs/share/micro_ros_msgs/hook/pythonpath.sh'
[0.555s] Level 1:colcon.colcon_core.environment:checking '/home/lzf/chapt9/fishbot_ws/install/micro_ros_msgs/bin'
[0.555s] INFO:colcon.colcon_core.shell:Creating package script '/home/lzf/chapt9/fishbot_ws/install/micro_ros_msgs/share/micro_ros_msgs/package.ps1'
[0.556s] INFO:colcon.colcon_core.shell:Creating package descriptor '/home/lzf/chapt9/fishbot_ws/install/micro_ros_msgs/share/micro_ros_msgs/package.dsv'
[0.556s] INFO:colcon.colcon_core.shell:Creating package script '/home/lzf/chapt9/fishbot_ws/install/micro_ros_msgs/share/micro_ros_msgs/package.sh'
[0.556s] INFO:colcon.colcon_core.shell:Creating package script '/home/lzf/chapt9/fishbot_ws/install/micro_ros_msgs/share/micro_ros_msgs/package.bash'
[0.556s] INFO:colcon.colcon_core.shell:Creating package script '/home/lzf/chapt9/fishbot_ws/install/micro_ros_msgs/share/micro_ros_msgs/package.zsh'
[0.557s] Level 1:colcon.colcon_core.environment:create_file_with_runtime_dependencies(/home/lzf/chapt9/fishbot_ws/install/micro_ros_msgs/share/colcon-core/packages/micro_ros_msgs)
[0.557s] Level 1:colcon.colcon_core.environment:create_environment_scripts_only(micro_ros_msgs)
[0.557s] Level 1:colcon.colcon_core.environment:checking '/home/lzf/chapt9/fishbot_ws/install/micro_ros_msgs' for CMake module files
[0.557s] Level 1:colcon.colcon_core.environment:checking '/home/lzf/chapt9/fishbot_ws/install/micro_ros_msgs' for CMake config files
[0.557s] Level 1:colcon.colcon_core.shell:create_environment_hook('micro_ros_msgs', 'cmake_prefix_path')
[0.558s] INFO:colcon.colcon_core.shell:Creating environment hook '/home/lzf/chapt9/fishbot_ws/install/micro_ros_msgs/share/micro_ros_msgs/hook/cmake_prefix_path.ps1'
[0.558s] INFO:colcon.colcon_core.shell:Creating environment descriptor '/home/lzf/chapt9/fishbot_ws/install/micro_ros_msgs/share/micro_ros_msgs/hook/cmake_prefix_path.dsv'
[0.558s] INFO:colcon.colcon_core.shell:Creating environment hook '/home/lzf/chapt9/fishbot_ws/install/micro_ros_msgs/share/micro_ros_msgs/hook/cmake_prefix_path.sh'
[0.558s] Level 1:colcon.colcon_core.environment:checking '/home/lzf/chapt9/fishbot_ws/install/micro_ros_msgs/lib'
[0.558s] Level 1:colcon.colcon_core.shell:create_environment_hook('micro_ros_msgs', 'ld_library_path_lib')
[0.558s] INFO:colcon.colcon_core.shell:Creating environment hook '/home/lzf/chapt9/fishbot_ws/install/micro_ros_msgs/share/micro_ros_msgs/hook/ld_library_path_lib.ps1'
[0.558s] INFO:colcon.colcon_core.shell:Creating environment descriptor '/home/lzf/chapt9/fishbot_ws/install/micro_ros_msgs/share/micro_ros_msgs/hook/ld_library_path_lib.dsv'
[0.558s] INFO:colcon.colcon_core.shell:Creating environment hook '/home/lzf/chapt9/fishbot_ws/install/micro_ros_msgs/share/micro_ros_msgs/hook/ld_library_path_lib.sh'
[0.559s] Level 1:colcon.colcon_core.environment:checking '/home/lzf/chapt9/fishbot_ws/install/micro_ros_msgs/bin'
[0.559s] Level 1:colcon.colcon_core.environment:checking '/home/lzf/chapt9/fishbot_ws/install/micro_ros_msgs/lib/pkgconfig/micro_ros_msgs.pc'
[0.559s] Level 1:colcon.colcon_core.environment:checking '/home/lzf/chapt9/fishbot_ws/install/micro_ros_msgs/lib/python3.12/site-packages'
[0.559s] Level 1:colcon.colcon_core.shell:create_environment_hook('micro_ros_msgs', 'pythonpath')
[0.559s] INFO:colcon.colcon_core.shell:Creating environment hook '/home/lzf/chapt9/fishbot_ws/install/micro_ros_msgs/share/micro_ros_msgs/hook/pythonpath.ps1'
[0.559s] INFO:colcon.colcon_core.shell:Creating environment descriptor '/home/lzf/chapt9/fishbot_ws/install/micro_ros_msgs/share/micro_ros_msgs/hook/pythonpath.dsv'
[0.559s] INFO:colcon.colcon_core.shell:Creating environment hook '/home/lzf/chapt9/fishbot_ws/install/micro_ros_msgs/share/micro_ros_msgs/hook/pythonpath.sh'
[0.559s] Level 1:colcon.colcon_core.environment:checking '/home/lzf/chapt9/fishbot_ws/install/micro_ros_msgs/bin'
[0.560s] INFO:colcon.colcon_core.shell:Creating package script '/home/lzf/chapt9/fishbot_ws/install/micro_ros_msgs/share/micro_ros_msgs/package.ps1'
[0.560s] INFO:colcon.colcon_core.shell:Creating package descriptor '/home/lzf/chapt9/fishbot_ws/install/micro_ros_msgs/share/micro_ros_msgs/package.dsv'
[0.560s] INFO:colcon.colcon_core.shell:Creating package script '/home/lzf/chapt9/fishbot_ws/install/micro_ros_msgs/share/micro_ros_msgs/package.sh'
[0.560s] INFO:colcon.colcon_core.shell:Creating package script '/home/lzf/chapt9/fishbot_ws/install/micro_ros_msgs/share/micro_ros_msgs/package.bash'
[0.560s] INFO:colcon.colcon_core.shell:Creating package script '/home/lzf/chapt9/fishbot_ws/install/micro_ros_msgs/share/micro_ros_msgs/package.zsh'
[0.560s] Level 1:colcon.colcon_core.environment:create_file_with_runtime_dependencies(/home/lzf/chapt9/fishbot_ws/install/micro_ros_msgs/share/colcon-core/packages/micro_ros_msgs)
[0.561s] INFO:colcon.colcon_ros.task.ament_cmake.build:Building ROS package in '/home/lzf/chapt9/fishbot_ws/src/micro-ROS-Agent/micro_ros_agent' with build type 'ament_cmake'
[0.561s] INFO:colcon.colcon_cmake.task.cmake.build:Building CMake package in '/home/lzf/chapt9/fishbot_ws/src/micro-ROS-Agent/micro_ros_agent'
[0.561s] DEBUG:colcon.colcon_ros_domain_id_coordinator.shell.ros_domain_id:Released ROS_DOMAIN_ID=9 for '/home/lzf/chapt9/fishbot_ws/build/micro_ros_msgs'
[0.561s] DEBUG:colcon.colcon_ros_domain_id_coordinator.shell.ros_domain_id:Allocated ROS_DOMAIN_ID=227 for '/home/lzf/chapt9/fishbot_ws/build/micro_ros_agent'
[0.561s] INFO:colcon.colcon_core.shell:Skip shell extension 'ros_domain_id' for command environment: 
[0.561s] INFO:colcon.colcon_core.shell:Skip shell extension 'powershell' for command environment: Not usable outside of PowerShell
[0.561s] DEBUG:colcon.colcon_core.shell:Skip shell extension 'dsv' for command environment
[0.570s] DEBUG:colcon.colcon_core.event_handler.log_command:Invoking command in '/home/lzf/chapt9/fishbot_ws/build/micro_ros_agent': AMENT_PREFIX_PATH=/home/lzf/chapt9/fishbot_ws/install/micro_ros_msgs:${AMENT_PREFIX_PATH} CMAKE_PREFIX_PATH=/home/lzf/chapt9/fishbot_ws/install/micro_ros_msgs:/home/lzf/ros2_rmf_ws/install/rmf_workcell_msgs:/home/lzf/ros2_rmf_ws/install/rmf_demos_gz:/home/lzf/ros2_rmf_ws/install/rmf_demos:/home/lzf/ros2_rmf_ws/install/rmf_fleet_adapter_python:/home/lzf/ros2_rmf_ws/install/rmf_fleet_adapter:/home/lzf/ros2_rmf_ws/install/rmf_task_ros2:/home/lzf/ros2_rmf_ws/install/rmf_websocket:/home/lzf/ros2_rmf_ws/install/rmf_visualization:/home/lzf/ros2_rmf_ws/install/rmf_visualization_schedule:/home/lzf/ros2_rmf_ws/install/rmf_visualization_rviz2_plugins:/home/lzf/ros2_rmf_ws/install/rmf_visualization_obstacles:/home/lzf/ros2_rmf_ws/install/rmf_visualization_navgraphs:/home/lzf/ros2_rmf_ws/install/rmf_visualization_floorplans:/home/lzf/ros2_rmf_ws/install/rmf_visualization_fleet_states:/home/lzf/ros2_rmf_ws/install/rmf_visualization_msgs:/home/lzf/ros2_rmf_ws/install/rmf_traffic_ros2:/home/lzf/ros2_rmf_ws/install/rmf_task_sequence:/home/lzf/ros2_rmf_ws/install/rmf_task:/home/lzf/ros2_rmf_ws/install/rmf_battery:/home/lzf/ros2_rmf_ws/install/rmf_traffic:/home/lzf/ros2_rmf_ws/install/rmf_utils:/home/lzf/ros2_rmf_ws/install/rmf_traffic_msgs:/home/lzf/ros2_rmf_ws/install/rmf_traffic_editor_test_maps:/home/lzf/ros2_rmf_ws/install/rmf_traffic_editor_assets:/home/lzf/ros2_rmf_ws/install/rmf_traffic_editor:/home/lzf/ros2_rmf_ws/install/rmf_task_msgs:/home/lzf/ros2_rmf_ws/install/rmf_site_map_msgs:/home/lzf/ros2_rmf_ws/install/rmf_scheduler_msgs:/home/lzf/ros2_rmf_ws/install/rmf_robot_sim_gz_plugins:/home/lzf/ros2_rmf_ws/install/rmf_robot_sim_common:/home/lzf/ros2_rmf_ws/install/rmf_obstacle_msgs:/home/lzf/ros2_rmf_ws/install/rmf_building_sim_gz_plugins:/home/lzf/ros2_rmf_ws/install/rmf_lift_msgs:/home/lzf/ros2_rmf_ws/install/rmf_ingestor_msgs:/home/lzf/ros2_rmf_ws/install/rmf_fleet_msgs:/home/lzf/ros2_rmf_ws/install/rmf_door_msgs:/home/lzf/ros2_rmf_ws/install/rmf_demos_maps:/home/lzf/ros2_rmf_ws/install/rmf_demos_assets:/home/lzf/ros2_rmf_ws/install/rmf_charger_msgs:/home/lzf/ros2_rmf_ws/install/rmf_api_msgs:/home/lzf/ros2_rmf_ws/install/pybind11_json_vendor:/home/lzf/ros2_rmf_ws/install/nlohmann_json_schema_validator_vendor:/home/lzf/ros2_rmf_ws/install/rmf_demos_fleet_adapter:/home/lzf/ros2_rmf_ws/install/rmf_visualization_building_systems:/home/lzf/ros2_rmf_ws/install/rmf_traffic_examples:/home/lzf/ros2_rmf_ws/install/rmf_demos_bridges:/home/lzf/ros2_rmf_ws/install/rmf_demos_tasks:/home/lzf/ros2_rmf_ws/install/rmf_building_map_tools:/home/lzf/ros2_rmf_ws/install/rmf_charging_schedule:/home/lzf/ros2_rmf_ws/install/rmf_dispenser_msgs:/home/lzf/ros2_rmf_ws/install/rmf_building_map_msgs:/home/lzf/ros2_rmf_ws/install/case_study2_pointcloud_viz:/home/lzf/ros2_rmf_ws/install/case_study2_gazebo:/home/lzf/ros2_free_fleet_ws/install/free_fleet:/opt/ros/jazzy:/home/lzf/ros2_rmf_ws/install/menge_vendor:/home/lzf/ros2_rmf_ws/install/ament_cmake_catch2:/home/lzf/ros2_rmf_map_ws/install/rmf_burger_maps:/home/lzf/ros2_free_fleet_ws/install/free_fleet_examples:/home/lzf/ros2_free_fleet_ws/install/free_fleet_adapter:/opt/ros/jazzy/opt/gz_sim_vendor:/opt/ros/jazzy/opt/gz_sensors_vendor:/opt/ros/jazzy/opt/gz_physics_vendor:/opt/ros/jazzy/opt/sdformat_vendor:/opt/ros/jazzy/opt/gz_gui_vendor:/opt/ros/jazzy/opt/gz_transport_vendor:/opt/ros/jazzy/opt/gz_rendering_vendor:/opt/ros/jazzy/opt/gz_plugin_vendor:/opt/ros/jazzy/opt/gz_fuel_tools_vendor:/opt/ros/jazzy/opt/gz_msgs_vendor:/opt/ros/jazzy/opt/gz_common_vendor:/opt/ros/jazzy/opt/gz_math_vendor:/opt/ros/jazzy/opt/gz_utils_vendor:/opt/ros/jazzy/opt/gz_tools_vendor:/opt/ros/jazzy/opt/gz_ogre_next_vendor:/opt/ros/jazzy/opt/gz_dartsim_vendor:/opt/ros/jazzy/opt/gz_cmake_vendor DEBUGINFOD_URLS=https://debuginfod.ubuntu.com LD_LIBRARY_PATH=/home/lzf/chapt9/fishbot_ws/install/micro_ros_msgs/lib:${LD_LIBRARY_PATH} PYTHONPATH=/home/lzf/chapt9/fishbot_ws/install/micro_ros_msgs/lib/python3.12/site-packages:${PYTHONPATH} /usr/bin/cmake --build /home/lzf/chapt9/fishbot_ws/build/micro_ros_agent -- -j28 -l28
[8.660s] DEBUG:colcon.colcon_core.event_handler.log_command:Invoked command in '/home/lzf/chapt9/fishbot_ws/build/micro_ros_agent' returned '0': AMENT_PREFIX_PATH=/home/lzf/chapt9/fishbot_ws/install/micro_ros_msgs:${AMENT_PREFIX_PATH} CMAKE_PREFIX_PATH=/home/lzf/chapt9/fishbot_ws/install/micro_ros_msgs:/home/lzf/ros2_rmf_ws/install/rmf_workcell_msgs:/home/lzf/ros2_rmf_ws/install/rmf_demos_gz:/home/lzf/ros2_rmf_ws/install/rmf_demos:/home/lzf/ros2_rmf_ws/install/rmf_fleet_adapter_python:/home/lzf/ros2_rmf_ws/install/rmf_fleet_adapter:/home/lzf/ros2_rmf_ws/install/rmf_task_ros2:/home/lzf/ros2_rmf_ws/install/rmf_websocket:/home/lzf/ros2_rmf_ws/install/rmf_visualization:/home/lzf/ros2_rmf_ws/install/rmf_visualization_schedule:/home/lzf/ros2_rmf_ws/install/rmf_visualization_rviz2_plugins:/home/lzf/ros2_rmf_ws/install/rmf_visualization_obstacles:/home/lzf/ros2_rmf_ws/install/rmf_visualization_navgraphs:/home/lzf/ros2_rmf_ws/install/rmf_visualization_floorplans:/home/lzf/ros2_rmf_ws/install/rmf_visualization_fleet_states:/home/lzf/ros2_rmf_ws/install/rmf_visualization_msgs:/home/lzf/ros2_rmf_ws/install/rmf_traffic_ros2:/home/lzf/ros2_rmf_ws/install/rmf_task_sequence:/home/lzf/ros2_rmf_ws/install/rmf_task:/home/lzf/ros2_rmf_ws/install/rmf_battery:/home/lzf/ros2_rmf_ws/install/rmf_traffic:/home/lzf/ros2_rmf_ws/install/rmf_utils:/home/lzf/ros2_rmf_ws/install/rmf_traffic_msgs:/home/lzf/ros2_rmf_ws/install/rmf_traffic_editor_test_maps:/home/lzf/ros2_rmf_ws/install/rmf_traffic_editor_assets:/home/lzf/ros2_rmf_ws/install/rmf_traffic_editor:/home/lzf/ros2_rmf_ws/install/rmf_task_msgs:/home/lzf/ros2_rmf_ws/install/rmf_site_map_msgs:/home/lzf/ros2_rmf_ws/install/rmf_scheduler_msgs:/home/lzf/ros2_rmf_ws/install/rmf_robot_sim_gz_plugins:/home/lzf/ros2_rmf_ws/install/rmf_robot_sim_common:/home/lzf/ros2_rmf_ws/install/rmf_obstacle_msgs:/home/lzf/ros2_rmf_ws/install/rmf_building_sim_gz_plugins:/home/lzf/ros2_rmf_ws/install/rmf_lift_msgs:/home/lzf/ros2_rmf_ws/install/rmf_ingestor_msgs:/home/lzf/ros2_rmf_ws/install/rmf_fleet_msgs:/home/lzf/ros2_rmf_ws/install/rmf_door_msgs:/home/lzf/ros2_rmf_ws/install/rmf_demos_maps:/home/lzf/ros2_rmf_ws/install/rmf_demos_assets:/home/lzf/ros2_rmf_ws/install/rmf_charger_msgs:/home/lzf/ros2_rmf_ws/install/rmf_api_msgs:/home/lzf/ros2_rmf_ws/install/pybind11_json_vendor:/home/lzf/ros2_rmf_ws/install/nlohmann_json_schema_validator_vendor:/home/lzf/ros2_rmf_ws/install/rmf_demos_fleet_adapter:/home/lzf/ros2_rmf_ws/install/rmf_visualization_building_systems:/home/lzf/ros2_rmf_ws/install/rmf_traffic_examples:/home/lzf/ros2_rmf_ws/install/rmf_demos_bridges:/home/lzf/ros2_rmf_ws/install/rmf_demos_tasks:/home/lzf/ros2_rmf_ws/install/rmf_building_map_tools:/home/lzf/ros2_rmf_ws/install/rmf_charging_schedule:/home/lzf/ros2_rmf_ws/install/rmf_dispenser_msgs:/home/lzf/ros2_rmf_ws/install/rmf_building_map_msgs:/home/lzf/ros2_rmf_ws/install/case_study2_pointcloud_viz:/home/lzf/ros2_rmf_ws/install/case_study2_gazebo:/home/lzf/ros2_free_fleet_ws/install/free_fleet:/opt/ros/jazzy:/home/lzf/ros2_rmf_ws/install/menge_vendor:/home/lzf/ros2_rmf_ws/install/ament_cmake_catch2:/home/lzf/ros2_rmf_map_ws/install/rmf_burger_maps:/home/lzf/ros2_free_fleet_ws/install/free_fleet_examples:/home/lzf/ros2_free_fleet_ws/install/free_fleet_adapter:/opt/ros/jazzy/opt/gz_sim_vendor:/opt/ros/jazzy/opt/gz_sensors_vendor:/opt/ros/jazzy/opt/gz_physics_vendor:/opt/ros/jazzy/opt/sdformat_vendor:/opt/ros/jazzy/opt/gz_gui_vendor:/opt/ros/jazzy/opt/gz_transport_vendor:/opt/ros/jazzy/opt/gz_rendering_vendor:/opt/ros/jazzy/opt/gz_plugin_vendor:/opt/ros/jazzy/opt/gz_fuel_tools_vendor:/opt/ros/jazzy/opt/gz_msgs_vendor:/opt/ros/jazzy/opt/gz_common_vendor:/opt/ros/jazzy/opt/gz_math_vendor:/opt/ros/jazzy/opt/gz_utils_vendor:/opt/ros/jazzy/opt/gz_tools_vendor:/opt/ros/jazzy/opt/gz_ogre_next_vendor:/opt/ros/jazzy/opt/gz_dartsim_vendor:/opt/ros/jazzy/opt/gz_cmake_vendor DEBUGINFOD_URLS=https://debuginfod.ubuntu.com LD_LIBRARY_PATH=/home/lzf/chapt9/fishbot_ws/install/micro_ros_msgs/lib:${LD_LIBRARY_PATH} PYTHONPATH=/home/lzf/chapt9/fishbot_ws/install/micro_ros_msgs/lib/python3.12/site-packages:${PYTHONPATH} /usr/bin/cmake --build /home/lzf/chapt9/fishbot_ws/build/micro_ros_agent -- -j28 -l28
[8.660s] DEBUG:colcon.colcon_core.event_handler.log_command:Invoking command in '/home/lzf/chapt9/fishbot_ws/build/micro_ros_agent': AMENT_PREFIX_PATH=/home/lzf/chapt9/fishbot_ws/install/micro_ros_msgs:${AMENT_PREFIX_PATH} CMAKE_PREFIX_PATH=/home/lzf/chapt9/fishbot_ws/install/micro_ros_msgs:/home/lzf/ros2_rmf_ws/install/rmf_workcell_msgs:/home/lzf/ros2_rmf_ws/install/rmf_demos_gz:/home/lzf/ros2_rmf_ws/install/rmf_demos:/home/lzf/ros2_rmf_ws/install/rmf_fleet_adapter_python:/home/lzf/ros2_rmf_ws/install/rmf_fleet_adapter:/home/lzf/ros2_rmf_ws/install/rmf_task_ros2:/home/lzf/ros2_rmf_ws/install/rmf_websocket:/home/lzf/ros2_rmf_ws/install/rmf_visualization:/home/lzf/ros2_rmf_ws/install/rmf_visualization_schedule:/home/lzf/ros2_rmf_ws/install/rmf_visualization_rviz2_plugins:/home/lzf/ros2_rmf_ws/install/rmf_visualization_obstacles:/home/lzf/ros2_rmf_ws/install/rmf_visualization_navgraphs:/home/lzf/ros2_rmf_ws/install/rmf_visualization_floorplans:/home/lzf/ros2_rmf_ws/install/rmf_visualization_fleet_states:/home/lzf/ros2_rmf_ws/install/rmf_visualization_msgs:/home/lzf/ros2_rmf_ws/install/rmf_traffic_ros2:/home/lzf/ros2_rmf_ws/install/rmf_task_sequence:/home/lzf/ros2_rmf_ws/install/rmf_task:/home/lzf/ros2_rmf_ws/install/rmf_battery:/home/lzf/ros2_rmf_ws/install/rmf_traffic:/home/lzf/ros2_rmf_ws/install/rmf_utils:/home/lzf/ros2_rmf_ws/install/rmf_traffic_msgs:/home/lzf/ros2_rmf_ws/install/rmf_traffic_editor_test_maps:/home/lzf/ros2_rmf_ws/install/rmf_traffic_editor_assets:/home/lzf/ros2_rmf_ws/install/rmf_traffic_editor:/home/lzf/ros2_rmf_ws/install/rmf_task_msgs:/home/lzf/ros2_rmf_ws/install/rmf_site_map_msgs:/home/lzf/ros2_rmf_ws/install/rmf_scheduler_msgs:/home/lzf/ros2_rmf_ws/install/rmf_robot_sim_gz_plugins:/home/lzf/ros2_rmf_ws/install/rmf_robot_sim_common:/home/lzf/ros2_rmf_ws/install/rmf_obstacle_msgs:/home/lzf/ros2_rmf_ws/install/rmf_building_sim_gz_plugins:/home/lzf/ros2_rmf_ws/install/rmf_lift_msgs:/home/lzf/ros2_rmf_ws/install/rmf_ingestor_msgs:/home/lzf/ros2_rmf_ws/install/rmf_fleet_msgs:/home/lzf/ros2_rmf_ws/install/rmf_door_msgs:/home/lzf/ros2_rmf_ws/install/rmf_demos_maps:/home/lzf/ros2_rmf_ws/install/rmf_demos_assets:/home/lzf/ros2_rmf_ws/install/rmf_charger_msgs:/home/lzf/ros2_rmf_ws/install/rmf_api_msgs:/home/lzf/ros2_rmf_ws/install/pybind11_json_vendor:/home/lzf/ros2_rmf_ws/install/nlohmann_json_schema_validator_vendor:/home/lzf/ros2_rmf_ws/install/rmf_demos_fleet_adapter:/home/lzf/ros2_rmf_ws/install/rmf_visualization_building_systems:/home/lzf/ros2_rmf_ws/install/rmf_traffic_examples:/home/lzf/ros2_rmf_ws/install/rmf_demos_bridges:/home/lzf/ros2_rmf_ws/install/rmf_demos_tasks:/home/lzf/ros2_rmf_ws/install/rmf_building_map_tools:/home/lzf/ros2_rmf_ws/install/rmf_charging_schedule:/home/lzf/ros2_rmf_ws/install/rmf_dispenser_msgs:/home/lzf/ros2_rmf_ws/install/rmf_building_map_msgs:/home/lzf/ros2_rmf_ws/install/case_study2_pointcloud_viz:/home/lzf/ros2_rmf_ws/install/case_study2_gazebo:/home/lzf/ros2_free_fleet_ws/install/free_fleet:/opt/ros/jazzy:/home/lzf/ros2_rmf_ws/install/menge_vendor:/home/lzf/ros2_rmf_ws/install/ament_cmake_catch2:/home/lzf/ros2_rmf_map_ws/install/rmf_burger_maps:/home/lzf/ros2_free_fleet_ws/install/free_fleet_examples:/home/lzf/ros2_free_fleet_ws/install/free_fleet_adapter:/opt/ros/jazzy/opt/gz_sim_vendor:/opt/ros/jazzy/opt/gz_sensors_vendor:/opt/ros/jazzy/opt/gz_physics_vendor:/opt/ros/jazzy/opt/sdformat_vendor:/opt/ros/jazzy/opt/gz_gui_vendor:/opt/ros/jazzy/opt/gz_transport_vendor:/opt/ros/jazzy/opt/gz_rendering_vendor:/opt/ros/jazzy/opt/gz_plugin_vendor:/opt/ros/jazzy/opt/gz_fuel_tools_vendor:/opt/ros/jazzy/opt/gz_msgs_vendor:/opt/ros/jazzy/opt/gz_common_vendor:/opt/ros/jazzy/opt/gz_math_vendor:/opt/ros/jazzy/opt/gz_utils_vendor:/opt/ros/jazzy/opt/gz_tools_vendor:/opt/ros/jazzy/opt/gz_ogre_next_vendor:/opt/ros/jazzy/opt/gz_dartsim_vendor:/opt/ros/jazzy/opt/gz_cmake_vendor DEBUGINFOD_URLS=https://debuginfod.ubuntu.com LD_LIBRARY_PATH=/home/lzf/chapt9/fishbot_ws/install/micro_ros_msgs/lib:${LD_LIBRARY_PATH} PYTHONPATH=/home/lzf/chapt9/fishbot_ws/install/micro_ros_msgs/lib/python3.12/site-packages:${PYTHONPATH} /usr/bin/cmake --install /home/lzf/chapt9/fishbot_ws/build/micro_ros_agent
[8.667s] Level 1:colcon.colcon_core.environment:create_environment_scripts_only(micro_ros_agent)
[8.667s] Level 1:colcon.colcon_core.environment:checking '/home/lzf/chapt9/fishbot_ws/install/micro_ros_agent' for CMake module files
[8.667s] DEBUG:colcon.colcon_core.event_handler.log_command:Invoked command in '/home/lzf/chapt9/fishbot_ws/build/micro_ros_agent' returned '0': AMENT_PREFIX_PATH=/home/lzf/chapt9/fishbot_ws/install/micro_ros_msgs:${AMENT_PREFIX_PATH} CMAKE_PREFIX_PATH=/home/lzf/chapt9/fishbot_ws/install/micro_ros_msgs:/home/lzf/ros2_rmf_ws/install/rmf_workcell_msgs:/home/lzf/ros2_rmf_ws/install/rmf_demos_gz:/home/lzf/ros2_rmf_ws/install/rmf_demos:/home/lzf/ros2_rmf_ws/install/rmf_fleet_adapter_python:/home/lzf/ros2_rmf_ws/install/rmf_fleet_adapter:/home/lzf/ros2_rmf_ws/install/rmf_task_ros2:/home/lzf/ros2_rmf_ws/install/rmf_websocket:/home/lzf/ros2_rmf_ws/install/rmf_visualization:/home/lzf/ros2_rmf_ws/install/rmf_visualization_schedule:/home/lzf/ros2_rmf_ws/install/rmf_visualization_rviz2_plugins:/home/lzf/ros2_rmf_ws/install/rmf_visualization_obstacles:/home/lzf/ros2_rmf_ws/install/rmf_visualization_navgraphs:/home/lzf/ros2_rmf_ws/install/rmf_visualization_floorplans:/home/lzf/ros2_rmf_ws/install/rmf_visualization_fleet_states:/home/lzf/ros2_rmf_ws/install/rmf_visualization_msgs:/home/lzf/ros2_rmf_ws/install/rmf_traffic_ros2:/home/lzf/ros2_rmf_ws/install/rmf_task_sequence:/home/lzf/ros2_rmf_ws/install/rmf_task:/home/lzf/ros2_rmf_ws/install/rmf_battery:/home/lzf/ros2_rmf_ws/install/rmf_traffic:/home/lzf/ros2_rmf_ws/install/rmf_utils:/home/lzf/ros2_rmf_ws/install/rmf_traffic_msgs:/home/lzf/ros2_rmf_ws/install/rmf_traffic_editor_test_maps:/home/lzf/ros2_rmf_ws/install/rmf_traffic_editor_assets:/home/lzf/ros2_rmf_ws/install/rmf_traffic_editor:/home/lzf/ros2_rmf_ws/install/rmf_task_msgs:/home/lzf/ros2_rmf_ws/install/rmf_site_map_msgs:/home/lzf/ros2_rmf_ws/install/rmf_scheduler_msgs:/home/lzf/ros2_rmf_ws/install/rmf_robot_sim_gz_plugins:/home/lzf/ros2_rmf_ws/install/rmf_robot_sim_common:/home/lzf/ros2_rmf_ws/install/rmf_obstacle_msgs:/home/lzf/ros2_rmf_ws/install/rmf_building_sim_gz_plugins:/home/lzf/ros2_rmf_ws/install/rmf_lift_msgs:/home/lzf/ros2_rmf_ws/install/rmf_ingestor_msgs:/home/lzf/ros2_rmf_ws/install/rmf_fleet_msgs:/home/lzf/ros2_rmf_ws/install/rmf_door_msgs:/home/lzf/ros2_rmf_ws/install/rmf_demos_maps:/home/lzf/ros2_rmf_ws/install/rmf_demos_assets:/home/lzf/ros2_rmf_ws/install/rmf_charger_msgs:/home/lzf/ros2_rmf_ws/install/rmf_api_msgs:/home/lzf/ros2_rmf_ws/install/pybind11_json_vendor:/home/lzf/ros2_rmf_ws/install/nlohmann_json_schema_validator_vendor:/home/lzf/ros2_rmf_ws/install/rmf_demos_fleet_adapter:/home/lzf/ros2_rmf_ws/install/rmf_visualization_building_systems:/home/lzf/ros2_rmf_ws/install/rmf_traffic_examples:/home/lzf/ros2_rmf_ws/install/rmf_demos_bridges:/home/lzf/ros2_rmf_ws/install/rmf_demos_tasks:/home/lzf/ros2_rmf_ws/install/rmf_building_map_tools:/home/lzf/ros2_rmf_ws/install/rmf_charging_schedule:/home/lzf/ros2_rmf_ws/install/rmf_dispenser_msgs:/home/lzf/ros2_rmf_ws/install/rmf_building_map_msgs:/home/lzf/ros2_rmf_ws/install/case_study2_pointcloud_viz:/home/lzf/ros2_rmf_ws/install/case_study2_gazebo:/home/lzf/ros2_free_fleet_ws/install/free_fleet:/opt/ros/jazzy:/home/lzf/ros2_rmf_ws/install/menge_vendor:/home/lzf/ros2_rmf_ws/install/ament_cmake_catch2:/home/lzf/ros2_rmf_map_ws/install/rmf_burger_maps:/home/lzf/ros2_free_fleet_ws/install/free_fleet_examples:/home/lzf/ros2_free_fleet_ws/install/free_fleet_adapter:/opt/ros/jazzy/opt/gz_sim_vendor:/opt/ros/jazzy/opt/gz_sensors_vendor:/opt/ros/jazzy/opt/gz_physics_vendor:/opt/ros/jazzy/opt/sdformat_vendor:/opt/ros/jazzy/opt/gz_gui_vendor:/opt/ros/jazzy/opt/gz_transport_vendor:/opt/ros/jazzy/opt/gz_rendering_vendor:/opt/ros/jazzy/opt/gz_plugin_vendor:/opt/ros/jazzy/opt/gz_fuel_tools_vendor:/opt/ros/jazzy/opt/gz_msgs_vendor:/opt/ros/jazzy/opt/gz_common_vendor:/opt/ros/jazzy/opt/gz_math_vendor:/opt/ros/jazzy/opt/gz_utils_vendor:/opt/ros/jazzy/opt/gz_tools_vendor:/opt/ros/jazzy/opt/gz_ogre_next_vendor:/opt/ros/jazzy/opt/gz_dartsim_vendor:/opt/ros/jazzy/opt/gz_cmake_vendor DEBUGINFOD_URLS=https://debuginfod.ubuntu.com LD_LIBRARY_PATH=/home/lzf/chapt9/fishbot_ws/install/micro_ros_msgs/lib:${LD_LIBRARY_PATH} PYTHONPATH=/home/lzf/chapt9/fishbot_ws/install/micro_ros_msgs/lib/python3.12/site-packages:${PYTHONPATH} /usr/bin/cmake --install /home/lzf/chapt9/fishbot_ws/build/micro_ros_agent
[8.667s] Level 1:colcon.colcon_core.environment:checking '/home/lzf/chapt9/fishbot_ws/install/micro_ros_agent' for CMake config files
[8.667s] Level 1:colcon.colcon_core.shell:create_environment_hook('micro_ros_agent', 'cmake_prefix_path')
[8.667s] INFO:colcon.colcon_core.shell:Creating environment hook '/home/lzf/chapt9/fishbot_ws/install/micro_ros_agent/share/micro_ros_agent/hook/cmake_prefix_path.ps1'
[8.667s] INFO:colcon.colcon_core.shell:Creating environment descriptor '/home/lzf/chapt9/fishbot_ws/install/micro_ros_agent/share/micro_ros_agent/hook/cmake_prefix_path.dsv'
[8.668s] INFO:colcon.colcon_core.shell:Creating environment hook '/home/lzf/chapt9/fishbot_ws/install/micro_ros_agent/share/micro_ros_agent/hook/cmake_prefix_path.sh'
[8.668s] Level 1:colcon.colcon_core.environment:checking '/home/lzf/chapt9/fishbot_ws/install/micro_ros_agent/lib'
[8.668s] Level 1:colcon.colcon_core.shell:create_environment_hook('micro_ros_agent', 'ld_library_path_lib')
[8.668s] INFO:colcon.colcon_core.shell:Creating environment hook '/home/lzf/chapt9/fishbot_ws/install/micro_ros_agent/share/micro_ros_agent/hook/ld_library_path_lib.ps1'
[8.668s] INFO:colcon.colcon_core.shell:Creating environment descriptor '/home/lzf/chapt9/fishbot_ws/install/micro_ros_agent/share/micro_ros_agent/hook/ld_library_path_lib.dsv'
[8.668s] INFO:colcon.colcon_core.shell:Creating environment hook '/home/lzf/chapt9/fishbot_ws/install/micro_ros_agent/share/micro_ros_agent/hook/ld_library_path_lib.sh'
[8.668s] Level 1:colcon.colcon_core.environment:checking '/home/lzf/chapt9/fishbot_ws/install/micro_ros_agent/bin'
[8.668s] Level 1:colcon.colcon_core.environment:checking '/home/lzf/chapt9/fishbot_ws/install/micro_ros_agent/lib/pkgconfig/micro_ros_agent.pc'
[8.668s] Level 1:colcon.colcon_core.environment:checking '/home/lzf/chapt9/fishbot_ws/install/micro_ros_agent/lib/python3.12/site-packages'
[8.669s] Level 1:colcon.colcon_core.environment:checking '/home/lzf/chapt9/fishbot_ws/install/micro_ros_agent/bin'
[8.669s] INFO:colcon.colcon_core.shell:Creating package script '/home/lzf/chapt9/fishbot_ws/install/micro_ros_agent/share/micro_ros_agent/package.ps1'
[8.669s] INFO:colcon.colcon_core.shell:Creating package descriptor '/home/lzf/chapt9/fishbot_ws/install/micro_ros_agent/share/micro_ros_agent/package.dsv'
[8.669s] INFO:colcon.colcon_core.shell:Creating package script '/home/lzf/chapt9/fishbot_ws/install/micro_ros_agent/share/micro_ros_agent/package.sh'
[8.669s] INFO:colcon.colcon_core.shell:Creating package script '/home/lzf/chapt9/fishbot_ws/install/micro_ros_agent/share/micro_ros_agent/package.bash'
[8.669s] INFO:colcon.colcon_core.shell:Creating package script '/home/lzf/chapt9/fishbot_ws/install/micro_ros_agent/share/micro_ros_agent/package.zsh'
[8.669s] Level 1:colcon.colcon_core.environment:create_file_with_runtime_dependencies(/home/lzf/chapt9/fishbot_ws/install/micro_ros_agent/share/colcon-core/packages/micro_ros_agent)
[8.670s] Level 1:colcon.colcon_core.environment:create_environment_scripts_only(micro_ros_agent)
[8.670s] Level 1:colcon.colcon_core.environment:checking '/home/lzf/chapt9/fishbot_ws/install/micro_ros_agent' for CMake module files
[8.670s] Level 1:colcon.colcon_core.environment:checking '/home/lzf/chapt9/fishbot_ws/install/micro_ros_agent' for CMake config files
[8.670s] Level 1:colcon.colcon_core.shell:create_environment_hook('micro_ros_agent', 'cmake_prefix_path')
[8.670s] INFO:colcon.colcon_core.shell:Creating environment hook '/home/lzf/chapt9/fishbot_ws/install/micro_ros_agent/share/micro_ros_agent/hook/cmake_prefix_path.ps1'
[8.670s] INFO:colcon.colcon_core.shell:Creating environment descriptor '/home/lzf/chapt9/fishbot_ws/install/micro_ros_agent/share/micro_ros_agent/hook/cmake_prefix_path.dsv'
[8.670s] INFO:colcon.colcon_core.shell:Creating environment hook '/home/lzf/chapt9/fishbot_ws/install/micro_ros_agent/share/micro_ros_agent/hook/cmake_prefix_path.sh'
[8.671s] Level 1:colcon.colcon_core.environment:checking '/home/lzf/chapt9/fishbot_ws/install/micro_ros_agent/lib'
[8.671s] Level 1:colcon.colcon_core.shell:create_environment_hook('micro_ros_agent', 'ld_library_path_lib')
[8.671s] INFO:colcon.colcon_core.shell:Creating environment hook '/home/lzf/chapt9/fishbot_ws/install/micro_ros_agent/share/micro_ros_agent/hook/ld_library_path_lib.ps1'
[8.671s] INFO:colcon.colcon_core.shell:Creating environment descriptor '/home/lzf/chapt9/fishbot_ws/install/micro_ros_agent/share/micro_ros_agent/hook/ld_library_path_lib.dsv'
[8.671s] INFO:colcon.colcon_core.shell:Creating environment hook '/home/lzf/chapt9/fishbot_ws/install/micro_ros_agent/share/micro_ros_agent/hook/ld_library_path_lib.sh'
[8.671s] Level 1:colcon.colcon_core.environment:checking '/home/lzf/chapt9/fishbot_ws/install/micro_ros_agent/bin'
[8.671s] Level 1:colcon.colcon_core.environment:checking '/home/lzf/chapt9/fishbot_ws/install/micro_ros_agent/lib/pkgconfig/micro_ros_agent.pc'
[8.671s] Level 1:colcon.colcon_core.environment:checking '/home/lzf/chapt9/fishbot_ws/install/micro_ros_agent/lib/python3.12/site-packages'
[8.671s] Level 1:colcon.colcon_core.environment:checking '/home/lzf/chapt9/fishbot_ws/install/micro_ros_agent/bin'
[8.671s] INFO:colcon.colcon_core.shell:Creating package script '/home/lzf/chapt9/fishbot_ws/install/micro_ros_agent/share/micro_ros_agent/package.ps1'
[8.672s] INFO:colcon.colcon_core.shell:Creating package descriptor '/home/lzf/chapt9/fishbot_ws/install/micro_ros_agent/share/micro_ros_agent/package.dsv'
[8.672s] INFO:colcon.colcon_core.shell:Creating package script '/home/lzf/chapt9/fishbot_ws/install/micro_ros_agent/share/micro_ros_agent/package.sh'
[8.672s] INFO:colcon.colcon_core.shell:Creating package script '/home/lzf/chapt9/fishbot_ws/install/micro_ros_agent/share/micro_ros_agent/package.bash'
[8.672s] INFO:colcon.colcon_core.shell:Creating package script '/home/lzf/chapt9/fishbot_ws/install/micro_ros_agent/share/micro_ros_agent/package.zsh'
[8.672s] Level 1:colcon.colcon_core.environment:create_file_with_runtime_dependencies(/home/lzf/chapt9/fishbot_ws/install/micro_ros_agent/share/colcon-core/packages/micro_ros_agent)
[8.672s] DEBUG:colcon.colcon_parallel_executor.executor.parallel:closing loop
[8.672s] DEBUG:colcon.colcon_ros_domain_id_coordinator.shell.ros_domain_id:Released ROS_DOMAIN_ID=227 for '/home/lzf/chapt9/fishbot_ws/build/micro_ros_agent'
[8.673s] DEBUG:colcon.colcon_parallel_executor.executor.parallel:loop closed
[8.673s] DEBUG:colcon.colcon_parallel_executor.executor.parallel:run_until_complete finished with '0'
[8.673s] DEBUG:colcon.colcon_core.event_reactor:joining thread
[8.675s] INFO:colcon.colcon_core.plugin_system:Skipping extension 'colcon_notification.desktop_notification.terminal_notifier': Not used on non-Darwin systems
[8.675s] INFO:colcon.colcon_core.plugin_system:Skipping extension 'colcon_notification.desktop_notification.win32': Not used on non-Windows systems
[8.675s] INFO:colcon.colcon_notification.desktop_notification:Sending desktop notification using 'notify2'
[8.681s] DEBUG:colcon.colcon_core.event_reactor:joined thread
[8.681s] INFO:colcon.colcon_core.shell:Creating prefix script '/home/lzf/chapt9/fishbot_ws/install/local_setup.ps1'
[8.681s] INFO:colcon.colcon_core.shell:Creating prefix util module '/home/lzf/chapt9/fishbot_ws/install/_local_setup_util_ps1.py'
[8.682s] INFO:colcon.colcon_core.shell:Creating prefix chain script '/home/lzf/chapt9/fishbot_ws/install/setup.ps1'
[8.683s] INFO:colcon.colcon_core.shell:Creating prefix script '/home/lzf/chapt9/fishbot_ws/install/local_setup.sh'
[8.683s] INFO:colcon.colcon_core.shell:Creating prefix util module '/home/lzf/chapt9/fishbot_ws/install/_local_setup_util_sh.py'
[8.683s] INFO:colcon.colcon_core.shell:Creating prefix chain script '/home/lzf/chapt9/fishbot_ws/install/setup.sh'
[8.684s] INFO:colcon.colcon_core.shell:Creating prefix script '/home/lzf/chapt9/fishbot_ws/install/local_setup.bash'
[8.685s] INFO:colcon.colcon_core.shell:Creating prefix chain script '/home/lzf/chapt9/fishbot_ws/install/setup.bash'
[8.686s] INFO:colcon.colcon_core.shell:Creating prefix script '/home/lzf/chapt9/fishbot_ws/install/local_setup.zsh'
[8.686s] INFO:colcon.colcon_core.shell:Creating prefix chain script '/home/lzf/chapt9/fishbot_ws/install/setup.zsh'
[8.687s] INFO:colcon.colcon_core.shell:Creating '/home/lzf/chapt9/fishbot_ws/install/spawn_shell.bash'
